2020-09-25 09:35:00,185 - root - INFO - 测试用例：添加课程
2020-09-25 09:35:32,920 - root - INFO - 鼠标点击，元素类型 link_text ,属性值 教学管理 
2020-09-25 09:35:33,035 - root - INFO - 鼠标点击，元素类型 link_text ,属性值 课程表 
2020-09-25 09:35:34,211 - root - INFO - 切换iframe，元素类型 name ,属性值 content 
2020-09-25 09:38:19,173 - root - INFO - 测试用例：添加课程
2020-09-25 09:38:24,194 - root - INFO - 鼠标点击，元素类型 link_text ,属性值 教学管理 
2020-09-25 09:38:24,343 - root - INFO - 鼠标点击，元素类型 link_text ,属性值 课程表 
2020-09-25 09:38:25,415 - root - INFO - 切换iframe，元素类型 name ,属性值 content 
2020-09-25 09:41:58,375 - root - INFO - 测试用例：添加课程
2020-09-25 09:42:07,400 - root - INFO - 鼠标点击，元素类型 link_text ,属性值 教学管理 
2020-09-25 09:42:07,519 - root - INFO - 鼠标点击，元素类型 link_text ,属性值 课程表 
2020-09-25 09:42:08,711 - root - INFO - 切换iframe，元素类型 name ,属性值 content 
2020-09-25 09:42:10,319 - root - INFO - 鼠标点击，元素类型 id ,属性值 btnAppSave 
2020-09-25 09:44:31,725 - root - INFO - 测试用例：添加课程
2020-09-25 09:44:39,387 - root - INFO - 鼠标点击，元素类型 link_text ,属性值 教学管理 
2020-09-25 09:44:39,515 - root - INFO - 鼠标点击，元素类型 link_text ,属性值 课程表 
2020-09-25 09:44:40,895 - root - INFO - 切换iframe，元素类型 name ,属性值 content 
2020-09-25 09:59:49,633 - root - INFO - 测试用例：添加课程
2020-09-25 09:59:54,908 - root - INFO - 鼠标点击，元素类型 link_text ,属性值 教学管理 
2020-09-25 09:59:55,028 - root - INFO - 鼠标点击，元素类型 link_text ,属性值 课程表 
2020-09-25 09:59:56,119 - root - INFO - 切换iframe，元素类型 name ,属性值 content 
2020-09-25 10:00:38,520 - root - INFO - 测试用例：添加课程
2020-09-25 10:00:46,048 - root - INFO - 鼠标点击，元素类型 link_text ,属性值 教学管理 
2020-09-25 10:00:46,183 - root - INFO - 鼠标点击，元素类型 link_text ,属性值 课程表 
2020-09-25 10:00:47,393 - root - INFO - 切换iframe，元素类型 name ,属性值 content 
2020-09-25 10:00:49,016 - root - INFO - 鼠标点击，元素类型 id ,属性值 btnAppSave 
2020-09-25 10:01:26,398 - root - INFO - 测试用例：添加课程
2020-09-25 10:01:34,209 - root - INFO - 鼠标点击，元素类型 link_text ,属性值 教学管理 
2020-09-25 10:01:34,384 - root - INFO - 鼠标点击，元素类型 link_text ,属性值 课程表 
2020-09-25 10:01:35,649 - root - INFO - 切换iframe，元素类型 name ,属性值 content 
2020-09-25 10:19:48,566 - root - INFO - 测试用例：添加课程
2020-09-25 10:19:53,633 - root - INFO - 鼠标点击，元素类型 link_text ,属性值 教学管理 
2020-09-25 10:19:53,761 - root - INFO - 鼠标点击，元素类型 link_text ,属性值 课程表 
2020-09-25 10:19:54,752 - root - INFO - 切换iframe，元素类型 name ,属性值 content 
2020-09-25 10:20:59,502 - root - INFO - 测试用例：添加课程
2020-09-25 10:21:09,693 - root - INFO - 鼠标点击，元素类型 link_text ,属性值 教学管理 
2020-09-25 10:21:09,823 - root - INFO - 鼠标点击，元素类型 link_text ,属性值 课程表 
2020-09-25 10:21:10,781 - root - INFO - 切换iframe，元素类型 name ,属性值 content 
2020-09-25 10:21:11,761 - root - INFO - 鼠标点击，元素类型 id ,属性值 btnAppSave 
2020-09-25 10:35:15,703 - root - INFO - 测试用例：添加课程
2020-09-25 10:35:20,628 - root - INFO - 鼠标点击，元素类型 link_text ,属性值 教学管理 
2020-09-25 10:35:20,762 - root - INFO - 鼠标点击，元素类型 link_text ,属性值 课程表 
2020-09-25 10:35:21,998 - root - INFO - 切换iframe，元素类型 name ,属性值 content 
2020-09-25 10:39:47,397 - root - INFO - 测试用例：添加课程
2020-09-25 10:39:51,897 - root - INFO - 鼠标点击，元素类型 link_text ,属性值 教学管理 
2020-09-25 10:39:51,999 - root - INFO - 鼠标点击，元素类型 link_text ,属性值 课程表 
2020-09-25 10:39:53,176 - root - INFO - 切换iframe，元素类型 name ,属性值 content 
2020-09-25 10:42:25,966 - root - INFO - 测试用例：添加课程
2020-09-25 10:42:40,576 - root - INFO - 鼠标点击，元素类型 link_text ,属性值 教学管理 
2020-09-25 10:42:40,703 - root - INFO - 鼠标点击，元素类型 link_text ,属性值 课程表 
2020-09-25 10:42:41,675 - root - INFO - 切换iframe，元素类型 name ,属性值 content 
2020-09-25 10:43:29,286 - root - INFO - 测试用例：添加课程
2020-09-25 10:43:38,894 - root - INFO - 鼠标点击，元素类型 link_text ,属性值 教学管理 
2020-09-25 10:43:39,006 - root - INFO - 鼠标点击，元素类型 link_text ,属性值 课程表 
2020-09-25 10:43:40,041 - root - INFO - 切换iframe，元素类型 name ,属性值 content 
2020-09-25 10:44:19,100 - root - INFO - 测试用例：添加课程
2020-09-25 10:44:24,035 - root - INFO - 鼠标点击，元素类型 link_text ,属性值 教学管理 
2020-09-25 10:44:24,179 - root - INFO - 鼠标点击，元素类型 link_text ,属性值 课程表 
2020-09-25 10:44:25,254 - root - INFO - 切换iframe，元素类型 name ,属性值 content 
2020-09-25 10:45:44,706 - root - INFO - 测试用例：添加课程
2020-09-25 10:45:51,807 - root - INFO - 鼠标点击，元素类型 link_text ,属性值 教学管理 
2020-09-25 10:45:51,943 - root - INFO - 鼠标点击，元素类型 link_text ,属性值 课程表 
2020-09-25 10:45:53,041 - root - INFO - 切换iframe，元素类型 name ,属性值 content 
2020-09-25 11:04:44,637 - root - INFO - 测试用例：添加课程
2020-09-25 11:04:49,856 - root - INFO - 鼠标点击，元素类型 link_text ,属性值 教学管理 
2020-09-25 11:04:50,059 - root - INFO - 鼠标点击，元素类型 link_text ,属性值 课程表 
2020-09-25 11:04:51,368 - root - INFO - 切换iframe，元素类型 name ,属性值 content 
2020-09-25 11:06:00,557 - root - INFO - 测试用例：添加课程
2020-09-25 11:06:08,525 - root - INFO - 鼠标点击，元素类型 link_text ,属性值 教学管理 
2020-09-25 11:06:08,769 - root - INFO - 鼠标点击，元素类型 link_text ,属性值 课程表 
2020-09-25 11:06:10,202 - root - INFO - 切换iframe，元素类型 name ,属性值 content 
2020-09-25 11:26:23,959 - root - INFO - 测试用例：添加课程
2020-09-25 11:26:28,530 - root - INFO - 鼠标点击，元素类型 link_text ,属性值 教学管理 
2020-09-25 11:26:28,670 - root - INFO - 鼠标点击，元素类型 link_text ,属性值 课程表 
2020-09-25 11:26:30,020 - root - INFO - 切换iframe，元素类型 name ,属性值 content 
2020-09-25 11:33:33,795 - root - INFO - 测试用例：添加课程
2020-09-25 11:33:42,539 - root - INFO - 鼠标点击，元素类型 link_text ,属性值 教学管理 
2020-09-25 11:33:42,656 - root - INFO - 鼠标点击，元素类型 link_text ,属性值 课程表 
2020-09-25 11:33:43,828 - root - INFO - 切换iframe，元素类型 name ,属性值 content 
2020-09-25 11:36:32,420 - root - INFO - 测试用例：添加课程
2020-09-25 11:36:42,194 - root - INFO - 鼠标点击，元素类型 link_text ,属性值 教学管理 
2020-09-25 11:36:42,338 - root - INFO - 鼠标点击，元素类型 link_text ,属性值 课程表 
2020-09-25 11:36:43,470 - root - INFO - 切换iframe，元素类型 name ,属性值 content 
2020-09-25 11:41:33,013 - root - INFO - 测试用例：添加课程
2020-09-25 11:41:45,595 - root - INFO - 鼠标点击，元素类型 link_text ,属性值 教学管理 
2020-09-25 11:41:45,712 - root - INFO - 鼠标点击，元素类型 link_text ,属性值 课程表 
2020-09-25 11:41:46,841 - root - INFO - 切换iframe，元素类型 name ,属性值 content 
2020-09-25 11:42:03,155 - root - INFO - 测试用例：添加课程
2020-09-25 11:42:10,045 - root - INFO - 鼠标点击，元素类型 link_text ,属性值 教学管理 
2020-09-25 11:42:10,184 - root - INFO - 鼠标点击，元素类型 link_text ,属性值 课程表 
2020-09-25 11:42:11,370 - root - INFO - 切换iframe，元素类型 name ,属性值 content 
2020-09-25 11:56:43,551 - root - INFO - 测试用例：添加课程
2020-09-25 11:56:48,095 - root - INFO - 鼠标点击，元素类型 link_text ,属性值 教学管理 
2020-09-25 11:56:48,204 - root - INFO - 鼠标点击，元素类型 link_text ,属性值 课程表 
2020-09-25 11:56:49,478 - root - INFO - 切换iframe，元素类型 name ,属性值 content 
2020-09-25 12:28:39,849 - root - INFO - 测试用例：添加课程
2020-09-25 12:28:45,571 - root - INFO - 鼠标点击，元素类型 link_text ,属性值 教学管理 
2020-09-25 12:28:45,696 - root - INFO - 鼠标点击，元素类型 link_text ,属性值 课程表 
2020-09-25 12:28:46,835 - root - INFO - 切换iframe，元素类型 name ,属性值 content 
2020-09-25 12:28:50,910 - root - INFO - 鼠标点击，元素类型 xpath ,属性值 //*[@id="form1"]/table/tbody/tr/td[2]/table[1]/tbody/tr/td/img 
2020-09-25 13:55:01,176 - root - INFO - 测试用例：添加课程
2020-09-25 13:55:09,541 - root - INFO - 鼠标点击，元素类型 link_text ,属性值 教学管理 
2020-09-25 13:55:09,663 - root - INFO - 鼠标点击，元素类型 link_text ,属性值 课程表 
2020-09-25 13:55:10,887 - root - INFO - 切换iframe，元素类型 name ,属性值 content 
2020-09-25 13:56:02,111 - root - INFO - 测试用例：添加课程
2020-09-25 13:56:08,704 - root - INFO - 鼠标点击，元素类型 link_text ,属性值 教学管理 
2020-09-25 13:56:08,825 - root - INFO - 鼠标点击，元素类型 link_text ,属性值 课程表 
2020-09-25 13:56:10,057 - root - INFO - 切换iframe，元素类型 name ,属性值 content 
2020-09-25 13:58:56,379 - root - INFO - 测试用例：添加课程
2020-09-25 13:59:06,079 - root - INFO - 鼠标点击，元素类型 link_text ,属性值 教学管理 
2020-09-25 13:59:06,193 - root - INFO - 鼠标点击，元素类型 link_text ,属性值 课程表 
2020-09-25 13:59:07,367 - root - INFO - 切换iframe，元素类型 name ,属性值 content 
2020-09-25 13:59:11,382 - root - INFO - 鼠标点击，元素类型 class_name ,属性值 list_td 
2020-09-25 14:00:23,081 - root - INFO - 测试用例：添加课程
2020-09-25 14:00:27,657 - root - INFO - 鼠标点击，元素类型 link_text ,属性值 教学管理 
2020-09-25 14:00:27,788 - root - INFO - 鼠标点击，元素类型 link_text ,属性值 课程表 
2020-09-25 14:00:29,309 - root - INFO - 切换iframe，元素类型 name ,属性值 content 
2020-09-25 14:00:49,566 - root - INFO - 测试用例：添加课程
2020-09-25 14:00:53,517 - root - INFO - 鼠标点击，元素类型 link_text ,属性值 教学管理 
2020-09-25 14:00:53,696 - root - INFO - 鼠标点击，元素类型 link_text ,属性值 课程表 
2020-09-25 14:00:55,422 - root - INFO - 切换iframe，元素类型 name ,属性值 content 
2020-09-25 14:03:22,044 - root - INFO - 测试用例：添加课程
2020-09-25 14:03:26,490 - root - INFO - 鼠标点击，元素类型 link_text ,属性值 教学管理 
2020-09-25 14:03:26,602 - root - INFO - 鼠标点击，元素类型 link_text ,属性值 课程表 
2020-09-25 14:03:27,786 - root - INFO - 切换iframe，元素类型 name ,属性值 content 
2020-09-25 14:10:33,594 - root - INFO - 测试用例：添加课程
2020-09-25 14:10:50,367 - root - INFO - 鼠标点击，元素类型 link_text ,属性值 教学管理 
2020-09-25 14:10:50,483 - root - INFO - 鼠标点击，元素类型 link_text ,属性值 课程表 
2020-09-25 14:10:51,485 - root - INFO - 切换iframe，元素类型 name ,属性值 content 
2020-09-25 14:13:27,130 - root - INFO - 测试用例：添加课程
2020-09-25 14:13:37,910 - root - INFO - 鼠标点击，元素类型 link_text ,属性值 教学管理 
2020-09-25 14:13:38,044 - root - INFO - 鼠标点击，元素类型 link_text ,属性值 课程表 
2020-09-25 14:13:39,014 - root - INFO - 切换iframe，元素类型 name ,属性值 content 
2020-09-25 14:15:24,929 - root - INFO - 测试用例：添加课程
2020-09-25 14:15:29,488 - root - INFO - 鼠标点击，元素类型 link_text ,属性值 教学管理 
2020-09-25 14:15:29,720 - root - INFO - 鼠标点击，元素类型 link_text ,属性值 课程表 
2020-09-25 14:15:31,182 - root - INFO - 切换iframe，元素类型 name ,属性值 content 
2020-09-25 14:23:25,901 - root - INFO - 测试用例：添加课程
2020-09-25 14:23:32,651 - root - INFO - 鼠标点击，元素类型 link_text ,属性值 教学管理 
2020-09-25 14:23:32,786 - root - INFO - 鼠标点击，元素类型 link_text ,属性值 课程表 
2020-09-25 14:23:33,990 - root - INFO - 切换iframe，元素类型 name ,属性值 content 
2020-09-25 14:27:13,396 - root - INFO - 测试用例：添加课程
2020-09-25 14:27:18,510 - root - INFO - 鼠标点击，元素类型 link_text ,属性值 教学管理 
2020-09-25 14:27:18,667 - root - INFO - 鼠标点击，元素类型 link_text ,属性值 课程表 
2020-09-25 14:27:19,792 - root - INFO - 切换iframe，元素类型 name ,属性值 content 
2020-09-25 14:30:54,669 - root - INFO - 测试用例：添加课程
2020-09-25 14:30:59,277 - root - INFO - 鼠标点击，元素类型 link_text ,属性值 教学管理 
2020-09-25 14:30:59,384 - root - INFO - 鼠标点击，元素类型 link_text ,属性值 课程表 
2020-09-25 14:31:00,462 - root - INFO - 切换iframe，元素类型 name ,属性值 content 
2020-09-25 14:32:58,420 - root - INFO - 测试用例：添加课程
2020-09-25 14:33:07,288 - root - INFO - 鼠标点击，元素类型 link_text ,属性值 教学管理 
2020-09-25 14:33:07,404 - root - INFO - 鼠标点击，元素类型 link_text ,属性值 课程表 
2020-09-25 14:33:08,382 - root - INFO - 切换iframe，元素类型 name ,属性值 content 
2020-09-25 14:40:34,559 - root - INFO - 测试用例：添加课程
2020-09-25 14:40:44,698 - root - INFO - 鼠标点击，元素类型 link_text ,属性值 教学管理 
2020-09-25 14:40:44,858 - root - INFO - 鼠标点击，元素类型 link_text ,属性值 课程表 
2020-09-25 14:40:46,003 - root - INFO - 切换iframe，元素类型 name ,属性值 content 
2020-09-25 14:43:38,602 - root - INFO - 测试用例：添加课程
2020-09-25 14:43:46,136 - root - INFO - 鼠标点击，元素类型 link_text ,属性值 教学管理 
2020-09-25 14:43:46,247 - root - INFO - 鼠标点击，元素类型 link_text ,属性值 课程表 
2020-09-25 14:43:47,393 - root - INFO - 切换iframe，元素类型 name ,属性值 content 
2020-09-25 14:44:51,758 - root - INFO - 测试用例：添加课程
2020-09-25 14:44:56,173 - root - INFO - 鼠标点击，元素类型 link_text ,属性值 教学管理 
2020-09-25 14:44:56,291 - root - INFO - 鼠标点击，元素类型 link_text ,属性值 课程表 
2020-09-25 14:44:57,491 - root - INFO - 切换iframe，元素类型 name ,属性值 content 
2020-09-25 14:47:42,720 - root - INFO - 测试用例：添加课程
2020-09-25 14:47:48,152 - root - INFO - 鼠标点击，元素类型 link_text ,属性值 教学管理 
2020-09-25 14:47:48,345 - root - INFO - 鼠标点击，元素类型 link_text ,属性值 课程表 
2020-09-25 14:47:49,364 - root - INFO - 切换iframe，元素类型 name ,属性值 content 
2020-09-25 14:57:13,109 - root - INFO - 测试用例：添加课程
2020-09-25 14:57:20,757 - root - INFO - 鼠标点击，元素类型 link_text ,属性值 教学管理 
2020-09-25 14:57:20,874 - root - INFO - 鼠标点击，元素类型 link_text ,属性值 课程表 
2020-09-25 14:57:22,077 - root - INFO - 切换iframe，元素类型 name ,属性值 content 
2020-09-25 15:05:40,798 - root - INFO - 测试用例：添加课程
2020-09-25 15:05:49,388 - root - INFO - 鼠标点击，元素类型 link_text ,属性值 教学管理 
2020-09-25 15:05:49,545 - root - INFO - 鼠标点击，元素类型 link_text ,属性值 课程表 
2020-09-25 15:05:50,937 - root - INFO - 切换iframe，元素类型 name ,属性值 content 
2020-09-25 15:06:27,414 - root - INFO - 测试用例：添加课程
2020-09-25 15:06:36,859 - root - INFO - 鼠标点击，元素类型 link_text ,属性值 教学管理 
2020-09-25 15:06:36,996 - root - INFO - 鼠标点击，元素类型 link_text ,属性值 课程表 
2020-09-25 15:06:38,288 - root - INFO - 切换iframe，元素类型 name ,属性值 content 
2020-09-25 15:13:48,951 - root - INFO - 测试用例：添加课程
2020-09-25 15:13:54,201 - root - INFO - 鼠标点击，元素类型 link_text ,属性值 教学管理 
2020-09-25 15:13:54,413 - root - INFO - 鼠标点击，元素类型 link_text ,属性值 课程表 
2020-09-25 15:13:55,483 - root - INFO - 切换iframe，元素类型 name ,属性值 content 
2020-09-25 15:15:10,839 - root - INFO - 测试用例：添加课程
2020-09-25 15:15:19,752 - root - INFO - 鼠标点击，元素类型 link_text ,属性值 教学管理 
2020-09-25 15:15:19,866 - root - INFO - 鼠标点击，元素类型 link_text ,属性值 课程表 
2020-09-25 15:15:20,899 - root - INFO - 切换iframe，元素类型 name ,属性值 content 
2020-09-25 15:19:29,776 - root - INFO - 测试用例：添加课程
2020-09-25 15:19:34,304 - root - INFO - 鼠标点击，元素类型 link_text ,属性值 教学管理 
2020-09-25 15:19:34,438 - root - INFO - 鼠标点击，元素类型 link_text ,属性值 课程表 
2020-09-25 15:19:35,656 - root - INFO - 切换iframe，元素类型 name ,属性值 content 
2020-09-25 16:00:37,514 - root - INFO - 测试用例：添加课程
2020-09-25 16:00:44,978 - root - INFO - 鼠标点击，元素类型 link_text ,属性值 教学管理 
2020-09-25 16:00:45,101 - root - INFO - 鼠标点击，元素类型 link_text ,属性值 课程表 
2020-09-25 16:00:46,096 - root - INFO - 切换iframe，元素类型 name ,属性值 content 
2020-09-25 16:18:42,141 - root - INFO - 测试用例：添加课程
2020-09-25 16:18:52,106 - root - INFO - 鼠标点击，元素类型 link_text ,属性值 教学管理 
2020-09-25 16:18:52,242 - root - INFO - 鼠标点击，元素类型 link_text ,属性值 课程表 
2020-09-25 16:18:53,383 - root - INFO - 切换iframe，元素类型 name ,属性值 content 
2020-09-25 16:20:34,024 - root - INFO - 测试用例：添加课程
2020-09-25 16:20:40,875 - root - INFO - 鼠标点击，元素类型 link_text ,属性值 教学管理 
2020-09-25 16:20:41,014 - root - INFO - 鼠标点击，元素类型 link_text ,属性值 课程表 
2020-09-25 16:20:42,114 - root - INFO - 切换iframe，元素类型 name ,属性值 content 
2020-09-25 16:22:34,436 - root - INFO - 测试用例：添加学员
2020-09-25 16:22:44,251 - root - INFO - 鼠标点击，元素类型 link_text ,属性值 学员管理 
2020-09-25 16:22:44,441 - root - INFO - 鼠标点击，元素类型 link_text ,属性值 添加学员 
2020-09-25 16:22:44,882 - root - INFO - 切换iframe，元素类型 name ,属性值 content 
2020-09-25 16:22:45,021 - root - INFO - 输入内容，元素类型 id ,属性值 txtRealName ， 输入值分分
2020-09-25 16:22:45,158 - root - INFO - 输入内容，元素类型 id ,属性值 txtMobile ， 输入值15548757828
2020-09-25 16:22:46,034 - root - INFO - 鼠标点击，元素类型 id ,属性值 btnSave 
2020-09-25 16:23:00,412 - root - INFO - 测试用例：添加课程
2020-09-25 16:23:12,432 - root - INFO - 鼠标点击，元素类型 link_text ,属性值 教学管理 
2020-09-25 16:23:12,574 - root - INFO - 鼠标点击，元素类型 link_text ,属性值 课程表 
2020-09-25 16:23:13,807 - root - INFO - 切换iframe，元素类型 name ,属性值 content 
2020-09-25 16:25:31,849 - root - INFO - 测试用例：添加课程
2020-09-25 16:25:54,381 - root - INFO - 鼠标点击，元素类型 link_text ,属性值 教学管理 
2020-09-25 16:25:54,577 - root - INFO - 鼠标点击，元素类型 link_text ,属性值 课程表 
2020-09-25 16:25:55,814 - root - INFO - 切换iframe，元素类型 name ,属性值 content 
2020-09-25 16:47:51,650 - root - INFO - 测试用例：添加学员
2020-09-25 16:47:57,426 - root - INFO - 鼠标点击，元素类型 link_text ,属性值 学员管理 
2020-09-25 16:47:57,573 - root - INFO - 鼠标点击，元素类型 link_text ,属性值 添加学员 
2020-09-25 16:47:58,596 - root - INFO - 切换iframe，元素类型 name ,属性值 content 
2020-09-25 16:47:58,784 - root - INFO - 输入内容，元素类型 id ,属性值 txtRealName ， 输入值分分
2020-09-25 16:47:58,891 - root - INFO - 输入内容，元素类型 id ,属性值 txtMobile ， 输入值15548757829
2020-09-25 16:47:59,356 - root - INFO - 鼠标点击，元素类型 id ,属性值 btnSave 
2020-09-25 16:48:12,681 - root - INFO - 鼠标点击，元素类型 link_text ,属性值 教学管理 
2020-09-25 16:48:12,803 - root - INFO - 鼠标点击，元素类型 link_text ,属性值 课程表 
2020-09-25 17:05:55,458 - root - INFO - 测试用例：添加课程
2020-09-25 17:06:04,876 - root - INFO - 鼠标点击，元素类型 link_text ,属性值 教学管理 
2020-09-25 17:06:05,087 - root - INFO - 鼠标点击，元素类型 link_text ,属性值 课程表 
2020-09-25 17:06:06,358 - root - INFO - 切换iframe，元素类型 name ,属性值 content 
2020-09-25 17:11:30,103 - root - INFO - 测试用例：添加课程
2020-09-25 17:11:38,013 - root - INFO - 鼠标点击，元素类型 link_text ,属性值 教学管理 
2020-09-25 17:11:38,138 - root - INFO - 鼠标点击，元素类型 link_text ,属性值 课程表 
2020-09-25 17:11:39,214 - root - INFO - 切换iframe，元素类型 name ,属性值 content 
2020-09-25 17:11:44,218 - root - INFO - 元素类型 tag_name ,属性值 iframe
2020-09-25 17:12:22,660 - root - INFO - 测试用例：添加课程
2020-09-25 17:12:27,193 - root - INFO - 鼠标点击，元素类型 link_text ,属性值 教学管理 
2020-09-25 17:12:27,317 - root - INFO - 鼠标点击，元素类型 link_text ,属性值 课程表 
2020-09-25 17:12:28,568 - root - INFO - 切换iframe，元素类型 name ,属性值 content 
2020-09-25 17:12:33,699 - root - INFO - 元素类型 tag_name ,属性值 iframe
2020-09-25 17:13:34,472 - root - INFO - 测试用例：添加课程
2020-09-25 17:13:42,440 - root - INFO - 鼠标点击，元素类型 link_text ,属性值 教学管理 
2020-09-25 17:13:42,603 - root - INFO - 鼠标点击，元素类型 link_text ,属性值 课程表 
2020-09-25 17:13:43,696 - root - INFO - 切换iframe，元素类型 name ,属性值 content 
2020-09-25 17:13:48,716 - root - INFO - 元素类型 tag_name ,属性值 iframe
2020-09-25 17:15:56,503 - root - INFO - 测试用例：添加课程
2020-09-25 17:16:06,654 - root - INFO - 鼠标点击，元素类型 link_text ,属性值 教学管理 
2020-09-25 17:16:06,816 - root - INFO - 鼠标点击，元素类型 link_text ,属性值 课程表 
2020-09-25 17:16:07,822 - root - INFO - 切换iframe，元素类型 name ,属性值 content 
2020-09-25 17:16:12,798 - root - INFO - 元素类型 tag_name ,属性值 iframe
2020-09-25 17:17:27,022 - root - INFO - 测试用例：添加课程
2020-09-25 17:17:37,287 - root - INFO - 鼠标点击，元素类型 link_text ,属性值 教学管理 
2020-09-25 17:17:37,428 - root - INFO - 鼠标点击，元素类型 link_text ,属性值 课程表 
2020-09-25 17:17:38,871 - root - INFO - 切换iframe，元素类型 name ,属性值 content 
2020-09-25 17:17:43,869 - root - INFO - 元素类型 tag_name ,属性值 iframe
2020-09-25 17:18:45,938 - root - INFO - 测试用例：添加课程
2020-09-25 17:18:50,971 - root - INFO - 鼠标点击，元素类型 link_text ,属性值 教学管理 
2020-09-25 17:18:51,126 - root - INFO - 鼠标点击，元素类型 link_text ,属性值 课程表 
2020-09-25 17:18:52,546 - root - INFO - 切换iframe，元素类型 name ,属性值 content 
2020-09-25 17:18:57,707 - root - INFO - 元素类型 tag_name ,属性值 iframe
2020-09-25 17:20:59,467 - root - INFO - 测试用例：添加课程
2020-09-25 17:21:07,023 - root - INFO - 鼠标点击，元素类型 link_text ,属性值 教学管理 
2020-09-25 17:21:07,150 - root - INFO - 鼠标点击，元素类型 link_text ,属性值 课程表 
2020-09-25 17:21:08,194 - root - INFO - 切换iframe，元素类型 name ,属性值 content 
2020-09-25 17:21:13,170 - root - INFO - 元素类型 tag_name ,属性值 iframe
2020-09-25 17:25:47,733 - root - INFO - 测试用例：添加课程
2020-09-25 17:25:52,808 - root - INFO - 鼠标点击，元素类型 link_text ,属性值 教学管理 
2020-09-25 17:25:52,936 - root - INFO - 鼠标点击，元素类型 link_text ,属性值 课程表 
2020-09-25 17:25:54,105 - root - INFO - 切换iframe，元素类型 name ,属性值 content 
2020-09-25 17:33:36,059 - root - INFO - 测试用例：添加课程
2020-09-25 17:33:44,280 - root - INFO - 鼠标点击，元素类型 link_text ,属性值 教学管理 
2020-09-25 17:33:44,430 - root - INFO - 鼠标点击，元素类型 link_text ,属性值 课程表 
2020-09-25 17:33:45,698 - root - INFO - 切换iframe，元素类型 name ,属性值 content 
2020-09-25 17:34:16,057 - root - INFO - 测试用例：添加课程
2020-09-25 17:34:20,503 - root - INFO - 鼠标点击，元素类型 link_text ,属性值 教学管理 
2020-09-25 17:34:20,646 - root - INFO - 鼠标点击，元素类型 link_text ,属性值 课程表 
2020-09-25 17:34:21,925 - root - INFO - 切换iframe，元素类型 name ,属性值 content 
2020-09-25 17:35:27,271 - root - INFO - 测试用例：添加课程
2020-09-25 17:35:33,782 - root - INFO - 鼠标点击，元素类型 link_text ,属性值 教学管理 
2020-09-25 17:35:33,943 - root - INFO - 鼠标点击，元素类型 link_text ,属性值 课程表 
2020-09-25 17:35:34,980 - root - INFO - 切换iframe，元素类型 name ,属性值 content 
2020-09-25 17:35:39,067 - root - INFO - 元素类型 tag_name ,属性值 iframe
2020-09-25 17:41:46,017 - root - INFO - 测试用例：添加课程
2020-09-25 17:42:47,426 - root - INFO - 鼠标点击，元素类型 link_text ,属性值 教学管理 
2020-09-25 17:42:47,537 - root - INFO - 鼠标点击，元素类型 link_text ,属性值 课程表 
2020-09-25 17:42:48,745 - root - INFO - 切换iframe，元素类型 name ,属性值 content 
2020-09-25 17:42:49,807 - root - INFO - 元素类型 tag_name ,属性值 iframe
2020-09-25 17:43:22,344 - root - INFO - 测试用例：添加课程
2020-09-25 17:43:28,507 - root - INFO - 鼠标点击，元素类型 link_text ,属性值 教学管理 
2020-09-25 17:43:28,697 - root - INFO - 鼠标点击，元素类型 link_text ,属性值 课程表 
2020-09-25 17:43:30,208 - root - INFO - 切换iframe，元素类型 name ,属性值 content 
2020-09-25 17:47:32,107 - root - INFO - 测试用例：添加课程
2020-09-25 17:47:38,403 - root - INFO - 鼠标点击，元素类型 link_text ,属性值 教学管理 
2020-09-25 17:47:38,578 - root - INFO - 鼠标点击，元素类型 link_text ,属性值 课程表 
2020-09-25 17:47:39,647 - root - INFO - 切换iframe，元素类型 name ,属性值 content 
2020-09-25 17:47:40,787 - root - INFO - 元素类型 tag_name ,属性值 iframe
2020-09-25 17:48:08,385 - root - INFO - 测试用例：添加课程
2020-09-25 17:48:17,476 - root - INFO - 鼠标点击，元素类型 link_text ,属性值 教学管理 
2020-09-25 17:48:17,616 - root - INFO - 鼠标点击，元素类型 link_text ,属性值 课程表 
2020-09-25 17:48:18,608 - root - INFO - 切换iframe，元素类型 name ,属性值 content 
2020-09-25 17:48:21,106 - root - INFO - 元素类型 tag_name ,属性值 iframe
2020-09-25 17:57:38,855 - root - INFO - 测试用例：添加课程
2020-09-25 17:57:47,284 - root - INFO - 鼠标点击，元素类型 link_text ,属性值 教学管理 
2020-09-25 17:57:47,408 - root - INFO - 鼠标点击，元素类型 link_text ,属性值 课程表 
2020-09-25 17:57:48,655 - root - INFO - 切换iframe，元素类型 name ,属性值 content 
2020-09-25 18:02:28,847 - root - INFO - 测试用例：添加课程
2020-09-25 18:02:39,542 - root - INFO - 鼠标点击，元素类型 link_text ,属性值 教学管理 
2020-09-25 18:02:39,708 - root - INFO - 鼠标点击，元素类型 link_text ,属性值 课程表 
2020-09-25 18:02:41,843 - root - INFO - 切换iframe，元素类型 name ,属性值 content 
2020-09-25 18:08:53,259 - root - INFO - 测试用例：添加课程
2020-09-25 18:08:57,846 - root - INFO - 鼠标点击，元素类型 link_text ,属性值 教学管理 
2020-09-25 18:08:57,970 - root - INFO - 鼠标点击，元素类型 link_text ,属性值 课程表 
2020-09-25 18:08:59,195 - root - INFO - 切换iframe，元素类型 name ,属性值 content 
2020-09-25 18:10:18,199 - root - INFO - 测试用例：添加课程
2020-09-25 18:10:23,353 - root - INFO - 鼠标点击，元素类型 link_text ,属性值 教学管理 
2020-09-25 18:10:23,520 - root - INFO - 鼠标点击，元素类型 link_text ,属性值 课程表 
2020-09-25 18:10:24,823 - root - INFO - 切换iframe，元素类型 name ,属性值 content 
2020-09-25 18:13:08,255 - root - INFO - 测试用例：添加课程
2020-09-25 18:13:16,798 - root - INFO - 鼠标点击，元素类型 link_text ,属性值 教学管理 
2020-09-25 18:13:16,949 - root - INFO - 鼠标点击，元素类型 link_text ,属性值 课程表 
2020-09-25 18:13:18,012 - root - INFO - 切换iframe，元素类型 name ,属性值 content 
2020-09-25 18:15:06,707 - root - INFO - 测试用例：添加课程
2020-09-25 18:15:13,587 - root - INFO - 鼠标点击，元素类型 link_text ,属性值 教学管理 
2020-09-25 18:15:13,734 - root - INFO - 鼠标点击，元素类型 link_text ,属性值 课程表 
2020-09-25 18:15:14,894 - root - INFO - 切换iframe，元素类型 name ,属性值 content 
2020-09-25 18:16:16,619 - root - INFO - 测试用例：添加课程
2020-09-25 18:16:21,669 - root - INFO - 鼠标点击，元素类型 link_text ,属性值 教学管理 
2020-09-25 18:16:21,821 - root - INFO - 鼠标点击，元素类型 link_text ,属性值 课程表 
2020-09-25 18:16:22,969 - root - INFO - 切换iframe，元素类型 name ,属性值 content 
2020-09-25 18:42:37,787 - root - INFO - 测试用例：添加课程
2020-09-25 18:42:44,313 - root - INFO - 鼠标点击，元素类型 link_text ,属性值 教学管理 
2020-09-25 18:42:44,505 - root - INFO - 鼠标点击，元素类型 link_text ,属性值 课程表 
2020-09-25 18:42:45,554 - root - INFO - 切换iframe，元素类型 name ,属性值 content 
2020-09-25 18:44:22,638 - root - INFO - 测试用例：添加课程
2020-09-25 18:44:27,119 - root - INFO - 鼠标点击，元素类型 link_text ,属性值 教学管理 
2020-09-25 18:44:27,252 - root - INFO - 鼠标点击，元素类型 link_text ,属性值 课程表 
2020-09-25 18:44:28,515 - root - INFO - 切换iframe，元素类型 name ,属性值 content 
2020-09-25 18:47:49,246 - root - INFO - 测试用例：添加课程
2020-09-25 18:47:53,390 - root - INFO - 鼠标点击，元素类型 link_text ,属性值 教学管理 
2020-09-25 18:47:53,584 - root - INFO - 鼠标点击，元素类型 link_text ,属性值 课程表 
2020-09-25 18:47:55,069 - root - INFO - 切换iframe，元素类型 name ,属性值 content 
2020-09-25 18:53:43,747 - root - INFO - 测试用例：添加课程
2020-09-25 18:53:47,792 - root - INFO - 鼠标点击，元素类型 link_text ,属性值 教学管理 
2020-09-25 18:53:48,047 - root - INFO - 鼠标点击，元素类型 link_text ,属性值 课程表 
2020-09-25 18:53:49,614 - root - INFO - 切换iframe，元素类型 name ,属性值 content 
2020-09-25 18:55:10,772 - root - INFO - 测试用例：添加课程
2020-09-25 18:55:16,852 - root - INFO - 鼠标点击，元素类型 link_text ,属性值 教学管理 
2020-09-25 18:55:17,026 - root - INFO - 鼠标点击，元素类型 link_text ,属性值 课程表 
2020-09-25 18:55:18,292 - root - INFO - 切换iframe，元素类型 name ,属性值 content 
2020-09-25 18:56:43,384 - root - INFO - 测试用例：添加课程
2020-09-25 18:56:47,881 - root - INFO - 鼠标点击，元素类型 link_text ,属性值 教学管理 
2020-09-25 18:56:48,038 - root - INFO - 鼠标点击，元素类型 link_text ,属性值 课程表 
2020-09-25 18:56:49,111 - root - INFO - 切换iframe，元素类型 name ,属性值 content 
2020-09-25 18:58:24,016 - root - INFO - 测试用例：添加课程
2020-09-25 18:58:28,162 - root - INFO - 鼠标点击，元素类型 link_text ,属性值 教学管理 
2020-09-25 18:58:28,418 - root - INFO - 鼠标点击，元素类型 link_text ,属性值 课程表 
2020-09-25 18:58:29,922 - root - INFO - 切换iframe，元素类型 name ,属性值 content 
2020-09-25 18:58:32,661 - root - INFO - 获取输入框值，元素类型 http://vip.zj.etmcn.com/main.aspx 
2020-09-25 18:59:42,413 - root - INFO - 测试用例：添加课程
2020-09-25 18:59:46,753 - root - INFO - 鼠标点击，元素类型 link_text ,属性值 教学管理 
2020-09-25 18:59:47,058 - root - INFO - 鼠标点击，元素类型 link_text ,属性值 课程表 
2020-09-25 18:59:48,624 - root - INFO - 切换iframe，元素类型 name ,属性值 content 
2020-09-25 19:09:06,947 - root - INFO - 测试用例：添加课程
2020-09-25 19:09:12,750 - root - INFO - 鼠标点击，元素类型 link_text ,属性值 教学管理 
2020-09-25 19:09:12,866 - root - INFO - 鼠标点击，元素类型 link_text ,属性值 课程表 
2020-09-25 19:09:12,899 - root - INFO - 切换iframe，元素类型 tag_name ,属性值 iframe 
2020-09-25 19:10:05,238 - root - INFO - 测试用例：添加课程
2020-09-25 19:10:14,713 - root - INFO - 鼠标点击，元素类型 link_text ,属性值 教学管理 
2020-09-25 19:10:14,856 - root - INFO - 鼠标点击，元素类型 link_text ,属性值 课程表 
2020-09-25 19:10:14,903 - root - INFO - 切换iframe，元素类型 tag_name ,属性值 iframe 
2020-09-25 19:10:51,655 - root - INFO - 测试用例：添加课程
2020-09-25 19:10:56,616 - root - INFO - 鼠标点击，元素类型 link_text ,属性值 教学管理 
2020-09-25 19:10:56,800 - root - INFO - 鼠标点击，元素类型 link_text ,属性值 课程表 
2020-09-25 19:10:56,836 - root - INFO - 切换iframe，元素类型 tag_name ,属性值 iframe 
2020-09-25 19:11:26,075 - root - INFO - 测试用例：添加课程
2020-09-25 19:11:34,733 - root - INFO - 鼠标点击，元素类型 link_text ,属性值 教学管理 
2020-09-25 19:11:34,850 - root - INFO - 鼠标点击，元素类型 link_text ,属性值 课程表 
2020-09-25 19:11:34,890 - root - INFO - 切换iframe，元素类型 tag_name ,属性值 iframe 
2020-09-25 19:12:35,638 - root - INFO - 测试用例：添加课程
2020-09-25 19:12:42,360 - root - INFO - 鼠标点击，元素类型 link_text ,属性值 教学管理 
2020-09-25 19:12:42,567 - root - INFO - 鼠标点击，元素类型 link_text ,属性值 课程表 
2020-09-25 19:12:43,810 - root - INFO - 切换iframe，元素类型 name ,属性值 content 
2020-09-25 19:12:46,378 - root - INFO - 获取输入框值，元素类型 http://vip.zj.etmcn.com/main.aspx 
2020-09-25 19:17:13,641 - root - INFO - 测试用例：添加课程
2020-09-25 19:17:18,853 - root - INFO - 鼠标点击，元素类型 link_text ,属性值 教学管理 
2020-09-25 19:17:19,028 - root - INFO - 鼠标点击，元素类型 link_text ,属性值 课程表 
2020-09-25 19:17:19,086 - root - INFO - 切换iframe，元素类型 tag_name ,属性值 iframe 
2020-09-25 19:18:04,790 - root - INFO - 测试用例：添加课程
2020-09-25 19:18:13,555 - root - INFO - 鼠标点击，元素类型 link_text ,属性值 教学管理 
2020-09-25 19:18:13,678 - root - INFO - 鼠标点击，元素类型 link_text ,属性值 课程表 
2020-09-25 19:18:13,720 - root - INFO - 切换iframe，元素类型 tag_name ,属性值 iframe 
2020-09-25 19:22:46,332 - root - INFO - 测试用例：添加课程
2020-09-25 19:22:50,918 - root - INFO - 鼠标点击，元素类型 link_text ,属性值 教学管理 
2020-09-25 19:22:51,056 - root - INFO - 鼠标点击，元素类型 link_text ,属性值 课程表 
2020-09-25 19:22:51,108 - root - INFO - 切换iframe，元素类型 tag_name ,属性值 iframe 
2020-09-25 19:26:07,211 - root - INFO - 测试用例：添加课程
2020-09-25 19:26:14,925 - root - INFO - 鼠标点击，元素类型 link_text ,属性值 教学管理 
2020-09-25 19:26:15,059 - root - INFO - 鼠标点击，元素类型 link_text ,属性值 课程表 
2020-09-25 19:26:15,110 - root - INFO - 切换iframe，元素类型 tag_name ,属性值 iframe 
2020-09-25 19:27:21,133 - root - INFO - 测试用例：添加课程
2020-09-25 19:27:26,212 - root - INFO - 鼠标点击，元素类型 link_text ,属性值 教学管理 
2020-09-25 19:27:26,378 - root - INFO - 鼠标点击，元素类型 link_text ,属性值 课程表 
2020-09-25 19:27:27,472 - root - INFO - 切换iframe，元素类型 name ,属性值 content 
2020-09-25 19:28:01,375 - root - INFO - 测试用例：添加课程
2020-09-25 19:28:08,819 - root - INFO - 鼠标点击，元素类型 link_text ,属性值 教学管理 
2020-09-25 19:28:08,952 - root - INFO - 鼠标点击，元素类型 link_text ,属性值 课程表 
2020-09-25 19:28:10,030 - root - INFO - 切换iframe，元素类型 name ,属性值 content 
2020-09-25 19:29:01,667 - root - INFO - 测试用例：添加课程
2020-09-25 19:29:12,294 - root - INFO - 鼠标点击，元素类型 link_text ,属性值 教学管理 
2020-09-25 19:29:12,424 - root - INFO - 鼠标点击，元素类型 link_text ,属性值 课程表 
2020-09-25 19:29:13,408 - root - INFO - 切换iframe，元素类型 name ,属性值 content 
2020-09-25 19:30:19,412 - root - INFO - 测试用例：添加课程
2020-09-25 19:30:25,190 - root - INFO - 鼠标点击，元素类型 link_text ,属性值 教学管理 
2020-09-25 19:30:25,577 - root - INFO - 鼠标点击，元素类型 link_text ,属性值 课程表 
2020-09-25 19:30:27,266 - root - INFO - 切换iframe，元素类型 name ,属性值 content 
