2020-09-29 11:06:12,329 - root - INFO - 测试用例：签约合同
2020-09-29 11:06:17,194 - root - INFO - 鼠标点击，元素类型 link_text ,属性值 学员管理 
2020-09-29 11:06:17,417 - root - INFO - 鼠标点击，元素类型 link_text ,属性值 我的学员 
2020-09-29 11:06:17,764 - root - INFO - 切换iframe，元素类型 name ,属性值 content 
2020-09-29 11:06:18,944 - root - INFO - 鼠标点击，元素类型 link_text ,属性值 签约 
2020-09-29 11:06:18,951 - root - INFO - 切换回主文档
2020-09-29 11:06:19,205 - root - INFO - 切换iframe，元素类型 xpath ,属性值 /html/body/div[6]/div[2]/iframe 
2020-09-29 11:06:19,850 - root - INFO - 输入内容，元素类型 id ,属性值 txtEndDate ， 输入值3000-1-1
2020-09-29 11:06:20,521 - root - INFO - 输入内容，元素类型 id ,属性值 txtCardNo ， 输入值686
2020-09-29 11:06:20,614 - root - INFO - 鼠标点击，元素类型 id ,属性值 btnSave 
2020-09-29 11:07:28,200 - root - INFO - 测试用例：签约合同
2020-09-29 11:07:37,272 - root - INFO - 鼠标点击，元素类型 link_text ,属性值 学员管理 
2020-09-29 11:07:37,439 - root - INFO - 鼠标点击，元素类型 link_text ,属性值 我的学员 
2020-09-29 11:07:37,682 - root - INFO - 切换iframe，元素类型 name ,属性值 content 
2020-09-29 11:07:38,825 - root - INFO - 鼠标点击，元素类型 link_text ,属性值 签约 
2020-09-29 11:07:38,830 - root - INFO - 切换回主文档
2020-09-29 11:07:39,016 - root - INFO - 切换iframe，元素类型 xpath ,属性值 /html/body/div[6]/div[2]/iframe 
2020-09-29 11:07:39,643 - root - INFO - 输入内容，元素类型 id ,属性值 txtEndDate ， 输入值3000-1-1
2020-09-29 11:07:40,322 - root - INFO - 输入内容，元素类型 id ,属性值 txtCardNo ， 输入值686
2020-09-29 11:07:40,402 - root - INFO - 鼠标点击，元素类型 id ,属性值 btnSave 
2020-09-29 11:08:41,237 - root - INFO - 测试用例：签约合同
2020-09-29 11:08:45,922 - root - INFO - 鼠标点击，元素类型 link_text ,属性值 学员管理 
2020-09-29 11:08:46,089 - root - INFO - 鼠标点击，元素类型 link_text ,属性值 我的学员 
2020-09-29 11:08:46,374 - root - INFO - 切换iframe，元素类型 name ,属性值 content 
2020-09-29 11:08:47,569 - root - INFO - 鼠标点击，元素类型 link_text ,属性值 签约 
2020-09-29 11:08:47,576 - root - INFO - 切换回主文档
2020-09-29 11:08:47,760 - root - INFO - 切换iframe，元素类型 xpath ,属性值 /html/body/div[6]/div[2]/iframe 
2020-09-29 11:08:48,387 - root - INFO - 输入内容，元素类型 id ,属性值 txtEndDate ， 输入值3000-1-1
2020-09-29 11:08:49,064 - root - INFO - 输入内容，元素类型 id ,属性值 txtCardNo ， 输入值6861
2020-09-29 11:08:49,151 - root - INFO - 鼠标点击，元素类型 id ,属性值 btnSave 
2020-09-29 11:11:00,327 - root - INFO - 测试用例：签约合同
2020-09-29 11:11:10,220 - root - INFO - 鼠标点击，元素类型 link_text ,属性值 学员管理 
2020-09-29 11:11:10,373 - root - INFO - 鼠标点击，元素类型 link_text ,属性值 我的学员 
2020-09-29 11:11:10,613 - root - INFO - 切换iframe，元素类型 name ,属性值 content 
2020-09-29 11:11:11,758 - root - INFO - 鼠标点击，元素类型 link_text ,属性值 签约 
2020-09-29 11:11:11,764 - root - INFO - 切换回主文档
2020-09-29 11:11:11,966 - root - INFO - 切换iframe，元素类型 xpath ,属性值 /html/body/div[6]/div[2]/iframe 
2020-09-29 11:11:12,540 - root - INFO - 输入内容，元素类型 id ,属性值 txtEndDate ， 输入值3000-1-1
2020-09-29 11:11:13,202 - root - INFO - 输入内容，元素类型 id ,属性值 txtCardNo ， 输入值6861
2020-09-29 11:11:13,283 - root - INFO - 鼠标点击，元素类型 id ,属性值 btnSave 
2020-09-29 11:11:13,588 - root - INFO - 添加成功!
2020-09-29 11:11:14,494 - root - INFO - 切换回主文档
2020-09-29 11:11:15,138 - root - INFO - 鼠标点击，元素类型 class_name ,属性值 close 
2020-09-29 11:11:15,842 - root - INFO - 鼠标点击，元素类型 link_text ,属性值 合同管理 
2020-09-29 11:13:30,720 - root - INFO - 测试用例：签约合同
2020-09-29 11:13:39,786 - root - INFO - 鼠标点击，元素类型 link_text ,属性值 学员管理 
2020-09-29 11:13:39,954 - root - INFO - 鼠标点击，元素类型 link_text ,属性值 我的学员 
2020-09-29 11:13:40,213 - root - INFO - 切换iframe，元素类型 name ,属性值 content 
2020-09-29 11:13:41,362 - root - INFO - 鼠标点击，元素类型 link_text ,属性值 签约 
2020-09-29 11:13:41,369 - root - INFO - 切换回主文档
2020-09-29 11:13:41,572 - root - INFO - 切换iframe，元素类型 xpath ,属性值 /html/body/div[6]/div[2]/iframe 
2020-09-29 11:13:42,173 - root - INFO - 输入内容，元素类型 id ,属性值 txtEndDate ， 输入值3000-1-1
2020-09-29 11:13:42,856 - root - INFO - 输入内容，元素类型 id ,属性值 txtCardNo ， 输入值6861
2020-09-29 11:13:42,949 - root - INFO - 鼠标点击，元素类型 id ,属性值 btnSave 
2020-09-29 11:13:43,268 - root - INFO - 添加成功!
2020-09-29 11:13:44,236 - root - INFO - 切换回主文档
2020-09-29 11:13:44,902 - root - INFO - 鼠标点击，元素类型 class_name ,属性值 close 
2020-09-29 11:13:45,637 - root - INFO - 鼠标点击，元素类型 link_text ,属性值 合同管理 
2020-09-29 11:15:53,781 - root - INFO - 测试用例：签约合同
2020-09-29 11:15:58,799 - root - INFO - 鼠标点击，元素类型 link_text ,属性值 学员管理 
2020-09-29 11:15:58,961 - root - INFO - 鼠标点击，元素类型 link_text ,属性值 我的学员 
2020-09-29 11:15:59,259 - root - INFO - 切换iframe，元素类型 name ,属性值 content 
2020-09-29 11:16:00,396 - root - INFO - 鼠标点击，元素类型 link_text ,属性值 签约 
2020-09-29 11:16:00,402 - root - INFO - 切换回主文档
2020-09-29 11:16:00,580 - root - INFO - 切换iframe，元素类型 xpath ,属性值 /html/body/div[6]/div[2]/iframe 
2020-09-29 11:16:01,183 - root - INFO - 输入内容，元素类型 id ,属性值 txtEndDate ， 输入值3000-1-1
2020-09-29 11:16:01,898 - root - INFO - 输入内容，元素类型 id ,属性值 txtCardNo ， 输入值6861
2020-09-29 11:16:01,983 - root - INFO - 鼠标点击，元素类型 id ,属性值 btnSave 
2020-09-29 11:16:02,288 - root - INFO - 添加成功!
2020-09-29 11:16:03,225 - root - INFO - 切换回主文档
2020-09-29 11:16:03,890 - root - INFO - 鼠标点击，元素类型 class_name ,属性值 close 
2020-09-29 11:16:04,689 - root - INFO - 鼠标点击，元素类型 link_text ,属性值 合同管理 
2020-09-29 11:16:04,788 - root - INFO - 鼠标点击，元素类型 link_text ,属性值 合同管理 
2020-09-29 11:16:04,822 - root - INFO - 切换iframe，元素类型 name ,属性值 content 
2020-09-29 11:19:00,781 - root - INFO - 测试用例：签约合同
2020-09-29 11:19:09,052 - root - INFO - 鼠标点击，元素类型 link_text ,属性值 学员管理 
2020-09-29 11:19:09,213 - root - INFO - 鼠标点击，元素类型 link_text ,属性值 我的学员 
2020-09-29 11:19:09,467 - root - INFO - 切换iframe，元素类型 name ,属性值 content 
2020-09-29 11:19:10,634 - root - INFO - 鼠标点击，元素类型 link_text ,属性值 签约 
2020-09-29 11:19:10,640 - root - INFO - 切换回主文档
2020-09-29 11:19:10,817 - root - INFO - 切换iframe，元素类型 xpath ,属性值 /html/body/div[6]/div[2]/iframe 
2020-09-29 11:19:11,444 - root - INFO - 输入内容，元素类型 id ,属性值 txtEndDate ， 输入值3000-1-1
2020-09-29 11:19:12,134 - root - INFO - 输入内容，元素类型 id ,属性值 txtCardNo ， 输入值6861
2020-09-29 11:19:12,230 - root - INFO - 鼠标点击，元素类型 id ,属性值 btnSave 
2020-09-29 11:19:12,539 - root - INFO - 添加成功!
2020-09-29 11:19:13,492 - root - INFO - 切换回主文档
2020-09-29 11:19:14,135 - root - INFO - 鼠标点击，元素类型 class_name ,属性值 close 
2020-09-29 11:19:14,844 - root - INFO - 鼠标点击，元素类型 link_text ,属性值 合同管理 
2020-09-29 11:19:14,932 - root - INFO - 鼠标点击，元素类型 link_text ,属性值 合同管理 
2020-09-29 11:19:14,962 - root - INFO - 切换iframe，元素类型 name ,属性值 content 
2020-09-29 11:19:42,025 - root - INFO - 测试用例：签约合同
2020-09-29 11:19:47,050 - root - INFO - 鼠标点击，元素类型 link_text ,属性值 学员管理 
2020-09-29 11:19:47,171 - root - INFO - 鼠标点击，元素类型 link_text ,属性值 我的学员 
2020-09-29 11:19:47,637 - root - INFO - 切换iframe，元素类型 name ,属性值 content 
2020-09-29 11:19:48,823 - root - INFO - 鼠标点击，元素类型 link_text ,属性值 签约 
2020-09-29 11:19:48,829 - root - INFO - 切换回主文档
2020-09-29 11:19:49,026 - root - INFO - 切换iframe，元素类型 xpath ,属性值 /html/body/div[6]/div[2]/iframe 
2020-09-29 11:19:49,633 - root - INFO - 输入内容，元素类型 id ,属性值 txtEndDate ， 输入值3000-1-1
2020-09-29 11:19:50,308 - root - INFO - 输入内容，元素类型 id ,属性值 txtCardNo ， 输入值6861
2020-09-29 11:19:50,403 - root - INFO - 鼠标点击，元素类型 id ,属性值 btnSave 
2020-09-29 11:19:50,716 - root - INFO - 添加成功!
2020-09-29 11:19:51,707 - root - INFO - 切换回主文档
2020-09-29 11:19:52,348 - root - INFO - 鼠标点击，元素类型 class_name ,属性值 close 
2020-09-29 11:19:53,087 - root - INFO - 鼠标点击，元素类型 link_text ,属性值 合同管理 
2020-09-29 11:19:53,180 - root - INFO - 鼠标点击，元素类型 link_text ,属性值 合同管理 
2020-09-29 11:19:53,210 - root - INFO - 切换iframe，元素类型 name ,属性值 content 
2020-09-29 11:21:06,421 - root - INFO - 测试用例：签约合同
2020-09-29 11:21:11,631 - root - INFO - 鼠标点击，元素类型 link_text ,属性值 学员管理 
2020-09-29 11:21:11,789 - root - INFO - 鼠标点击，元素类型 link_text ,属性值 我的学员 
2020-09-29 11:21:12,086 - root - INFO - 切换iframe，元素类型 name ,属性值 content 
2020-09-29 11:21:13,296 - root - INFO - 鼠标点击，元素类型 link_text ,属性值 签约 
2020-09-29 11:21:13,302 - root - INFO - 切换回主文档
2020-09-29 11:21:14,015 - root - INFO - 切换iframe，元素类型 xpath ,属性值 /html/body/div[6]/div[2]/iframe 
2020-09-29 11:21:14,647 - root - INFO - 输入内容，元素类型 id ,属性值 txtEndDate ， 输入值3000-1-1
2020-09-29 11:21:15,345 - root - INFO - 输入内容，元素类型 id ,属性值 txtCardNo ， 输入值6861
2020-09-29 11:21:15,442 - root - INFO - 鼠标点击，元素类型 id ,属性值 btnSave 
2020-09-29 11:21:15,750 - root - INFO - 添加成功!
2020-09-29 11:21:16,658 - root - INFO - 切换回主文档
2020-09-29 11:21:17,313 - root - INFO - 鼠标点击，元素类型 class_name ,属性值 close 
2020-09-29 11:21:18,052 - root - INFO - 鼠标点击，元素类型 link_text ,属性值 合同管理 
2020-09-29 11:23:52,993 - root - INFO - 测试用例：签约合同
2020-09-29 11:23:58,073 - root - INFO - 鼠标点击，元素类型 link_text ,属性值 学员管理 
2020-09-29 11:23:58,227 - root - INFO - 鼠标点击，元素类型 link_text ,属性值 我的学员 
2020-09-29 11:23:59,046 - root - INFO - 切换iframe，元素类型 name ,属性值 content 
2020-09-29 11:24:00,251 - root - INFO - 鼠标点击，元素类型 link_text ,属性值 签约 
2020-09-29 11:24:00,259 - root - INFO - 切换回主文档
2020-09-29 11:24:00,470 - root - INFO - 切换iframe，元素类型 xpath ,属性值 /html/body/div[6]/div[2]/iframe 
2020-09-29 11:24:01,113 - root - INFO - 输入内容，元素类型 id ,属性值 txtEndDate ， 输入值3000-1-1
2020-09-29 11:24:01,798 - root - INFO - 输入内容，元素类型 id ,属性值 txtCardNo ， 输入值6861
2020-09-29 11:24:01,893 - root - INFO - 鼠标点击，元素类型 id ,属性值 btnSave 
2020-09-29 11:24:41,952 - root - INFO - 测试用例：签约合同
2020-09-29 11:24:46,710 - root - INFO - 鼠标点击，元素类型 link_text ,属性值 学员管理 
2020-09-29 11:24:46,857 - root - INFO - 鼠标点击，元素类型 link_text ,属性值 我的学员 
2020-09-29 11:24:47,146 - root - INFO - 切换iframe，元素类型 name ,属性值 content 
2020-09-29 11:24:48,289 - root - INFO - 鼠标点击，元素类型 link_text ,属性值 签约 
2020-09-29 11:24:48,296 - root - INFO - 切换回主文档
2020-09-29 11:24:48,477 - root - INFO - 切换iframe，元素类型 xpath ,属性值 /html/body/div[6]/div[2]/iframe 
2020-09-29 11:24:49,101 - root - INFO - 输入内容，元素类型 id ,属性值 txtEndDate ， 输入值3000-1-1
2020-09-29 11:24:49,779 - root - INFO - 输入内容，元素类型 id ,属性值 txtCardNo ， 输入值6861
2020-09-29 11:24:49,866 - root - INFO - 鼠标点击，元素类型 id ,属性值 btnSave 
2020-09-29 11:25:26,492 - root - INFO - 测试用例：签约合同
2020-09-29 11:25:35,861 - root - INFO - 鼠标点击，元素类型 link_text ,属性值 学员管理 
2020-09-29 11:25:35,999 - root - INFO - 鼠标点击，元素类型 link_text ,属性值 我的学员 
2020-09-29 11:25:36,256 - root - INFO - 切换iframe，元素类型 name ,属性值 content 
2020-09-29 11:25:37,393 - root - INFO - 鼠标点击，元素类型 link_text ,属性值 签约 
2020-09-29 11:25:37,398 - root - INFO - 切换回主文档
2020-09-29 11:25:37,591 - root - INFO - 切换iframe，元素类型 xpath ,属性值 /html/body/div[6]/div[2]/iframe 
2020-09-29 11:25:38,209 - root - INFO - 输入内容，元素类型 id ,属性值 txtEndDate ， 输入值3000-1-1
2020-09-29 11:25:38,894 - root - INFO - 输入内容，元素类型 id ,属性值 txtCardNo ， 输入值6861
2020-09-29 11:25:38,976 - root - INFO - 鼠标点击，元素类型 id ,属性值 btnSave 
2020-09-29 11:25:39,497 - root - INFO - 添加成功!
2020-09-29 11:25:40,427 - root - INFO - 切换回主文档
2020-09-29 11:25:41,088 - root - INFO - 鼠标点击，元素类型 class_name ,属性值 close 
2020-09-29 11:25:41,790 - root - INFO - 鼠标点击，元素类型 link_text ,属性值 合同管理 
2020-09-29 11:28:10,992 - root - INFO - 测试用例：签约合同
2020-09-29 11:28:15,520 - root - INFO - 鼠标点击，元素类型 link_text ,属性值 学员管理 
2020-09-29 11:28:15,654 - root - INFO - 鼠标点击，元素类型 link_text ,属性值 我的学员 
2020-09-29 11:28:15,920 - root - INFO - 切换iframe，元素类型 name ,属性值 content 
2020-09-29 11:28:17,158 - root - INFO - 鼠标点击，元素类型 link_text ,属性值 签约 
2020-09-29 11:28:17,164 - root - INFO - 切换回主文档
2020-09-29 11:28:17,382 - root - INFO - 切换iframe，元素类型 xpath ,属性值 /html/body/div[6]/div[2]/iframe 
2020-09-29 11:28:18,025 - root - INFO - 输入内容，元素类型 id ,属性值 txtEndDate ， 输入值3000-1-1
2020-09-29 11:28:18,710 - root - INFO - 输入内容，元素类型 id ,属性值 txtCardNo ， 输入值6861
2020-09-29 11:28:18,821 - root - INFO - 鼠标点击，元素类型 id ,属性值 btnSave 
2020-09-29 11:28:19,335 - root - INFO - 添加成功!
2020-09-29 11:28:20,302 - root - INFO - 切换回主文档
2020-09-29 11:28:20,983 - root - INFO - 鼠标点击，元素类型 class_name ,属性值 close 
2020-09-29 11:28:21,720 - root - INFO - 鼠标点击，元素类型 link_text ,属性值 合同管理 
2020-09-29 11:29:53,432 - root - INFO - 测试用例：签约合同
2020-09-29 11:29:57,894 - root - INFO - 鼠标点击，元素类型 link_text ,属性值 学员管理 
2020-09-29 11:29:58,055 - root - INFO - 鼠标点击，元素类型 link_text ,属性值 我的学员 
2020-09-29 11:29:58,532 - root - INFO - 切换iframe，元素类型 name ,属性值 content 
2020-09-29 11:29:59,693 - root - INFO - 鼠标点击，元素类型 link_text ,属性值 签约 
2020-09-29 11:29:59,699 - root - INFO - 切换回主文档
2020-09-29 11:29:59,946 - root - INFO - 切换iframe，元素类型 xpath ,属性值 /html/body/div[6]/div[2]/iframe 
2020-09-29 11:30:00,587 - root - INFO - 输入内容，元素类型 id ,属性值 txtEndDate ， 输入值3000-1-1
2020-09-29 11:30:01,265 - root - INFO - 输入内容，元素类型 id ,属性值 txtCardNo ， 输入值6861
2020-09-29 11:30:01,364 - root - INFO - 鼠标点击，元素类型 id ,属性值 btnSave 
2020-09-29 11:30:01,868 - root - INFO - 添加成功!
2020-09-29 11:30:02,826 - root - INFO - 切换回主文档
2020-09-29 11:30:03,526 - root - INFO - 鼠标点击，元素类型 class_name ,属性值 close 
2020-09-29 11:30:04,263 - root - INFO - 鼠标点击，元素类型 link_text ,属性值 合同管理 
2020-09-29 11:36:37,036 - root - INFO - 测试用例：签约合同
2020-09-29 11:36:41,051 - root - INFO - 鼠标点击，元素类型 link_text ,属性值 学员管理 
2020-09-29 11:36:41,222 - root - INFO - 鼠标点击，元素类型 link_text ,属性值 我的学员 
2020-09-29 11:36:41,935 - root - INFO - 切换iframe，元素类型 name ,属性值 content 
2020-09-29 11:36:43,225 - root - INFO - 鼠标点击，元素类型 link_text ,属性值 签约 
2020-09-29 11:36:43,232 - root - INFO - 切换回主文档
2020-09-29 11:36:43,431 - root - INFO - 切换iframe，元素类型 xpath ,属性值 /html/body/div[6]/div[2]/iframe 
2020-09-29 11:36:44,108 - root - INFO - 输入内容，元素类型 id ,属性值 txtEndDate ， 输入值3000-1-1
2020-09-29 11:36:44,782 - root - INFO - 输入内容，元素类型 id ,属性值 txtCardNo ， 输入值6861
2020-09-29 11:36:44,880 - root - INFO - 鼠标点击，元素类型 id ,属性值 btnSave 
2020-09-29 11:36:45,391 - root - INFO - 添加成功!
2020-09-29 11:36:46,458 - root - INFO - 切换回主文档
2020-09-29 11:36:47,132 - root - INFO - 鼠标点击，元素类型 class_name ,属性值 close 
2020-09-29 11:36:47,874 - root - INFO - 鼠标点击，元素类型 link_text ,属性值 合同管理 
2020-09-29 11:42:15,659 - root - INFO - 测试用例：签约合同
2020-09-29 11:42:20,496 - root - INFO - 鼠标点击，元素类型 link_text ,属性值 学员管理 
2020-09-29 11:42:20,645 - root - INFO - 鼠标点击，元素类型 link_text ,属性值 我的学员 
2020-09-29 11:42:20,936 - root - INFO - 切换iframe，元素类型 name ,属性值 content 
2020-09-29 11:42:22,138 - root - INFO - 鼠标点击，元素类型 link_text ,属性值 签约 
2020-09-29 11:42:22,146 - root - INFO - 切换回主文档
2020-09-29 11:42:22,314 - root - INFO - 切换iframe，元素类型 xpath ,属性值 /html/body/div[6]/div[2]/iframe 
2020-09-29 11:42:22,915 - root - INFO - 输入内容，元素类型 id ,属性值 txtEndDate ， 输入值3000-1-1
2020-09-29 11:42:23,619 - root - INFO - 输入内容，元素类型 id ,属性值 txtCardNo ， 输入值6861
2020-09-29 11:42:23,708 - root - INFO - 鼠标点击，元素类型 id ,属性值 btnSave 
2020-09-29 11:42:24,230 - root - INFO - 添加成功!
2020-09-29 11:42:25,162 - root - INFO - 切换回主文档
2020-09-29 11:42:25,805 - root - INFO - 鼠标点击，元素类型 class_name ,属性值 close 
2020-09-29 11:42:26,498 - root - INFO - 鼠标点击，元素类型 link_text ,属性值 合同管理 
2020-09-29 11:42:26,592 - root - INFO - 鼠标点击，元素类型 xpath ,属性值 //*[@id="menuNormal"]/a[3] 
2020-09-29 11:42:26,794 - root - INFO - 切换iframe，元素类型 name ,属性值 content 
2020-09-29 11:42:27,311 - root - INFO - 鼠标点击，元素类型 link_text ,属性值 [审核] 
2020-09-29 11:43:21,281 - root - INFO - 测试用例：签约合同
2020-09-29 11:43:26,307 - root - INFO - 鼠标点击，元素类型 link_text ,属性值 学员管理 
2020-09-29 11:43:26,451 - root - INFO - 鼠标点击，元素类型 link_text ,属性值 我的学员 
2020-09-29 11:43:26,751 - root - INFO - 切换iframe，元素类型 name ,属性值 content 
2020-09-29 11:43:27,924 - root - INFO - 鼠标点击，元素类型 link_text ,属性值 签约 
2020-09-29 11:43:27,930 - root - INFO - 切换回主文档
2020-09-29 11:43:28,129 - root - INFO - 切换iframe，元素类型 xpath ,属性值 /html/body/div[6]/div[2]/iframe 
2020-09-29 11:43:28,734 - root - INFO - 输入内容，元素类型 id ,属性值 txtEndDate ， 输入值3000-1-1
2020-09-29 11:43:29,420 - root - INFO - 输入内容，元素类型 id ,属性值 txtCardNo ， 输入值6861
2020-09-29 11:43:29,512 - root - INFO - 鼠标点击，元素类型 id ,属性值 btnSave 
2020-09-29 11:44:06,979 - root - INFO - 测试用例：签约合同
2020-09-29 11:44:12,029 - root - INFO - 鼠标点击，元素类型 link_text ,属性值 学员管理 
2020-09-29 11:44:12,190 - root - INFO - 鼠标点击，元素类型 link_text ,属性值 我的学员 
2020-09-29 11:44:12,483 - root - INFO - 切换iframe，元素类型 name ,属性值 content 
2020-09-29 11:44:13,700 - root - INFO - 鼠标点击，元素类型 link_text ,属性值 签约 
2020-09-29 11:44:13,714 - root - INFO - 切换回主文档
2020-09-29 11:44:13,920 - root - INFO - 切换iframe，元素类型 xpath ,属性值 /html/body/div[6]/div[2]/iframe 
2020-09-29 11:44:14,561 - root - INFO - 输入内容，元素类型 id ,属性值 txtEndDate ， 输入值3000-1-1
2020-09-29 11:44:15,269 - root - INFO - 输入内容，元素类型 id ,属性值 txtCardNo ， 输入值6861
2020-09-29 11:44:15,378 - root - INFO - 鼠标点击，元素类型 id ,属性值 btnSave 
2020-09-29 11:44:15,892 - root - INFO - 添加成功!
2020-09-29 11:44:16,881 - root - INFO - 切换回主文档
2020-09-29 11:44:17,558 - root - INFO - 鼠标点击，元素类型 class_name ,属性值 close 
2020-09-29 11:44:18,257 - root - INFO - 鼠标点击，元素类型 link_text ,属性值 合同管理 
2020-09-29 11:50:22,997 - root - INFO - 测试用例：签约合同
2020-09-29 11:50:27,895 - root - INFO - 鼠标点击，元素类型 link_text ,属性值 学员管理 
2020-09-29 11:50:28,108 - root - INFO - 鼠标点击，元素类型 link_text ,属性值 我的学员 
2020-09-29 11:50:29,974 - root - INFO - 切换iframe，元素类型 name ,属性值 content 
2020-09-29 11:50:31,122 - root - INFO - 鼠标点击，元素类型 link_text ,属性值 签约 
2020-09-29 11:50:31,129 - root - INFO - 切换回主文档
2020-09-29 11:50:31,358 - root - INFO - 切换iframe，元素类型 xpath ,属性值 /html/body/div[6]/div[2]/iframe 
2020-09-29 11:50:31,979 - root - INFO - 输入内容，元素类型 id ,属性值 txtEndDate ， 输入值3000-1-1
2020-09-29 11:50:32,663 - root - INFO - 输入内容，元素类型 id ,属性值 txtCardNo ， 输入值6861
2020-09-29 11:50:32,750 - root - INFO - 鼠标点击，元素类型 id ,属性值 btnSave 
2020-09-29 11:50:58,018 - root - INFO - 测试用例：签约合同
2020-09-29 11:51:11,351 - root - INFO - 鼠标点击，元素类型 link_text ,属性值 学员管理 
2020-09-29 11:51:11,494 - root - INFO - 鼠标点击，元素类型 link_text ,属性值 我的学员 
2020-09-29 11:51:11,776 - root - INFO - 切换iframe，元素类型 name ,属性值 content 
2020-09-29 11:51:12,927 - root - INFO - 鼠标点击，元素类型 link_text ,属性值 签约 
2020-09-29 11:51:12,933 - root - INFO - 切换回主文档
2020-09-29 11:51:13,123 - root - INFO - 切换iframe，元素类型 xpath ,属性值 /html/body/div[6]/div[2]/iframe 
2020-09-29 11:51:13,727 - root - INFO - 输入内容，元素类型 id ,属性值 txtEndDate ， 输入值3000-1-1
2020-09-29 11:51:14,401 - root - INFO - 输入内容，元素类型 id ,属性值 txtCardNo ， 输入值6861
2020-09-29 11:51:14,501 - root - INFO - 鼠标点击，元素类型 id ,属性值 btnSave 
2020-09-29 11:51:42,032 - root - INFO - 测试用例：签约合同
2020-09-29 11:51:47,100 - root - INFO - 鼠标点击，元素类型 link_text ,属性值 学员管理 
2020-09-29 11:51:47,258 - root - INFO - 鼠标点击，元素类型 link_text ,属性值 我的学员 
2020-09-29 11:51:47,548 - root - INFO - 切换iframe，元素类型 name ,属性值 content 
2020-09-29 11:51:48,687 - root - INFO - 鼠标点击，元素类型 link_text ,属性值 签约 
2020-09-29 11:51:48,694 - root - INFO - 切换回主文档
2020-09-29 11:51:48,886 - root - INFO - 切换iframe，元素类型 xpath ,属性值 /html/body/div[6]/div[2]/iframe 
2020-09-29 11:51:49,484 - root - INFO - 输入内容，元素类型 id ,属性值 txtEndDate ， 输入值3000-1-1
2020-09-29 11:51:50,159 - root - INFO - 输入内容，元素类型 id ,属性值 txtCardNo ， 输入值6861
2020-09-29 11:51:50,249 - root - INFO - 鼠标点击，元素类型 id ,属性值 btnSave 
2020-09-29 11:51:50,760 - root - INFO - 添加成功!
2020-09-29 11:51:51,660 - root - INFO - 切换回主文档
2020-09-29 11:51:52,312 - root - INFO - 鼠标点击，元素类型 class_name ,属性值 close 
2020-09-29 11:51:53,387 - root - INFO - 鼠标点击，元素类型 link_text ,属性值 合同管理 
2020-09-29 11:51:53,461 - root - INFO - 鼠标点击，元素类型 id ,属性值 menuNormal 
2020-09-29 11:51:53,537 - root - INFO - 切换iframe，元素类型 name ,属性值 content 
2020-09-29 11:53:56,847 - root - INFO - 测试用例：签约合同
2020-09-29 11:54:05,035 - root - INFO - 鼠标点击，元素类型 link_text ,属性值 学员管理 
2020-09-29 11:54:05,166 - root - INFO - 鼠标点击，元素类型 link_text ,属性值 我的学员 
2020-09-29 11:54:05,443 - root - INFO - 切换iframe，元素类型 name ,属性值 content 
2020-09-29 11:54:06,606 - root - INFO - 鼠标点击，元素类型 link_text ,属性值 签约 
2020-09-29 11:54:06,613 - root - INFO - 切换回主文档
2020-09-29 11:54:06,815 - root - INFO - 切换iframe，元素类型 xpath ,属性值 /html/body/div[6]/div[2]/iframe 
2020-09-29 11:54:07,406 - root - INFO - 输入内容，元素类型 id ,属性值 txtEndDate ， 输入值3000-1-1
2020-09-29 11:54:08,100 - root - INFO - 输入内容，元素类型 id ,属性值 txtCardNo ， 输入值6861
2020-09-29 11:54:08,184 - root - INFO - 鼠标点击，元素类型 id ,属性值 btnSave 
2020-09-29 11:54:08,693 - root - INFO - 添加成功!
2020-09-29 11:54:09,653 - root - INFO - 切换回主文档
2020-09-29 11:54:10,324 - root - INFO - 鼠标点击，元素类型 class_name ,属性值 close 
2020-09-29 11:54:11,430 - root - INFO - 鼠标点击，元素类型 link_text ,属性值 合同管理 
2020-09-29 11:54:11,503 - root - INFO - 鼠标点击，元素类型 id ,属性值 menuNormal 
2020-09-29 11:54:11,587 - root - INFO - 切换iframe，元素类型 name ,属性值 content 
2020-09-29 11:54:36,476 - root - INFO - 测试用例：签约合同
2020-09-29 11:54:41,306 - root - INFO - 鼠标点击，元素类型 link_text ,属性值 学员管理 
2020-09-29 11:54:41,463 - root - INFO - 鼠标点击，元素类型 link_text ,属性值 我的学员 
2020-09-29 11:54:41,748 - root - INFO - 切换iframe，元素类型 name ,属性值 content 
2020-09-29 11:54:42,923 - root - INFO - 鼠标点击，元素类型 link_text ,属性值 签约 
2020-09-29 11:54:42,930 - root - INFO - 切换回主文档
2020-09-29 11:54:43,109 - root - INFO - 切换iframe，元素类型 xpath ,属性值 /html/body/div[6]/div[2]/iframe 
2020-09-29 11:54:43,693 - root - INFO - 输入内容，元素类型 id ,属性值 txtEndDate ， 输入值3000-1-1
2020-09-29 11:54:44,388 - root - INFO - 输入内容，元素类型 id ,属性值 txtCardNo ， 输入值6861
2020-09-29 11:54:44,483 - root - INFO - 鼠标点击，元素类型 id ,属性值 btnSave 
2020-09-29 11:54:44,997 - root - INFO - 添加成功!
2020-09-29 11:54:45,912 - root - INFO - 切换回主文档
2020-09-29 11:54:46,565 - root - INFO - 鼠标点击，元素类型 class_name ,属性值 close 
2020-09-29 11:54:47,645 - root - INFO - 鼠标点击，元素类型 link_text ,属性值 合同管理 
2020-09-29 11:54:47,720 - root - INFO - 鼠标点击，元素类型 id ,属性值 menuNormal 
2020-09-29 11:54:47,800 - root - INFO - 切换iframe，元素类型 name ,属性值 content 
2020-09-29 11:58:04,410 - root - INFO - 测试用例：签约合同
2020-09-29 11:58:11,326 - root - INFO - 鼠标点击，元素类型 link_text ,属性值 学员管理 
2020-09-29 11:58:11,530 - root - INFO - 鼠标点击，元素类型 link_text ,属性值 我的学员 
2020-09-29 11:58:11,921 - root - INFO - 切换iframe，元素类型 name ,属性值 content 
2020-09-29 11:58:13,118 - root - INFO - 鼠标点击，元素类型 link_text ,属性值 签约 
2020-09-29 11:58:13,125 - root - INFO - 切换回主文档
2020-09-29 11:58:13,310 - root - INFO - 切换iframe，元素类型 xpath ,属性值 /html/body/div[6]/div[2]/iframe 
2020-09-29 11:58:13,910 - root - INFO - 输入内容，元素类型 id ,属性值 txtEndDate ， 输入值3000-1-1
2020-09-29 11:58:14,607 - root - INFO - 输入内容，元素类型 id ,属性值 txtCardNo ， 输入值6861
2020-09-29 11:58:14,698 - root - INFO - 鼠标点击，元素类型 id ,属性值 btnSave 
2020-09-29 12:34:55,561 - root - INFO - 测试用例：签约合同
2020-09-29 12:35:05,213 - root - INFO - 鼠标点击，元素类型 link_text ,属性值 学员管理 
2020-09-29 12:35:05,399 - root - INFO - 鼠标点击，元素类型 link_text ,属性值 我的学员 
2020-09-29 12:35:05,654 - root - INFO - 切换iframe，元素类型 name ,属性值 content 
2020-09-29 12:35:06,832 - root - INFO - 鼠标点击，元素类型 link_text ,属性值 签约 
2020-09-29 12:35:06,839 - root - INFO - 切换回主文档
2020-09-29 12:35:07,057 - root - INFO - 切换iframe，元素类型 xpath ,属性值 /html/body/div[6]/div[2]/iframe 
2020-09-29 12:35:07,686 - root - INFO - 输入内容，元素类型 id ,属性值 txtEndDate ， 输入值3000-1-1
2020-09-29 12:35:08,372 - root - INFO - 输入内容，元素类型 id ,属性值 txtCardNo ， 输入值6861
2020-09-29 12:35:08,464 - root - INFO - 鼠标点击，元素类型 id ,属性值 btnSave 
2020-09-29 12:35:08,475 - root - INFO - 切换回主文档
2020-09-29 12:39:03,599 - root - INFO - 测试用例：签约合同
2020-09-29 12:39:10,602 - root - INFO - 鼠标点击，元素类型 link_text ,属性值 学员管理 
2020-09-29 12:39:10,829 - root - INFO - 鼠标点击，元素类型 link_text ,属性值 我的学员 
2020-09-29 12:39:11,130 - root - INFO - 切换iframe，元素类型 name ,属性值 content 
2020-09-29 12:39:12,326 - root - INFO - 鼠标点击，元素类型 link_text ,属性值 签约 
2020-09-29 12:39:12,333 - root - INFO - 切换回主文档
2020-09-29 12:39:12,540 - root - INFO - 切换iframe，元素类型 xpath ,属性值 /html/body/div[6]/div[2]/iframe 
2020-09-29 12:39:13,218 - root - INFO - 输入内容，元素类型 id ,属性值 txtEndDate ， 输入值3000-1-1
2020-09-29 12:39:13,930 - root - INFO - 输入内容，元素类型 id ,属性值 txtCardNo ， 输入值6861
2020-09-29 12:39:14,029 - root - INFO - 鼠标点击，元素类型 id ,属性值 btnSave 
2020-09-29 12:39:59,888 - root - INFO - 测试用例：签约合同
2020-09-29 12:40:06,186 - root - INFO - 鼠标点击，元素类型 link_text ,属性值 学员管理 
2020-09-29 12:40:06,361 - root - INFO - 鼠标点击，元素类型 link_text ,属性值 我的学员 
2020-09-29 12:40:06,648 - root - INFO - 切换iframe，元素类型 name ,属性值 content 
2020-09-29 12:40:07,867 - root - INFO - 鼠标点击，元素类型 link_text ,属性值 签约 
2020-09-29 12:40:07,874 - root - INFO - 切换回主文档
2020-09-29 12:40:08,070 - root - INFO - 切换iframe，元素类型 xpath ,属性值 /html/body/div[6]/div[2]/iframe 
2020-09-29 12:40:08,741 - root - INFO - 输入内容，元素类型 id ,属性值 txtEndDate ， 输入值3000-1-1
2020-09-29 12:40:09,429 - root - INFO - 输入内容，元素类型 id ,属性值 txtCardNo ， 输入值6861
2020-09-29 12:40:09,548 - root - INFO - 鼠标点击，元素类型 id ,属性值 btnSave 
2020-09-29 12:41:01,842 - root - INFO - 测试用例：签约合同
2020-09-29 12:41:12,454 - root - INFO - 鼠标点击，元素类型 link_text ,属性值 学员管理 
2020-09-29 12:41:12,681 - root - INFO - 鼠标点击，元素类型 link_text ,属性值 我的学员 
2020-09-29 12:41:12,986 - root - INFO - 切换iframe，元素类型 name ,属性值 content 
2020-09-29 12:41:14,230 - root - INFO - 鼠标点击，元素类型 link_text ,属性值 签约 
2020-09-29 12:41:14,242 - root - INFO - 切换回主文档
2020-09-29 12:41:14,428 - root - INFO - 切换iframe，元素类型 xpath ,属性值 /html/body/div[6]/div[2]/iframe 
2020-09-29 12:41:15,070 - root - INFO - 输入内容，元素类型 id ,属性值 txtEndDate ， 输入值3000-1-1
2020-09-29 12:41:15,738 - root - INFO - 输入内容，元素类型 id ,属性值 txtCardNo ， 输入值6861
2020-09-29 12:41:15,834 - root - INFO - 鼠标点击，元素类型 id ,属性值 btnSave 
2020-09-29 12:41:55,709 - root - INFO - 测试用例：签约合同
2020-09-29 12:42:01,825 - root - INFO - 鼠标点击，元素类型 link_text ,属性值 学员管理 
2020-09-29 12:42:02,001 - root - INFO - 鼠标点击，元素类型 link_text ,属性值 我的学员 
2020-09-29 12:42:02,338 - root - INFO - 切换iframe，元素类型 name ,属性值 content 
2020-09-29 12:42:03,577 - root - INFO - 鼠标点击，元素类型 link_text ,属性值 签约 
2020-09-29 12:42:03,582 - root - INFO - 切换回主文档
2020-09-29 12:42:03,797 - root - INFO - 切换iframe，元素类型 xpath ,属性值 /html/body/div[6]/div[2]/iframe 
2020-09-29 12:42:04,442 - root - INFO - 输入内容，元素类型 id ,属性值 txtEndDate ， 输入值3000-1-1
2020-09-29 12:42:05,120 - root - INFO - 输入内容，元素类型 id ,属性值 txtCardNo ， 输入值6861
2020-09-29 12:42:05,209 - root - INFO - 鼠标点击，元素类型 id ,属性值 btnSave 
2020-09-29 12:42:29,679 - root - INFO - 测试用例：签约合同
2020-09-29 12:42:37,727 - root - INFO - 鼠标点击，元素类型 link_text ,属性值 学员管理 
2020-09-29 12:42:37,906 - root - INFO - 鼠标点击，元素类型 link_text ,属性值 我的学员 
2020-09-29 12:42:38,212 - root - INFO - 切换iframe，元素类型 name ,属性值 content 
2020-09-29 12:42:39,439 - root - INFO - 鼠标点击，元素类型 link_text ,属性值 签约 
2020-09-29 12:42:39,451 - root - INFO - 切换回主文档
2020-09-29 12:42:39,720 - root - INFO - 切换iframe，元素类型 xpath ,属性值 /html/body/div[6]/div[2]/iframe 
2020-09-29 12:42:40,362 - root - INFO - 输入内容，元素类型 id ,属性值 txtEndDate ， 输入值3000-1-1
2020-09-29 12:42:41,048 - root - INFO - 输入内容，元素类型 id ,属性值 txtCardNo ， 输入值6861
2020-09-29 12:42:41,140 - root - INFO - 鼠标点击，元素类型 id ,属性值 btnSave 
2020-09-29 12:43:21,509 - root - INFO - 测试用例：签约合同
2020-09-29 12:43:26,440 - root - INFO - 鼠标点击，元素类型 link_text ,属性值 学员管理 
2020-09-29 12:43:26,637 - root - INFO - 鼠标点击，元素类型 link_text ,属性值 我的学员 
2020-09-29 12:43:26,958 - root - INFO - 切换iframe，元素类型 name ,属性值 content 
2020-09-29 12:43:28,212 - root - INFO - 鼠标点击，元素类型 link_text ,属性值 签约 
2020-09-29 12:43:28,221 - root - INFO - 切换回主文档
2020-09-29 12:43:28,442 - root - INFO - 切换iframe，元素类型 xpath ,属性值 /html/body/div[6]/div[2]/iframe 
2020-09-29 12:43:29,105 - root - INFO - 输入内容，元素类型 id ,属性值 txtEndDate ， 输入值3000-1-1
2020-09-29 12:43:29,788 - root - INFO - 输入内容，元素类型 id ,属性值 txtCardNo ， 输入值6861
2020-09-29 12:43:29,874 - root - INFO - 鼠标点击，元素类型 id ,属性值 btnSave 
2020-09-29 12:44:26,798 - root - INFO - 测试用例：签约合同
2020-09-29 12:44:33,096 - root - INFO - 鼠标点击，元素类型 link_text ,属性值 学员管理 
2020-09-29 12:44:33,244 - root - INFO - 鼠标点击，元素类型 link_text ,属性值 我的学员 
2020-09-29 12:44:33,538 - root - INFO - 切换iframe，元素类型 name ,属性值 content 
2020-09-29 12:44:34,704 - root - INFO - 鼠标点击，元素类型 link_text ,属性值 签约 
2020-09-29 12:44:34,712 - root - INFO - 切换回主文档
2020-09-29 12:44:34,901 - root - INFO - 切换iframe，元素类型 xpath ,属性值 /html/body/div[6]/div[2]/iframe 
2020-09-29 12:44:35,537 - root - INFO - 输入内容，元素类型 id ,属性值 txtEndDate ， 输入值3000-1-1
2020-09-29 12:44:36,214 - root - INFO - 输入内容，元素类型 id ,属性值 txtCardNo ， 输入值6861
2020-09-29 12:44:36,301 - root - INFO - 鼠标点击，元素类型 id ,属性值 btnSave 
2020-09-29 12:44:57,859 - root - INFO - 测试用例：签约合同
2020-09-29 12:45:04,809 - root - INFO - 鼠标点击，元素类型 link_text ,属性值 学员管理 
2020-09-29 12:45:04,963 - root - INFO - 鼠标点击，元素类型 link_text ,属性值 我的学员 
2020-09-29 12:45:05,288 - root - INFO - 切换iframe，元素类型 name ,属性值 content 
2020-09-29 12:45:06,508 - root - INFO - 鼠标点击，元素类型 link_text ,属性值 签约 
2020-09-29 12:45:06,516 - root - INFO - 切换回主文档
2020-09-29 12:45:06,760 - root - INFO - 切换iframe，元素类型 xpath ,属性值 /html/body/div[6]/div[2]/iframe 
2020-09-29 12:45:07,395 - root - INFO - 输入内容，元素类型 id ,属性值 txtEndDate ， 输入值3000-1-1
2020-09-29 12:45:08,074 - root - INFO - 输入内容，元素类型 id ,属性值 txtCardNo ， 输入值6861
2020-09-29 12:45:08,163 - root - INFO - 鼠标点击，元素类型 id ,属性值 btnSave 
2020-09-29 12:45:30,739 - root - INFO - 测试用例：签约合同
2020-09-29 12:45:36,097 - root - INFO - 鼠标点击，元素类型 link_text ,属性值 学员管理 
2020-09-29 12:45:36,278 - root - INFO - 鼠标点击，元素类型 link_text ,属性值 我的学员 
2020-09-29 12:45:36,578 - root - INFO - 切换iframe，元素类型 name ,属性值 content 
2020-09-29 12:45:37,759 - root - INFO - 鼠标点击，元素类型 link_text ,属性值 签约 
2020-09-29 12:45:37,768 - root - INFO - 切换回主文档
2020-09-29 12:45:37,987 - root - INFO - 切换iframe，元素类型 xpath ,属性值 /html/body/div[6]/div[2]/iframe 
2020-09-29 12:45:38,643 - root - INFO - 输入内容，元素类型 id ,属性值 txtEndDate ， 输入值3000-1-1
2020-09-29 12:45:39,356 - root - INFO - 输入内容，元素类型 id ,属性值 txtCardNo ， 输入值6861
2020-09-29 12:45:39,480 - root - INFO - 鼠标点击，元素类型 id ,属性值 btnSave 
2020-09-29 12:46:04,861 - root - INFO - 测试用例：签约合同
2020-09-29 12:46:10,472 - root - INFO - 鼠标点击，元素类型 link_text ,属性值 学员管理 
2020-09-29 12:46:10,622 - root - INFO - 鼠标点击，元素类型 link_text ,属性值 我的学员 
2020-09-29 12:46:10,883 - root - INFO - 切换iframe，元素类型 name ,属性值 content 
2020-09-29 12:46:12,048 - root - INFO - 鼠标点击，元素类型 link_text ,属性值 签约 
2020-09-29 12:46:12,053 - root - INFO - 切换回主文档
2020-09-29 12:46:12,249 - root - INFO - 切换iframe，元素类型 xpath ,属性值 /html/body/div[6]/div[2]/iframe 
2020-09-29 12:46:12,875 - root - INFO - 输入内容，元素类型 id ,属性值 txtEndDate ， 输入值3000-1-1
2020-09-29 12:46:13,577 - root - INFO - 输入内容，元素类型 id ,属性值 txtCardNo ， 输入值6861
2020-09-29 12:46:13,671 - root - INFO - 鼠标点击，元素类型 id ,属性值 btnSave 
2020-09-29 12:48:47,746 - root - INFO - 测试用例：签约合同
2020-09-29 12:48:52,420 - root - INFO - 鼠标点击，元素类型 link_text ,属性值 学员管理 
2020-09-29 12:48:52,584 - root - INFO - 鼠标点击，元素类型 link_text ,属性值 我的学员 
2020-09-29 12:48:52,902 - root - INFO - 切换iframe，元素类型 name ,属性值 content 
2020-09-29 12:48:54,080 - root - INFO - 鼠标点击，元素类型 link_text ,属性值 签约 
2020-09-29 12:48:54,088 - root - INFO - 切换回主文档
2020-09-29 12:48:54,273 - root - INFO - 切换iframe，元素类型 xpath ,属性值 /html/body/div[6]/div[2]/iframe 
2020-09-29 12:48:54,882 - root - INFO - 输入内容，元素类型 id ,属性值 txtEndDate ， 输入值3000-1-1
2020-09-29 12:48:55,570 - root - INFO - 输入内容，元素类型 id ,属性值 txtCardNo ， 输入值6861
2020-09-29 12:48:55,659 - root - INFO - 鼠标点击，元素类型 id ,属性值 btnSave 
2020-09-29 13:34:26,117 - root - INFO - 测试用例：签约合同
2020-09-29 13:34:35,242 - root - INFO - 鼠标点击，元素类型 link_text ,属性值 学员管理 
2020-09-29 13:34:35,399 - root - INFO - 鼠标点击，元素类型 link_text ,属性值 我的学员 
2020-09-29 13:34:35,680 - root - INFO - 切换iframe，元素类型 name ,属性值 content 
2020-09-29 13:34:36,854 - root - INFO - 鼠标点击，元素类型 link_text ,属性值 签约 
2020-09-29 13:34:36,860 - root - INFO - 切换回主文档
2020-09-29 13:34:37,048 - root - INFO - 切换iframe，元素类型 xpath ,属性值 /html/body/div[6]/div[2]/iframe 
2020-09-29 13:34:37,666 - root - INFO - 输入内容，元素类型 id ,属性值 txtEndDate ， 输入值3000-1-1
2020-09-29 13:34:38,359 - root - INFO - 输入内容，元素类型 id ,属性值 txtCardNo ， 输入值6861
2020-09-29 13:34:38,446 - root - INFO - 鼠标点击，元素类型 id ,属性值 btnSave 
2020-09-29 13:35:55,718 - root - INFO - 测试用例：签约合同
2020-09-29 13:36:09,546 - root - INFO - 鼠标点击，元素类型 link_text ,属性值 学员管理 
2020-09-29 13:36:09,690 - root - INFO - 鼠标点击，元素类型 link_text ,属性值 我的学员 
2020-09-29 13:36:09,948 - root - INFO - 切换iframe，元素类型 name ,属性值 content 
2020-09-29 13:36:11,116 - root - INFO - 鼠标点击，元素类型 link_text ,属性值 签约 
2020-09-29 13:36:11,124 - root - INFO - 切换回主文档
2020-09-29 13:36:11,330 - root - INFO - 切换iframe，元素类型 xpath ,属性值 /html/body/div[6]/div[2]/iframe 
2020-09-29 13:36:11,958 - root - INFO - 输入内容，元素类型 id ,属性值 txtEndDate ， 输入值3000-1-1
2020-09-29 13:36:12,644 - root - INFO - 输入内容，元素类型 id ,属性值 txtCardNo ， 输入值6861
2020-09-29 13:36:12,756 - root - INFO - 鼠标点击，元素类型 id ,属性值 btnSave 
2020-09-29 13:38:23,511 - root - INFO - 测试用例：签约合同
2020-09-29 13:38:28,339 - root - INFO - 鼠标点击，元素类型 link_text ,属性值 学员管理 
2020-09-29 13:38:28,497 - root - INFO - 鼠标点击，元素类型 link_text ,属性值 我的学员 
2020-09-29 13:38:28,813 - root - INFO - 切换iframe，元素类型 name ,属性值 content 
2020-09-29 13:38:30,997 - root - INFO - 鼠标点击，元素类型 link_text ,属性值 签约 
2020-09-29 13:38:31,005 - root - INFO - 切换回主文档
2020-09-29 13:38:31,189 - root - INFO - 切换iframe，元素类型 xpath ,属性值 /html/body/div[6]/div[2]/iframe 
2020-09-29 13:38:31,832 - root - INFO - 输入内容，元素类型 id ,属性值 txtEndDate ， 输入值3000-1-1
2020-09-29 13:38:32,507 - root - INFO - 输入内容，元素类型 id ,属性值 txtCardNo ， 输入值6861
2020-09-29 13:38:32,600 - root - INFO - 鼠标点击，元素类型 id ,属性值 btnSave 
2020-09-29 13:40:27,060 - root - INFO - 测试用例：签约合同
2020-09-29 13:40:36,723 - root - INFO - 鼠标点击，元素类型 link_text ,属性值 学员管理 
2020-09-29 13:40:36,898 - root - INFO - 鼠标点击，元素类型 link_text ,属性值 我的学员 
2020-09-29 13:40:37,226 - root - INFO - 切换iframe，元素类型 name ,属性值 content 
2020-09-29 13:40:38,456 - root - INFO - 鼠标点击，元素类型 link_text ,属性值 签约 
2020-09-29 13:40:38,486 - root - INFO - 切换回主文档
2020-09-29 13:40:38,697 - root - INFO - 切换iframe，元素类型 xpath ,属性值 /html/body/div[6]/div[2]/iframe 
2020-09-29 13:40:39,304 - root - INFO - 输入内容，元素类型 id ,属性值 txtEndDate ， 输入值3000-1-1
2020-09-29 13:40:39,987 - root - INFO - 输入内容，元素类型 id ,属性值 txtCardNo ， 输入值6861
2020-09-29 13:40:40,074 - root - INFO - 鼠标点击，元素类型 id ,属性值 btnSave 
2020-09-29 13:40:41,607 - root - INFO - 切换回主文档
2020-09-29 13:40:43,264 - root - INFO - 鼠标点击，元素类型 class_name ,属性值 close 
2020-09-29 13:40:44,004 - root - INFO - 鼠标点击，元素类型 link_text ,属性值 合同管理 
2020-09-29 13:43:25,439 - root - INFO - 测试用例：签约合同
2020-09-29 13:44:06,745 - root - INFO - 测试用例：签约合同
2020-09-29 13:44:51,687 - root - INFO - 测试用例：签约合同
2020-09-29 13:44:56,551 - root - INFO - 鼠标点击，元素类型 link_text ,属性值 学员管理 
2020-09-29 13:44:56,732 - root - INFO - 鼠标点击，元素类型 link_text ,属性值 我的学员 
2020-09-29 13:44:57,050 - root - INFO - 切换iframe，元素类型 name ,属性值 content 
2020-09-29 13:44:58,207 - root - INFO - 鼠标点击，元素类型 link_text ,属性值 签约 
2020-09-29 13:44:58,215 - root - INFO - 切换回主文档
2020-09-29 13:44:58,416 - root - INFO - 切换iframe，元素类型 xpath ,属性值 /html/body/div[6]/div[2]/iframe 
2020-09-29 13:44:59,040 - root - INFO - 输入内容，元素类型 id ,属性值 txtEndDate ， 输入值3000-1-1
2020-09-29 13:44:59,725 - root - INFO - 输入内容，元素类型 id ,属性值 txtCardNo ， 输入值6861
2020-09-29 13:44:59,819 - root - INFO - 鼠标点击，元素类型 id ,属性值 btnSave 
2020-09-29 13:45:01,837 - root - INFO - 切换回主文档
2020-09-29 13:45:03,466 - root - INFO - 鼠标点击，元素类型 class_name ,属性值 close 
2020-09-29 13:45:04,217 - root - INFO - 鼠标点击，元素类型 link_text ,属性值 合同管理 
2020-09-29 13:45:04,286 - root - INFO - 鼠标点击，元素类型 id ,属性值 menuNormal 
2020-09-29 13:54:31,688 - root - INFO - 测试用例：签约合同
2020-09-29 13:54:40,645 - root - INFO - 鼠标点击，元素类型 link_text ,属性值 学员管理 
2020-09-29 13:54:40,799 - root - INFO - 鼠标点击，元素类型 link_text ,属性值 我的学员 
2020-09-29 13:54:41,066 - root - INFO - 切换iframe，元素类型 name ,属性值 content 
2020-09-29 13:54:42,265 - root - INFO - 鼠标点击，元素类型 link_text ,属性值 签约 
2020-09-29 13:54:42,272 - root - INFO - 切换回主文档
2020-09-29 13:54:42,476 - root - INFO - 切换iframe，元素类型 xpath ,属性值 /html/body/div[6]/div[2]/iframe 
2020-09-29 13:54:43,093 - root - INFO - 输入内容，元素类型 id ,属性值 txtEndDate ， 输入值3000-1-1
2020-09-29 13:54:43,797 - root - INFO - 输入内容，元素类型 id ,属性值 txtCardNo ， 输入值6861
2020-09-29 13:54:43,883 - root - INFO - 鼠标点击，元素类型 id ,属性值 btnSave 
2020-09-29 13:54:45,905 - root - INFO - 切换回主文档
2020-09-29 13:54:47,568 - root - INFO - 鼠标点击，元素类型 class_name ,属性值 close 
2020-09-29 13:54:48,324 - root - INFO - 鼠标点击，元素类型 link_text ,属性值 合同管理 
2020-09-29 13:54:59,568 - root - INFO - 测试用例：签约合同
2020-09-29 13:55:07,980 - root - INFO - 鼠标点击，元素类型 link_text ,属性值 学员管理 
2020-09-29 13:55:08,140 - root - INFO - 鼠标点击，元素类型 link_text ,属性值 我的学员 
2020-09-29 13:55:08,454 - root - INFO - 切换iframe，元素类型 name ,属性值 content 
2020-09-29 13:55:09,632 - root - INFO - 鼠标点击，元素类型 link_text ,属性值 签约 
2020-09-29 13:55:09,639 - root - INFO - 切换回主文档
2020-09-29 13:55:09,829 - root - INFO - 切换iframe，元素类型 xpath ,属性值 /html/body/div[6]/div[2]/iframe 
2020-09-29 13:55:10,455 - root - INFO - 输入内容，元素类型 id ,属性值 txtEndDate ， 输入值3000-1-1
2020-09-29 13:55:11,136 - root - INFO - 输入内容，元素类型 id ,属性值 txtCardNo ， 输入值6861
2020-09-29 13:55:11,232 - root - INFO - 鼠标点击，元素类型 id ,属性值 btnSave 
2020-09-29 13:55:13,255 - root - INFO - 切换回主文档
2020-09-29 13:55:14,925 - root - INFO - 鼠标点击，元素类型 class_name ,属性值 close 
2020-09-29 13:55:15,667 - root - INFO - 鼠标点击，元素类型 link_text ,属性值 合同管理 
2020-09-29 13:55:41,977 - root - INFO - 测试用例：签约合同
2020-09-29 13:55:46,909 - root - INFO - 鼠标点击，元素类型 link_text ,属性值 学员管理 
2020-09-29 13:55:47,158 - root - INFO - 鼠标点击，元素类型 link_text ,属性值 我的学员 
2020-09-29 13:55:47,523 - root - INFO - 切换iframe，元素类型 name ,属性值 content 
2020-09-29 13:55:48,825 - root - INFO - 鼠标点击，元素类型 link_text ,属性值 签约 
2020-09-29 13:55:48,844 - root - INFO - 切换回主文档
2020-09-29 13:55:49,078 - root - INFO - 切换iframe，元素类型 xpath ,属性值 /html/body/div[6]/div[2]/iframe 
2020-09-29 13:55:49,753 - root - INFO - 输入内容，元素类型 id ,属性值 txtEndDate ， 输入值3000-1-1
2020-09-29 13:55:50,435 - root - INFO - 输入内容，元素类型 id ,属性值 txtCardNo ， 输入值6861
2020-09-29 13:55:50,559 - root - INFO - 鼠标点击，元素类型 id ,属性值 btnSave 
2020-09-29 13:55:52,606 - root - INFO - 切换回主文档
2020-09-29 13:55:54,268 - root - INFO - 鼠标点击，元素类型 class_name ,属性值 close 
2020-09-29 13:55:55,011 - root - INFO - 鼠标点击，元素类型 link_text ,属性值 合同管理 
2020-09-29 13:55:55,090 - root - INFO - 鼠标点击，元素类型 id ,属性值 menuNormal 
2020-09-29 14:02:21,600 - root - INFO - 测试用例：签约合同
2020-09-29 14:02:26,127 - root - INFO - 鼠标点击，元素类型 link_text ,属性值 学员管理 
2020-09-29 14:02:26,302 - root - INFO - 鼠标点击，元素类型 link_text ,属性值 我的学员 
2020-09-29 14:02:26,620 - root - INFO - 切换iframe，元素类型 name ,属性值 content 
2020-09-29 14:02:27,818 - root - INFO - 鼠标点击，元素类型 link_text ,属性值 签约 
2020-09-29 14:02:27,826 - root - INFO - 切换回主文档
2020-09-29 14:02:28,058 - root - INFO - 切换iframe，元素类型 xpath ,属性值 /html/body/div[6]/div[2]/iframe 
2020-09-29 14:02:28,677 - root - INFO - 输入内容，元素类型 id ,属性值 txtEndDate ， 输入值3000-1-1
2020-09-29 14:02:29,354 - root - INFO - 输入内容，元素类型 id ,属性值 txtCardNo ， 输入值6861
2020-09-29 14:02:29,439 - root - INFO - 鼠标点击，元素类型 id ,属性值 btnSave 
2020-09-29 14:02:31,464 - root - INFO - 切换回主文档
2020-09-29 14:02:33,144 - root - INFO - 鼠标点击，元素类型 class_name ,属性值 close 
2020-09-29 14:02:33,864 - root - INFO - 鼠标点击，元素类型 link_text ,属性值 合同管理 
2020-09-29 14:02:33,954 - root - INFO - 鼠标点击，元素类型 xpath ,属性值 //*[@id="menuNormal"]/a[3] 
2020-09-29 14:02:34,184 - root - INFO - 切换iframe，元素类型 name ,属性值 content 
2020-09-29 14:02:34,905 - root - INFO - 鼠标点击，元素类型 link_text ,属性值 [审核] 
2020-09-29 14:04:22,356 - root - INFO - 测试用例：添加课程
2020-09-29 14:04:27,231 - root - INFO - 鼠标点击，元素类型 link_text ,属性值 教学管理 
2020-09-29 14:04:27,361 - root - INFO - 鼠标点击，元素类型 link_text ,属性值 课程表 
2020-09-29 14:04:28,657 - root - INFO - 切换iframe，元素类型 name ,属性值 content 
2020-09-29 14:04:29,893 - root - INFO - 切换回主文档
2020-09-29 14:04:30,098 - root - INFO - 切换iframe，元素类型 xpath ,属性值 /html/body/div[6]/div[2]/iframe 
2020-09-29 14:04:30,813 - root - INFO - 鼠标点击，元素类型 class_name ,属性值 bDiv 
2020-09-29 14:04:30,969 - root - INFO - 切换回主文档
2020-09-29 14:04:31,076 - root - INFO - 鼠标点击，元素类型 class_name ,属性值 close 
2020-09-29 14:04:31,118 - root - INFO - 切换iframe，元素类型 name ,属性值 content 
2020-09-29 14:04:31,309 - root - INFO - 鼠标点击，元素类型 id ,属性值 cbMsg 
2020-09-29 14:04:31,414 - root - INFO - 鼠标点击，元素类型 id ,属性值 cbWx 
2020-09-29 14:04:31,532 - root - INFO - 鼠标点击，元素类型 id ,属性值 cbWxTeacher 
2020-09-29 14:04:31,626 - root - INFO - 鼠标点击，元素类型 id ,属性值 btnAppSave 
2020-09-29 14:04:33,435 - root - INFO - 鼠标点击，元素类型 css ,属性值 [title="班级:韩语课程"] 
2020-09-29 14:04:33,541 - root - INFO - 鼠标点击，元素类型 id ,属性值 btnDel 
2020-09-29 14:04:49,292 - root - INFO - 测试用例：签约合同
2020-09-29 14:04:54,135 - root - INFO - 鼠标点击，元素类型 link_text ,属性值 学员管理 
2020-09-29 14:04:54,302 - root - INFO - 鼠标点击，元素类型 link_text ,属性值 我的学员 
2020-09-29 14:04:54,605 - root - INFO - 切换iframe，元素类型 name ,属性值 content 
2020-09-29 14:04:55,823 - root - INFO - 鼠标点击，元素类型 link_text ,属性值 签约 
2020-09-29 14:04:55,835 - root - INFO - 切换回主文档
2020-09-29 14:04:56,019 - root - INFO - 切换iframe，元素类型 xpath ,属性值 /html/body/div[6]/div[2]/iframe 
2020-09-29 14:04:56,647 - root - INFO - 输入内容，元素类型 id ,属性值 txtEndDate ， 输入值3000-1-1
2020-09-29 14:04:57,327 - root - INFO - 输入内容，元素类型 id ,属性值 txtCardNo ， 输入值6861
2020-09-29 14:04:57,424 - root - INFO - 鼠标点击，元素类型 id ,属性值 btnSave 
2020-09-29 14:04:59,477 - root - INFO - 切换回主文档
2020-09-29 14:05:01,136 - root - INFO - 鼠标点击，元素类型 class_name ,属性值 close 
2020-09-29 14:05:01,876 - root - INFO - 鼠标点击，元素类型 link_text ,属性值 合同管理 
2020-09-29 14:05:01,952 - root - INFO - 鼠标点击，元素类型 xpath ,属性值 //*[@id="menuNormal"]/a[3] 
2020-09-29 14:05:02,151 - root - INFO - 切换iframe，元素类型 name ,属性值 content 
2020-09-29 14:05:02,712 - root - INFO - 鼠标点击，元素类型 link_text ,属性值 [审核] 
2020-09-29 14:05:02,718 - root - INFO - 切换回主文档
2020-09-29 14:05:40,946 - root - INFO - 测试用例：签约合同
2020-09-29 14:05:45,968 - root - INFO - 鼠标点击，元素类型 link_text ,属性值 学员管理 
2020-09-29 14:05:46,129 - root - INFO - 鼠标点击，元素类型 link_text ,属性值 我的学员 
2020-09-29 14:05:46,408 - root - INFO - 切换iframe，元素类型 name ,属性值 content 
2020-09-29 14:05:47,614 - root - INFO - 鼠标点击，元素类型 link_text ,属性值 签约 
2020-09-29 14:05:47,624 - root - INFO - 切换回主文档
2020-09-29 14:05:47,797 - root - INFO - 切换iframe，元素类型 xpath ,属性值 /html/body/div[6]/div[2]/iframe 
2020-09-29 14:05:48,431 - root - INFO - 输入内容，元素类型 id ,属性值 txtEndDate ， 输入值3000-1-1
2020-09-29 14:05:49,131 - root - INFO - 输入内容，元素类型 id ,属性值 txtCardNo ， 输入值6861
2020-09-29 14:05:49,218 - root - INFO - 鼠标点击，元素类型 id ,属性值 btnSave 
2020-09-29 14:05:51,247 - root - INFO - 切换回主文档
2020-09-29 14:05:52,880 - root - INFO - 鼠标点击，元素类型 class_name ,属性值 close 
2020-09-29 14:05:53,586 - root - INFO - 鼠标点击，元素类型 link_text ,属性值 合同管理 
2020-09-29 14:05:53,672 - root - INFO - 鼠标点击，元素类型 xpath ,属性值 //*[@id="menuNormal"]/a[3] 
2020-09-29 14:05:53,864 - root - INFO - 切换iframe，元素类型 name ,属性值 content 
2020-09-29 14:05:54,432 - root - INFO - 鼠标点击，元素类型 link_text ,属性值 [审核] 
2020-09-29 14:12:41,406 - root - INFO - 测试用例：签约合同
2020-09-29 14:12:46,515 - root - INFO - 鼠标点击，元素类型 link_text ,属性值 学员管理 
2020-09-29 14:12:46,708 - root - INFO - 鼠标点击，元素类型 link_text ,属性值 我的学员 
2020-09-29 14:12:47,597 - root - INFO - 切换iframe，元素类型 name ,属性值 content 
2020-09-29 14:12:48,855 - root - INFO - 鼠标点击，元素类型 link_text ,属性值 签约 
2020-09-29 14:12:48,863 - root - INFO - 切换回主文档
2020-09-29 14:12:49,072 - root - INFO - 切换iframe，元素类型 xpath ,属性值 /html/body/div[6]/div[2]/iframe 
2020-09-29 14:12:49,757 - root - INFO - 输入内容，元素类型 id ,属性值 txtEndDate ， 输入值3000-1-1
2020-09-29 14:12:50,469 - root - INFO - 输入内容，元素类型 id ,属性值 txtCardNo ， 输入值6861
2020-09-29 14:12:50,578 - root - INFO - 鼠标点击，元素类型 id ,属性值 btnSave 
2020-09-29 14:12:52,607 - root - INFO - 切换回主文档
2020-09-29 14:12:54,267 - root - INFO - 鼠标点击，元素类型 class_name ,属性值 close 
2020-09-29 14:12:55,018 - root - INFO - 鼠标点击，元素类型 link_text ,属性值 合同管理 
2020-09-29 14:12:55,095 - root - INFO - 鼠标点击，元素类型 xpath ,属性值 //*[@id="menuNormal"]/a[3] 
2020-09-29 14:12:55,304 - root - INFO - 切换iframe，元素类型 name ,属性值 content 
2020-09-29 14:12:55,933 - root - INFO - 切换回主文档
2020-09-29 14:31:40,127 - root - INFO - 测试用例：签约合同
2020-09-29 14:31:45,478 - root - INFO - 鼠标点击，元素类型 link_text ,属性值 学员管理 
2020-09-29 14:31:45,745 - root - INFO - 鼠标点击，元素类型 link_text ,属性值 我的学员 
2020-09-29 14:31:46,094 - root - INFO - 切换iframe，元素类型 name ,属性值 content 
2020-09-29 14:31:47,315 - root - INFO - 鼠标点击，元素类型 link_text ,属性值 签约 
2020-09-29 14:31:47,323 - root - INFO - 切换回主文档
2020-09-29 14:31:47,518 - root - INFO - 切换iframe，元素类型 xpath ,属性值 /html/body/div[6]/div[2]/iframe 
2020-09-29 14:31:48,192 - root - INFO - 输入内容，元素类型 id ,属性值 txtEndDate ， 输入值3000-1-1
2020-09-29 14:31:48,901 - root - INFO - 输入内容，元素类型 id ,属性值 txtCardNo ， 输入值6861
2020-09-29 14:31:49,005 - root - INFO - 鼠标点击，元素类型 id ,属性值 btnSave 
2020-09-29 14:31:51,031 - root - INFO - 切换回主文档
2020-09-29 14:31:52,710 - root - INFO - 鼠标点击，元素类型 class_name ,属性值 close 
2020-09-29 14:31:53,405 - root - INFO - 鼠标点击，元素类型 link_text ,属性值 合同管理 
2020-09-29 14:31:53,498 - root - INFO - 鼠标点击，元素类型 xpath ,属性值 //*[@id="menuNormal"]/a[3] 
2020-09-29 14:31:53,763 - root - INFO - 切换iframe，元素类型 name ,属性值 content 
2020-09-29 14:31:54,417 - root - INFO - 切换回主文档
2020-09-29 14:33:00,941 - root - INFO - 测试用例：签约合同
2020-09-29 14:33:08,523 - root - INFO - 鼠标点击，元素类型 link_text ,属性值 学员管理 
2020-09-29 14:33:08,703 - root - INFO - 鼠标点击，元素类型 link_text ,属性值 我的学员 
2020-09-29 14:33:09,029 - root - INFO - 切换iframe，元素类型 name ,属性值 content 
2020-09-29 14:33:10,254 - root - INFO - 鼠标点击，元素类型 link_text ,属性值 签约 
2020-09-29 14:33:10,264 - root - INFO - 切换回主文档
2020-09-29 14:33:10,534 - root - INFO - 切换iframe，元素类型 xpath ,属性值 /html/body/div[6]/div[2]/iframe 
2020-09-29 14:33:11,229 - root - INFO - 输入内容，元素类型 id ,属性值 txtEndDate ， 输入值3000-1-1
2020-09-29 14:33:11,945 - root - INFO - 输入内容，元素类型 id ,属性值 txtCardNo ， 输入值6861
2020-09-29 14:33:12,061 - root - INFO - 鼠标点击，元素类型 id ,属性值 btnSave 
2020-09-29 14:33:14,081 - root - INFO - 切换回主文档
2020-09-29 14:33:15,771 - root - INFO - 鼠标点击，元素类型 class_name ,属性值 close 
2020-09-29 14:33:16,518 - root - INFO - 鼠标点击，元素类型 link_text ,属性值 合同管理 
2020-09-29 14:33:16,603 - root - INFO - 鼠标点击，元素类型 xpath ,属性值 //*[@id="menuNormal"]/a[3] 
2020-09-29 14:33:16,842 - root - INFO - 切换iframe，元素类型 name ,属性值 content 
2020-09-29 14:33:17,696 - root - INFO - 切换回主文档
2020-09-29 14:46:00,448 - root - INFO - 测试用例：添加课程
2020-09-29 14:46:11,926 - root - INFO - 鼠标点击，元素类型 link_text ,属性值 教学管理 
2020-09-29 14:46:12,061 - root - INFO - 鼠标点击，元素类型 link_text ,属性值 课程表 
2020-09-29 14:46:13,288 - root - INFO - 切换iframe，元素类型 name ,属性值 content 
2020-09-29 14:46:14,432 - root - INFO - 切换回主文档
2020-09-29 14:46:14,702 - root - INFO - 切换iframe，元素类型 xpath ,属性值 /html/body/div[6]/div[2]/iframe 
2020-09-29 14:46:15,227 - root - INFO - 鼠标点击，元素类型 class_name ,属性值 bDiv 
2020-09-29 14:46:15,371 - root - INFO - 切换回主文档
2020-09-29 14:46:15,470 - root - INFO - 鼠标点击，元素类型 class_name ,属性值 close 
2020-09-29 14:46:15,496 - root - INFO - 切换iframe，元素类型 name ,属性值 content 
2020-09-29 14:46:15,686 - root - INFO - 鼠标点击，元素类型 id ,属性值 cbMsg 
2020-09-29 14:46:15,797 - root - INFO - 鼠标点击，元素类型 id ,属性值 cbWx 
2020-09-29 14:46:15,885 - root - INFO - 鼠标点击，元素类型 id ,属性值 cbWxTeacher 
2020-09-29 14:46:15,985 - root - INFO - 鼠标点击，元素类型 id ,属性值 btnAppSave 
2020-09-29 14:46:17,877 - root - INFO - 鼠标点击，元素类型 css ,属性值 [title="班级:韩语课程"] 
2020-09-29 14:46:17,991 - root - INFO - 鼠标点击，元素类型 id ,属性值 btnDel 
2020-09-29 14:46:41,194 - root - INFO - 测试用例：签约合同
2020-09-29 14:46:46,353 - root - INFO - 鼠标点击，元素类型 link_text ,属性值 学员管理 
2020-09-29 14:46:46,571 - root - INFO - 鼠标点击，元素类型 link_text ,属性值 我的学员 
2020-09-29 14:46:46,952 - root - INFO - 切换iframe，元素类型 name ,属性值 content 
2020-09-29 14:46:48,212 - root - INFO - 鼠标点击，元素类型 link_text ,属性值 签约 
2020-09-29 14:46:48,221 - root - INFO - 切换回主文档
2020-09-29 14:46:48,487 - root - INFO - 切换iframe，元素类型 xpath ,属性值 /html/body/div[6]/div[2]/iframe 
2020-09-29 14:46:49,184 - root - INFO - 输入内容，元素类型 id ,属性值 txtEndDate ， 输入值3000-1-1
2020-09-29 14:46:49,933 - root - INFO - 输入内容，元素类型 id ,属性值 txtCardNo ， 输入值6861
2020-09-29 14:46:50,046 - root - INFO - 鼠标点击，元素类型 id ,属性值 btnSave 
2020-09-29 14:46:52,059 - root - INFO - 切换回主文档
2020-09-29 14:46:53,719 - root - INFO - 鼠标点击，元素类型 class_name ,属性值 close 
2020-09-29 14:46:54,496 - root - INFO - 鼠标点击，元素类型 link_text ,属性值 合同管理 
2020-09-29 14:46:54,581 - root - INFO - 鼠标点击，元素类型 xpath ,属性值 //*[@id="menuNormal"]/a[3] 
2020-09-29 14:46:54,881 - root - INFO - 切换iframe，元素类型 name ,属性值 content 
2020-09-29 14:46:55,724 - root - INFO - 切换回主文档
2020-09-29 14:52:49,952 - root - INFO - 测试用例：签约合同
2020-09-29 14:52:55,077 - root - INFO - 鼠标点击，元素类型 link_text ,属性值 学员管理 
2020-09-29 14:52:55,297 - root - INFO - 鼠标点击，元素类型 link_text ,属性值 我的学员 
2020-09-29 14:52:55,692 - root - INFO - 切换iframe，元素类型 name ,属性值 content 
2020-09-29 14:52:57,193 - root - INFO - 鼠标点击，元素类型 link_text ,属性值 签约 
2020-09-29 14:52:57,206 - root - INFO - 切换回主文档
2020-09-29 14:52:57,519 - root - INFO - 切换iframe，元素类型 xpath ,属性值 /html/body/div[6]/div[2]/iframe 
2020-09-29 14:52:58,355 - root - INFO - 输入内容，元素类型 id ,属性值 txtEndDate ， 输入值3000-1-1
2020-09-29 14:52:59,180 - root - INFO - 输入内容，元素类型 id ,属性值 txtCardNo ， 输入值6861
2020-09-29 14:52:59,324 - root - INFO - 鼠标点击，元素类型 id ,属性值 btnSave 
2020-09-29 14:53:01,355 - root - INFO - 切换回主文档
2020-09-29 14:53:03,053 - root - INFO - 鼠标点击，元素类型 class_name ,属性值 close 
2020-09-29 14:53:03,811 - root - INFO - 鼠标点击，元素类型 link_text ,属性值 合同管理 
2020-09-29 14:53:03,942 - root - INFO - 鼠标点击，元素类型 xpath ,属性值 //*[@id="menuNormal"]/a[3] 
2020-09-29 14:53:04,265 - root - INFO - 切换iframe，元素类型 name ,属性值 content 
2020-09-29 14:53:05,260 - root - INFO - 切换回主文档
2020-09-29 14:54:04,374 - root - INFO - 测试用例：签约合同
2020-09-29 14:54:13,348 - root - INFO - 鼠标点击，元素类型 link_text ,属性值 学员管理 
2020-09-29 14:54:13,557 - root - INFO - 鼠标点击，元素类型 link_text ,属性值 我的学员 
2020-09-29 14:54:13,896 - root - INFO - 切换iframe，元素类型 name ,属性值 content 
2020-09-29 14:54:15,135 - root - INFO - 鼠标点击，元素类型 link_text ,属性值 签约 
2020-09-29 14:54:15,145 - root - INFO - 切换回主文档
2020-09-29 14:54:15,372 - root - INFO - 切换iframe，元素类型 xpath ,属性值 /html/body/div[6]/div[2]/iframe 
2020-09-29 14:54:16,103 - root - INFO - 输入内容，元素类型 id ,属性值 txtEndDate ， 输入值3000-1-1
2020-09-29 14:54:16,884 - root - INFO - 输入内容，元素类型 id ,属性值 txtCardNo ， 输入值6861
2020-09-29 14:54:17,012 - root - INFO - 鼠标点击，元素类型 id ,属性值 btnSave 
2020-09-29 14:54:19,049 - root - INFO - 切换回主文档
2020-09-29 14:54:20,735 - root - INFO - 鼠标点击，元素类型 class_name ,属性值 close 
2020-09-29 14:54:21,493 - root - INFO - 鼠标点击，元素类型 link_text ,属性值 合同管理 
2020-09-29 14:54:21,585 - root - INFO - 鼠标点击，元素类型 xpath ,属性值 //*[@id="menuNormal"]/a[3] 
2020-09-29 14:54:21,865 - root - INFO - 切换iframe，元素类型 name ,属性值 content 
2020-09-29 14:54:22,842 - root - INFO - 切换回主文档
2020-09-29 14:57:20,840 - root - INFO - 测试用例：签约合同
2020-09-29 14:57:25,482 - root - INFO - 鼠标点击，元素类型 link_text ,属性值 学员管理 
2020-09-29 14:57:25,685 - root - INFO - 鼠标点击，元素类型 link_text ,属性值 我的学员 
2020-09-29 14:57:26,048 - root - INFO - 切换iframe，元素类型 name ,属性值 content 
2020-09-29 14:57:27,342 - root - INFO - 鼠标点击，元素类型 link_text ,属性值 签约 
2020-09-29 14:57:27,348 - root - INFO - 切换回主文档
2020-09-29 14:57:27,691 - root - INFO - 切换iframe，元素类型 xpath ,属性值 /html/body/div[6]/div[2]/iframe 
2020-09-29 14:57:28,367 - root - INFO - 输入内容，元素类型 id ,属性值 txtEndDate ， 输入值3000-1-1
2020-09-29 14:57:29,095 - root - INFO - 输入内容，元素类型 id ,属性值 txtCardNo ， 输入值6861
2020-09-29 14:57:29,202 - root - INFO - 鼠标点击，元素类型 id ,属性值 btnSave 
2020-09-29 14:57:31,218 - root - INFO - 切换回主文档
2020-09-29 14:57:32,913 - root - INFO - 鼠标点击，元素类型 class_name ,属性值 close 
2020-09-29 14:57:33,653 - root - INFO - 鼠标点击，元素类型 link_text ,属性值 合同管理 
2020-09-29 14:57:33,890 - root - INFO - 鼠标点击，元素类型 xpath ,属性值 //*[@id="menuNormal"]/a[3] 
2020-09-29 14:57:34,162 - root - INFO - 切换iframe，元素类型 name ,属性值 content 
2020-09-29 14:57:35,079 - root - INFO - 切换回主文档
2020-09-29 14:59:04,681 - root - INFO - 测试用例：签约合同
2020-09-29 14:59:15,417 - root - INFO - 鼠标点击，元素类型 link_text ,属性值 学员管理 
2020-09-29 14:59:15,684 - root - INFO - 鼠标点击，元素类型 link_text ,属性值 我的学员 
2020-09-29 14:59:16,033 - root - INFO - 切换iframe，元素类型 name ,属性值 content 
2020-09-29 14:59:17,372 - root - INFO - 鼠标点击，元素类型 link_text ,属性值 签约 
2020-09-29 14:59:17,385 - root - INFO - 切换回主文档
2020-09-29 14:59:17,667 - root - INFO - 切换iframe，元素类型 xpath ,属性值 /html/body/div[6]/div[2]/iframe 
2020-09-29 14:59:18,393 - root - INFO - 输入内容，元素类型 id ,属性值 txtEndDate ， 输入值3000-1-1
2020-09-29 14:59:19,117 - root - INFO - 输入内容，元素类型 id ,属性值 txtCardNo ， 输入值6861
2020-09-29 14:59:19,217 - root - INFO - 鼠标点击，元素类型 id ,属性值 btnSave 
2020-09-29 14:59:21,247 - root - INFO - 切换回主文档
2020-09-29 14:59:22,920 - root - INFO - 鼠标点击，元素类型 class_name ,属性值 close 
2020-09-29 14:59:23,687 - root - INFO - 鼠标点击，元素类型 link_text ,属性值 合同管理 
2020-09-29 14:59:23,802 - root - INFO - 鼠标点击，元素类型 xpath ,属性值 //*[@id="menuNormal"]/a[3] 
2020-09-29 14:59:24,040 - root - INFO - 切换iframe，元素类型 name ,属性值 content 
2020-09-29 14:59:24,909 - root - INFO - 切换回主文档
2020-09-29 15:01:55,001 - root - INFO - 测试用例：签约合同
2020-09-29 15:02:03,742 - root - INFO - 鼠标点击，元素类型 link_text ,属性值 学员管理 
2020-09-29 15:02:03,992 - root - INFO - 鼠标点击，元素类型 link_text ,属性值 我的学员 
2020-09-29 15:02:04,303 - root - INFO - 切换iframe，元素类型 name ,属性值 content 
2020-09-29 15:02:05,501 - root - INFO - 鼠标点击，元素类型 link_text ,属性值 签约 
2020-09-29 15:02:05,507 - root - INFO - 切换回主文档
2020-09-29 15:02:06,035 - root - INFO - 切换iframe，元素类型 xpath ,属性值 /html/body/div[6]/div[2]/iframe 
2020-09-29 15:02:06,696 - root - INFO - 输入内容，元素类型 id ,属性值 txtEndDate ， 输入值3000-1-1
2020-09-29 15:02:07,440 - root - INFO - 输入内容，元素类型 id ,属性值 txtCardNo ， 输入值6861
2020-09-29 15:02:07,540 - root - INFO - 鼠标点击，元素类型 id ,属性值 btnSave 
2020-09-29 15:02:09,561 - root - INFO - 切换回主文档
2020-09-29 15:02:11,246 - root - INFO - 鼠标点击，元素类型 class_name ,属性值 close 
2020-09-29 15:02:11,958 - root - INFO - 鼠标点击，元素类型 link_text ,属性值 合同管理 
2020-09-29 15:02:12,045 - root - INFO - 鼠标点击，元素类型 xpath ,属性值 //*[@id="menuNormal"]/a[3] 
2020-09-29 15:02:12,279 - root - INFO - 切换iframe，元素类型 name ,属性值 content 
2020-09-29 15:06:30,649 - root - INFO - 测试用例：签约合同
2020-09-29 15:06:38,090 - root - INFO - 鼠标点击，元素类型 link_text ,属性值 学员管理 
2020-09-29 15:06:38,267 - root - INFO - 鼠标点击，元素类型 link_text ,属性值 我的学员 
2020-09-29 15:06:38,566 - root - INFO - 切换iframe，元素类型 name ,属性值 content 
2020-09-29 15:06:39,835 - root - INFO - 鼠标点击，元素类型 link_text ,属性值 签约 
2020-09-29 15:06:39,843 - root - INFO - 切换回主文档
2020-09-29 15:06:40,100 - root - INFO - 切换iframe，元素类型 xpath ,属性值 /html/body/div[6]/div[2]/iframe 
2020-09-29 15:06:40,812 - root - INFO - 输入内容，元素类型 id ,属性值 txtEndDate ， 输入值3000-1-1
2020-09-29 15:06:41,518 - root - INFO - 输入内容，元素类型 id ,属性值 txtCardNo ， 输入值6861
2020-09-29 15:06:41,617 - root - INFO - 鼠标点击，元素类型 id ,属性值 btnSave 
2020-09-29 15:06:43,652 - root - INFO - 切换回主文档
2020-09-29 15:06:45,344 - root - INFO - 鼠标点击，元素类型 class_name ,属性值 close 
2020-09-29 15:06:46,108 - root - INFO - 鼠标点击，元素类型 link_text ,属性值 合同管理 
2020-09-29 15:06:46,221 - root - INFO - 鼠标点击，元素类型 xpath ,属性值 //*[@id="menuNormal"]/a[3] 
2020-09-29 15:06:46,489 - root - INFO - 切换iframe，元素类型 name ,属性值 content 
2020-09-29 15:06:47,299 - root - INFO - 切换回主文档
2020-09-29 15:09:44,972 - root - INFO - 测试用例：签约合同
2020-09-29 15:09:50,597 - root - INFO - 鼠标点击，元素类型 link_text ,属性值 合同管理 
2020-09-29 15:09:50,710 - root - INFO - 鼠标点击，元素类型 xpath ,属性值 //*[@id="menuNormal"]/a[3] 
2020-09-29 15:09:51,047 - root - INFO - 切换iframe，元素类型 name ,属性值 content 
2020-09-29 15:10:16,018 - root - INFO - 测试用例：签约合同
2020-09-29 15:10:20,951 - root - INFO - 鼠标点击，元素类型 link_text ,属性值 合同管理 
2020-09-29 15:10:21,093 - root - INFO - 鼠标点击，元素类型 xpath ,属性值 //*[@id="menuNormal"]/a[3] 
2020-09-29 15:10:21,433 - root - INFO - 切换iframe，元素类型 name ,属性值 content 
2020-09-29 15:10:52,065 - root - INFO - 测试用例：签约合同
2020-09-29 15:10:57,724 - root - INFO - 鼠标点击，元素类型 link_text ,属性值 合同管理 
2020-09-29 15:10:57,827 - root - INFO - 鼠标点击，元素类型 xpath ,属性值 //*[@id="menuNormal"]/a[3] 
2020-09-29 15:10:58,198 - root - INFO - 切换iframe，元素类型 name ,属性值 content 
2020-09-29 15:17:27,775 - root - INFO - 测试用例：签约合同
2020-09-29 15:17:41,520 - root - INFO - 鼠标点击，元素类型 link_text ,属性值 合同管理 
2020-09-29 15:17:41,604 - root - INFO - 鼠标点击，元素类型 xpath ,属性值 //*[@id="menuNormal"]/a[3] 
2020-09-29 15:17:41,999 - root - INFO - 切换iframe，元素类型 name ,属性值 content 
2020-09-29 15:17:42,985 - root - INFO - 鼠标点击，元素类型 id ,属性值 btnCheck 
2020-09-29 15:20:04,193 - root - INFO - 测试用例：签约合同
2020-09-29 15:20:16,122 - root - INFO - 鼠标点击，元素类型 link_text ,属性值 合同管理 
2020-09-29 15:20:16,219 - root - INFO - 鼠标点击，元素类型 xpath ,属性值 //*[@id="menuNormal"]/a[3] 
2020-09-29 15:20:16,508 - root - INFO - 切换iframe，元素类型 name ,属性值 content 
2020-09-29 15:20:17,559 - root - INFO - 鼠标点击，元素类型 id ,属性值 btnCheck 
2020-09-29 16:38:05,728 - root - INFO - 测试用例：添加学员
2020-09-29 16:38:11,220 - root - INFO - 鼠标点击，元素类型 link_text ,属性值 学员管理 
2020-09-29 16:38:11,383 - root - INFO - 鼠标点击，元素类型 link_text ,属性值 添加学员 
2020-09-29 16:38:11,758 - root - INFO - 切换iframe，元素类型 name ,属性值 content 
2020-09-29 16:38:11,962 - root - INFO - 输入内容，元素类型 id ,属性值 txtRealName ， 输入值分分
2020-09-29 16:38:12,129 - root - INFO - 输入内容，元素类型 id ,属性值 txtMobile ， 输入值15548757829
