2020-10-09 09:17:03,343 - root - INFO - 测试用例：签约合同
2020-10-09 09:17:13,697 - root - INFO - 鼠标点击，元素类型 link_text ,属性值 学员管理 
2020-10-09 09:17:13,873 - root - INFO - 鼠标点击，元素类型 link_text ,属性值 批量导入学员 
2020-10-09 09:17:13,989 - root - INFO - 切换iframe，元素类型 name ,属性值 content 
2020-10-09 09:17:14,105 - root - INFO - 鼠标点击，元素类型 link_text ,属性值 未签约学员导入模板 
2020-10-09 09:17:14,233 - root - INFO - 鼠标点击，元素类型 id ,属性值 linkDown 
2020-10-09 09:17:14,716 - root - INFO - 输入内容，元素类型 id ,属性值 FileUpload1 ， 输入值C:\Users\Administrator\Desktop\import.xls
2020-10-09 09:17:16,170 - root - INFO - 鼠标点击，元素类型 id ,属性值 btnSaveNew 
2020-10-09 09:17:24,937 - root - INFO - 测试用例：签约合同
2020-10-09 09:17:29,433 - root - INFO - 鼠标点击，元素类型 link_text ,属性值 学员管理 
2020-10-09 09:17:29,594 - root - INFO - 鼠标点击，元素类型 link_text ,属性值 批量导入学员 
2020-10-09 09:17:29,703 - root - INFO - 切换iframe，元素类型 name ,属性值 content 
2020-10-09 09:17:29,806 - root - INFO - 鼠标点击，元素类型 link_text ,属性值 未签约学员导入模板 
2020-10-09 09:17:29,921 - root - INFO - 鼠标点击，元素类型 id ,属性值 linkDown 
2020-10-09 09:17:30,406 - root - INFO - 输入内容，元素类型 id ,属性值 FileUpload1 ， 输入值C:\Users\Administrator\Desktop\import.xls
2020-10-09 09:17:32,158 - root - INFO - 鼠标点击，元素类型 id ,属性值 btnSaveNew 
2020-10-09 09:17:41,174 - root - INFO - 测试用例：签约合同
2020-10-09 09:17:51,173 - root - INFO - 鼠标点击，元素类型 link_text ,属性值 学员管理 
2020-10-09 09:17:51,339 - root - INFO - 鼠标点击，元素类型 link_text ,属性值 批量导入学员 
2020-10-09 09:17:51,454 - root - INFO - 切换iframe，元素类型 name ,属性值 content 
2020-10-09 09:17:51,557 - root - INFO - 鼠标点击，元素类型 link_text ,属性值 未签约学员导入模板 
2020-10-09 09:17:51,698 - root - INFO - 鼠标点击，元素类型 id ,属性值 linkDown 
2020-10-09 09:17:52,115 - root - INFO - 输入内容，元素类型 id ,属性值 FileUpload1 ， 输入值C:\Users\Administrator\Desktop\import.xls
2020-10-09 09:17:53,877 - root - INFO - 鼠标点击，元素类型 id ,属性值 btnSaveNew 
2020-10-09 09:19:00,713 - root - INFO - 测试用例：签约合同
2020-10-09 09:19:09,886 - root - INFO - 鼠标点击，元素类型 link_text ,属性值 学员管理 
2020-10-09 09:19:10,034 - root - INFO - 鼠标点击，元素类型 link_text ,属性值 批量导入学员 
2020-10-09 09:19:10,138 - root - INFO - 切换iframe，元素类型 name ,属性值 content 
2020-10-09 09:19:10,237 - root - INFO - 鼠标点击，元素类型 link_text ,属性值 未签约学员导入模板 
2020-10-09 09:19:10,351 - root - INFO - 鼠标点击，元素类型 id ,属性值 linkDown 
2020-10-09 09:19:10,922 - root - INFO - 输入内容，元素类型 id ,属性值 FileUpload1 ， 输入值C:\Users\Administrator\Desktop\import.xls
2020-10-09 09:19:12,639 - root - INFO - 鼠标点击，元素类型 id ,属性值 btnSaveNew 
2020-10-09 09:19:13,512 - root - INFO - 测试用例：签约合同
2020-10-09 09:19:19,409 - root - INFO - 鼠标点击，元素类型 link_text ,属性值 学员管理 
2020-10-09 09:19:19,529 - root - INFO - 鼠标点击，元素类型 link_text ,属性值 批量导入学员 
2020-10-09 09:19:19,623 - root - INFO - 切换iframe，元素类型 name ,属性值 content 
2020-10-09 09:19:19,729 - root - INFO - 鼠标点击，元素类型 link_text ,属性值 未签约学员导入模板 
2020-10-09 09:19:19,822 - root - INFO - 鼠标点击，元素类型 id ,属性值 linkDown 
2020-10-09 09:19:20,330 - root - INFO - 输入内容，元素类型 id ,属性值 FileUpload1 ， 输入值C:\Users\Administrator\Desktop\import.xls
2020-10-09 09:19:21,678 - root - INFO - 鼠标点击，元素类型 id ,属性值 btnSaveNew 
2020-10-09 09:19:22,454 - root - INFO - 测试用例：签约合同
2020-10-09 09:19:23,966 - root - INFO - 鼠标点击，元素类型 link_text ,属性值 学员管理 
2020-10-09 09:19:24,088 - root - INFO - 鼠标点击，元素类型 link_text ,属性值 批量导入学员 
2020-10-09 09:19:24,196 - root - INFO - 切换iframe，元素类型 name ,属性值 content 
2020-10-09 09:19:25,003 - root - INFO - 测试用例：添加课程
2020-10-09 09:19:27,070 - root - INFO - 鼠标点击，元素类型 link_text ,属性值 教学管理 
2020-10-09 09:19:27,314 - root - INFO - 鼠标点击，元素类型 link_text ,属性值 课程表 
2020-10-09 09:19:28,486 - root - INFO - 切换iframe，元素类型 name ,属性值 content 
2020-10-09 09:19:29,491 - root - INFO - 切换回主文档
2020-10-09 09:19:29,636 - root - INFO - 切换iframe，元素类型 xpath ,属性值 /html/body/div[6]/div[2]/iframe 
2020-10-09 09:19:30,063 - root - INFO - 鼠标点击，元素类型 class_name ,属性值 bDiv 
2020-10-09 09:19:30,207 - root - INFO - 切换回主文档
2020-10-09 09:19:30,302 - root - INFO - 鼠标点击，元素类型 class_name ,属性值 close 
2020-10-09 09:19:30,337 - root - INFO - 切换iframe，元素类型 name ,属性值 content 
2020-10-09 09:19:30,497 - root - INFO - 鼠标点击，元素类型 id ,属性值 cbMsg 
2020-10-09 09:19:30,580 - root - INFO - 鼠标点击，元素类型 id ,属性值 cbWx 
2020-10-09 09:19:30,660 - root - INFO - 鼠标点击，元素类型 id ,属性值 cbWxTeacher 
2020-10-09 09:19:30,738 - root - INFO - 鼠标点击，元素类型 id ,属性值 btnAppSave 
2020-10-09 09:19:32,435 - root - INFO - 鼠标点击，元素类型 css ,属性值 [title="班级:韩语课程"] 
2020-10-09 09:19:32,524 - root - INFO - 鼠标点击，元素类型 id ,属性值 btnDel 
2020-10-09 09:21:24,457 - root - INFO - 测试用例：添加课程
2020-10-09 09:21:29,784 - root - INFO - 鼠标点击，元素类型 link_text ,属性值 教学管理 
2020-10-09 09:21:29,986 - root - INFO - 鼠标点击，元素类型 link_text ,属性值 课程表 
2020-10-09 09:21:31,179 - root - INFO - 切换iframe，元素类型 name ,属性值 content 
2020-10-09 09:21:32,402 - root - INFO - 切换回主文档
2020-10-09 09:21:32,559 - root - INFO - 切换iframe，元素类型 xpath ,属性值 /html/body/div[6]/div[2]/iframe 
2020-10-09 09:21:33,039 - root - INFO - 鼠标点击，元素类型 class_name ,属性值 bDiv 
2020-10-09 09:21:33,205 - root - INFO - 切换回主文档
2020-10-09 09:21:33,288 - root - INFO - 鼠标点击，元素类型 class_name ,属性值 close 
2020-10-09 09:21:33,340 - root - INFO - 切换iframe，元素类型 name ,属性值 content 
2020-10-09 09:21:33,500 - root - INFO - 鼠标点击，元素类型 id ,属性值 cbMsg 
2020-10-09 09:21:33,582 - root - INFO - 鼠标点击，元素类型 id ,属性值 cbWx 
2020-10-09 09:21:33,665 - root - INFO - 鼠标点击，元素类型 id ,属性值 cbWxTeacher 
2020-10-09 09:21:33,745 - root - INFO - 鼠标点击，元素类型 id ,属性值 btnAppSave 
2020-10-09 09:21:35,756 - root - INFO - 鼠标点击，元素类型 css ,属性值 [title="班级:韩语课程"] 
2020-10-09 09:21:35,836 - root - INFO - 鼠标点击，元素类型 id ,属性值 btnDel 
2020-10-09 09:22:20,717 - root - INFO - 测试用例：添加课程
2020-10-09 09:22:26,129 - root - INFO - 鼠标点击，元素类型 link_text ,属性值 教学管理 
2020-10-09 09:22:26,292 - root - INFO - 鼠标点击，元素类型 link_text ,属性值 课程表 
2020-10-09 09:22:27,530 - root - INFO - 切换iframe，元素类型 name ,属性值 content 
2020-10-09 09:22:28,742 - root - INFO - 切换回主文档
2020-10-09 09:22:28,906 - root - INFO - 切换iframe，元素类型 xpath ,属性值 /html/body/div[6]/div[2]/iframe 
2020-10-09 09:22:29,382 - root - INFO - 鼠标点击，元素类型 class_name ,属性值 bDiv 
2020-10-09 09:22:29,557 - root - INFO - 切换回主文档
2020-10-09 09:22:29,637 - root - INFO - 鼠标点击，元素类型 class_name ,属性值 close 
2020-10-09 09:22:29,673 - root - INFO - 切换iframe，元素类型 name ,属性值 content 
2020-10-09 09:22:29,856 - root - INFO - 鼠标点击，元素类型 id ,属性值 cbMsg 
2020-10-09 09:22:29,946 - root - INFO - 鼠标点击，元素类型 id ,属性值 cbWx 
2020-10-09 09:22:30,030 - root - INFO - 鼠标点击，元素类型 id ,属性值 cbWxTeacher 
2020-10-09 09:22:30,111 - root - INFO - 鼠标点击，元素类型 id ,属性值 btnAppSave 
2020-10-09 09:22:32,257 - root - INFO - 鼠标点击，元素类型 css ,属性值 [title="班级:韩语课程"] 
2020-10-09 09:22:32,331 - root - INFO - 鼠标点击，元素类型 id ,属性值 btnDel 
2020-10-09 09:22:42,950 - root - INFO - 测试用例：添加课程
2020-10-09 09:22:50,682 - root - INFO - 鼠标点击，元素类型 link_text ,属性值 教学管理 
2020-10-09 09:22:50,814 - root - INFO - 鼠标点击，元素类型 link_text ,属性值 课程表 
2020-10-09 09:22:52,003 - root - INFO - 切换iframe，元素类型 name ,属性值 content 
2020-10-09 09:22:53,266 - root - INFO - 切换回主文档
2020-10-09 09:22:53,437 - root - INFO - 切换iframe，元素类型 xpath ,属性值 /html/body/div[6]/div[2]/iframe 
2020-10-09 09:22:53,943 - root - INFO - 鼠标点击，元素类型 class_name ,属性值 bDiv 
2020-10-09 09:22:54,142 - root - INFO - 切换回主文档
2020-10-09 09:22:54,209 - root - INFO - 鼠标点击，元素类型 class_name ,属性值 close 
2020-10-09 09:22:54,231 - root - INFO - 切换iframe，元素类型 name ,属性值 content 
2020-10-09 09:22:54,429 - root - INFO - 鼠标点击，元素类型 id ,属性值 cbMsg 
2020-10-09 09:22:54,517 - root - INFO - 鼠标点击，元素类型 id ,属性值 cbWx 
2020-10-09 09:22:54,600 - root - INFO - 鼠标点击，元素类型 id ,属性值 cbWxTeacher 
2020-10-09 09:22:54,682 - root - INFO - 鼠标点击，元素类型 id ,属性值 btnAppSave 
2020-10-09 09:22:56,842 - root - INFO - 鼠标点击，元素类型 css ,属性值 [title="班级:韩语课程"] 
2020-10-09 09:22:56,921 - root - INFO - 鼠标点击，元素类型 id ,属性值 btnDel 
2020-10-09 09:23:07,180 - root - INFO - 测试用例：添加课程
2020-10-09 09:23:14,451 - root - INFO - 鼠标点击，元素类型 link_text ,属性值 教学管理 
2020-10-09 09:23:14,591 - root - INFO - 鼠标点击，元素类型 link_text ,属性值 课程表 
2020-10-09 09:23:15,901 - root - INFO - 切换iframe，元素类型 name ,属性值 content 
2020-10-09 09:23:17,222 - root - INFO - 切换回主文档
2020-10-09 09:23:17,384 - root - INFO - 切换iframe，元素类型 xpath ,属性值 /html/body/div[6]/div[2]/iframe 
2020-10-09 09:23:17,923 - root - INFO - 鼠标点击，元素类型 class_name ,属性值 bDiv 
2020-10-09 09:23:18,091 - root - INFO - 切换回主文档
2020-10-09 09:23:18,169 - root - INFO - 鼠标点击，元素类型 class_name ,属性值 close 
2020-10-09 09:23:18,219 - root - INFO - 切换iframe，元素类型 name ,属性值 content 
2020-10-09 09:23:18,400 - root - INFO - 鼠标点击，元素类型 id ,属性值 cbMsg 
2020-10-09 09:23:18,488 - root - INFO - 鼠标点击，元素类型 id ,属性值 cbWx 
2020-10-09 09:23:18,575 - root - INFO - 鼠标点击，元素类型 id ,属性值 cbWxTeacher 
2020-10-09 09:23:18,658 - root - INFO - 鼠标点击，元素类型 id ,属性值 btnAppSave 
2020-10-09 09:23:20,636 - root - INFO - 鼠标点击，元素类型 css ,属性值 [title="班级:韩语课程"] 
2020-10-09 09:23:20,767 - root - INFO - 鼠标点击，元素类型 id ,属性值 btnDel 
2020-10-09 09:33:11,369 - root - INFO - 测试用例：签约合同
2020-10-09 09:33:18,710 - root - INFO - 鼠标点击，元素类型 link_text ,属性值 学员管理 
2020-10-09 09:33:18,899 - root - INFO - 鼠标点击，元素类型 link_text ,属性值 批量导入学员 
2020-10-09 09:33:19,012 - root - INFO - 切换iframe，元素类型 name ,属性值 content 
2020-10-09 09:33:19,123 - root - INFO - 鼠标点击，元素类型 link_text ,属性值 未签约学员导入模板 
2020-10-09 09:33:19,274 - root - INFO - 鼠标点击，元素类型 id ,属性值 linkDown 
2020-10-09 09:33:19,856 - root - INFO - 输入内容，元素类型 id ,属性值 FileUpload1 ， 输入值C:\Users\Administrator\Desktop\import.xls
2020-10-09 09:33:21,235 - root - INFO - 鼠标点击，元素类型 id ,属性值 btnSaveNew 
2020-10-09 09:33:22,113 - root - INFO - 测试用例：签约合同
2020-10-09 09:33:24,521 - root - INFO - 鼠标点击，元素类型 link_text ,属性值 学员管理 
2020-10-09 09:33:24,663 - root - INFO - 鼠标点击，元素类型 link_text ,属性值 批量导入学员 
2020-10-09 09:33:24,831 - root - INFO - 切换iframe，元素类型 name ,属性值 content 
2020-10-09 09:33:24,929 - root - INFO - 鼠标点击，元素类型 link_text ,属性值 未签约学员导入模板 
2020-10-09 09:33:25,027 - root - INFO - 鼠标点击，元素类型 id ,属性值 linkDown 
2020-10-09 09:33:25,524 - root - INFO - 输入内容，元素类型 id ,属性值 FileUpload1 ， 输入值C:\Users\Administrator\Desktop\import.xls
2020-10-09 09:33:26,894 - root - INFO - 鼠标点击，元素类型 id ,属性值 btnSaveNew 
2020-10-09 09:33:27,687 - root - INFO - 测试用例：签约合同
2020-10-09 09:33:29,227 - root - INFO - 鼠标点击，元素类型 link_text ,属性值 学员管理 
2020-10-09 09:33:29,456 - root - INFO - 鼠标点击，元素类型 link_text ,属性值 批量导入学员 
2020-10-09 09:33:29,564 - root - INFO - 切换iframe，元素类型 name ,属性值 content 
2020-10-09 09:33:33,546 - root - INFO - 测试用例：添加课程
2020-10-09 09:33:40,207 - root - INFO - 鼠标点击，元素类型 link_text ,属性值 教学管理 
2020-10-09 09:33:40,325 - root - INFO - 鼠标点击，元素类型 link_text ,属性值 课程表 
2020-10-09 09:33:41,466 - root - INFO - 切换iframe，元素类型 name ,属性值 content 
2020-10-09 09:33:42,629 - root - INFO - 切换回主文档
2020-10-09 09:33:42,802 - root - INFO - 切换iframe，元素类型 xpath ,属性值 /html/body/div[6]/div[2]/iframe 
2020-10-09 09:33:43,296 - root - INFO - 鼠标点击，元素类型 class_name ,属性值 bDiv 
2020-10-09 09:33:43,453 - root - INFO - 切换回主文档
2020-10-09 09:33:43,518 - root - INFO - 鼠标点击，元素类型 class_name ,属性值 close 
2020-10-09 09:33:43,543 - root - INFO - 切换iframe，元素类型 name ,属性值 content 
2020-10-09 09:33:43,766 - root - INFO - 鼠标点击，元素类型 id ,属性值 cbMsg 
2020-10-09 09:33:43,844 - root - INFO - 鼠标点击，元素类型 id ,属性值 cbWx 
2020-10-09 09:33:43,927 - root - INFO - 鼠标点击，元素类型 id ,属性值 cbWxTeacher 
2020-10-09 09:33:44,009 - root - INFO - 鼠标点击，元素类型 id ,属性值 btnAppSave 
2020-10-09 09:33:45,982 - root - INFO - 鼠标点击，元素类型 css ,属性值 [title="班级:韩语课程"] 
2020-10-09 09:33:46,099 - root - INFO - 鼠标点击，元素类型 id ,属性值 btnDel 
2020-10-09 09:33:56,523 - root - INFO - 测试用例：添加课程
2020-10-09 09:34:01,017 - root - INFO - 鼠标点击，元素类型 link_text ,属性值 教学管理 
2020-10-09 09:34:01,172 - root - INFO - 鼠标点击，元素类型 link_text ,属性值 课程表 
2020-10-09 09:34:03,009 - root - INFO - 切换iframe，元素类型 name ,属性值 content 
2020-10-09 09:34:04,382 - root - INFO - 切换回主文档
2020-10-09 09:34:04,647 - root - INFO - 切换iframe，元素类型 xpath ,属性值 /html/body/div[6]/div[2]/iframe 
2020-10-09 09:34:05,137 - root - INFO - 鼠标点击，元素类型 class_name ,属性值 bDiv 
2020-10-09 09:34:05,327 - root - INFO - 切换回主文档
2020-10-09 09:34:05,438 - root - INFO - 鼠标点击，元素类型 class_name ,属性值 close 
2020-10-09 09:34:05,474 - root - INFO - 切换iframe，元素类型 name ,属性值 content 
2020-10-09 09:34:05,655 - root - INFO - 鼠标点击，元素类型 id ,属性值 cbMsg 
2020-10-09 09:34:05,758 - root - INFO - 鼠标点击，元素类型 id ,属性值 cbWx 
2020-10-09 09:34:05,861 - root - INFO - 鼠标点击，元素类型 id ,属性值 cbWxTeacher 
2020-10-09 09:34:05,963 - root - INFO - 鼠标点击，元素类型 id ,属性值 btnAppSave 
2020-10-09 09:34:07,885 - root - INFO - 鼠标点击，元素类型 css ,属性值 [title="班级:韩语课程"] 
2020-10-09 09:34:08,030 - root - INFO - 鼠标点击，元素类型 id ,属性值 btnDel 
2020-10-09 09:34:18,293 - root - INFO - 测试用例：添加课程
2020-10-09 09:34:25,975 - root - INFO - 鼠标点击，元素类型 link_text ,属性值 教学管理 
2020-10-09 09:34:26,105 - root - INFO - 鼠标点击，元素类型 link_text ,属性值 课程表 
2020-10-09 09:34:27,267 - root - INFO - 切换iframe，元素类型 name ,属性值 content 
2020-10-09 09:34:28,448 - root - INFO - 切换回主文档
2020-10-09 09:34:28,627 - root - INFO - 切换iframe，元素类型 xpath ,属性值 /html/body/div[6]/div[2]/iframe 
2020-10-09 09:34:29,107 - root - INFO - 鼠标点击，元素类型 class_name ,属性值 bDiv 
2020-10-09 09:34:29,267 - root - INFO - 切换回主文档
2020-10-09 09:34:29,336 - root - INFO - 鼠标点击，元素类型 class_name ,属性值 close 
2020-10-09 09:34:29,360 - root - INFO - 切换iframe，元素类型 name ,属性值 content 
2020-10-09 09:34:29,550 - root - INFO - 鼠标点击，元素类型 id ,属性值 cbMsg 
2020-10-09 09:34:29,628 - root - INFO - 鼠标点击，元素类型 id ,属性值 cbWx 
2020-10-09 09:34:29,705 - root - INFO - 鼠标点击，元素类型 id ,属性值 cbWxTeacher 
2020-10-09 09:34:29,794 - root - INFO - 鼠标点击，元素类型 id ,属性值 btnAppSave 
2020-10-09 09:34:31,710 - root - INFO - 鼠标点击，元素类型 css ,属性值 [title="班级:韩语课程"] 
2020-10-09 09:34:31,843 - root - INFO - 鼠标点击，元素类型 id ,属性值 btnDel 
2020-10-09 09:37:31,157 - root - INFO - 测试用例：签约合同
2020-10-09 09:37:38,288 - root - INFO - 鼠标点击，元素类型 link_text ,属性值 学员管理 
2020-10-09 09:37:38,461 - root - INFO - 鼠标点击，元素类型 link_text ,属性值 批量导入学员 
2020-10-09 09:37:38,587 - root - INFO - 切换iframe，元素类型 name ,属性值 content 
2020-10-09 09:37:38,723 - root - INFO - 鼠标点击，元素类型 link_text ,属性值 未签约学员导入模板 
2020-10-09 09:37:38,834 - root - INFO - 鼠标点击，元素类型 id ,属性值 linkDown 
2020-10-09 09:37:39,425 - root - INFO - 输入内容，元素类型 id ,属性值 FileUpload1 ， 输入值C:\Users\Administrator\Desktop\import.xls
2020-10-09 09:37:40,810 - root - INFO - 鼠标点击，元素类型 id ,属性值 btnSaveNew 
2020-10-09 09:37:49,595 - root - INFO - 测试用例：签约合同
2020-10-09 09:37:54,910 - root - INFO - 鼠标点击，元素类型 link_text ,属性值 学员管理 
2020-10-09 09:37:55,085 - root - INFO - 鼠标点击，元素类型 link_text ,属性值 批量导入学员 
2020-10-09 09:37:55,214 - root - INFO - 切换iframe，元素类型 name ,属性值 content 
2020-10-09 09:37:55,401 - root - INFO - 鼠标点击，元素类型 link_text ,属性值 未签约学员导入模板 
2020-10-09 09:37:55,506 - root - INFO - 鼠标点击，元素类型 id ,属性值 linkDown 
2020-10-09 09:37:55,969 - root - INFO - 输入内容，元素类型 id ,属性值 FileUpload1 ， 输入值C:\Users\Administrator\Desktop\import.xls
2020-10-09 09:37:57,374 - root - INFO - 鼠标点击，元素类型 id ,属性值 btnSaveNew 
2020-10-09 09:38:06,152 - root - INFO - 测试用例：签约合同
2020-10-09 09:38:13,555 - root - INFO - 鼠标点击，元素类型 link_text ,属性值 学员管理 
2020-10-09 09:38:13,703 - root - INFO - 鼠标点击，元素类型 link_text ,属性值 批量导入学员 
2020-10-09 09:38:13,809 - root - INFO - 切换iframe，元素类型 name ,属性值 content 
2020-10-09 09:38:13,923 - root - INFO - 鼠标点击，元素类型 link_text ,属性值 未签约学员导入模板 
2020-10-09 09:38:14,082 - root - INFO - 鼠标点击，元素类型 id ,属性值 linkDown 
2020-10-09 09:38:14,552 - root - INFO - 输入内容，元素类型 id ,属性值 FileUpload1 ， 输入值C:\Users\Administrator\Desktop\import.xls
2020-10-09 09:38:15,998 - root - INFO - 鼠标点击，元素类型 id ,属性值 btnSaveNew 
2020-10-09 09:41:56,384 - root - INFO - 测试用例：添加课程
2020-10-09 09:42:01,391 - root - INFO - 鼠标点击，元素类型 link_text ,属性值 教学管理 
2020-10-09 09:42:01,545 - root - INFO - 鼠标点击，元素类型 link_text ,属性值 课程表 
2020-10-09 09:42:02,796 - root - INFO - 切换iframe，元素类型 name ,属性值 content 
2020-10-09 09:42:04,056 - root - INFO - 切换回主文档
2020-10-09 09:42:04,268 - root - INFO - 切换iframe，元素类型 xpath ,属性值 /html/body/div[6]/div[2]/iframe 
2020-10-09 09:42:04,823 - root - INFO - 鼠标点击，元素类型 class_name ,属性值 bDiv 
2020-10-09 09:42:05,013 - root - INFO - 切换回主文档
2020-10-09 09:42:05,101 - root - INFO - 鼠标点击，元素类型 class_name ,属性值 close 
2020-10-09 09:42:05,131 - root - INFO - 切换iframe，元素类型 name ,属性值 content 
2020-10-09 09:42:05,309 - root - INFO - 鼠标点击，元素类型 id ,属性值 cbMsg 
2020-10-09 09:42:05,402 - root - INFO - 鼠标点击，元素类型 id ,属性值 cbWx 
2020-10-09 09:42:05,484 - root - INFO - 鼠标点击，元素类型 id ,属性值 cbWxTeacher 
2020-10-09 09:42:05,567 - root - INFO - 鼠标点击，元素类型 id ,属性值 btnAppSave 
2020-10-09 09:42:07,476 - root - INFO - 鼠标点击，元素类型 css ,属性值 [title="班级:韩语课程"] 
2020-10-09 09:42:07,559 - root - INFO - 鼠标点击，元素类型 id ,属性值 btnDel 
2020-10-09 09:42:28,566 - root - INFO - 测试用例：签约合同
2020-10-09 09:42:33,047 - root - INFO - 鼠标点击，元素类型 link_text ,属性值 学员管理 
2020-10-09 09:42:33,297 - root - INFO - 鼠标点击，元素类型 link_text ,属性值 批量导入学员 
2020-10-09 09:42:33,449 - root - INFO - 切换iframe，元素类型 name ,属性值 content 
2020-10-09 09:42:33,593 - root - INFO - 鼠标点击，元素类型 link_text ,属性值 未签约学员导入模板 
2020-10-09 09:42:33,703 - root - INFO - 鼠标点击，元素类型 id ,属性值 linkDown 
2020-10-09 09:42:34,222 - root - INFO - 输入内容，元素类型 id ,属性值 FileUpload1 ， 输入值C:\Users\Administrator\Desktop\import.xls
2020-10-09 09:42:35,651 - root - INFO - 鼠标点击，元素类型 id ,属性值 btnSaveNew 
2020-10-09 09:43:44,077 - root - INFO - 测试用例：签约合同
2020-10-09 09:43:50,531 - root - INFO - 鼠标点击，元素类型 link_text ,属性值 学员管理 
2020-10-09 09:43:50,690 - root - INFO - 鼠标点击，元素类型 link_text ,属性值 批量导入学员 
2020-10-09 09:43:50,806 - root - INFO - 切换iframe，元素类型 name ,属性值 content 
2020-10-09 09:43:50,907 - root - INFO - 鼠标点击，元素类型 link_text ,属性值 未签约学员导入模板 
2020-10-09 09:43:51,034 - root - INFO - 鼠标点击，元素类型 id ,属性值 linkDown 
2020-10-09 09:43:51,554 - root - INFO - 输入内容，元素类型 id ,属性值 FileUpload1 ， 输入值C:\Users\Administrator\Desktop\import.xls
2020-10-09 09:43:53,344 - root - INFO - 鼠标点击，元素类型 id ,属性值 btnSaveNew 
2020-10-09 09:43:54,244 - root - INFO - 测试用例：签约合同
2020-10-09 09:43:55,675 - root - INFO - 鼠标点击，元素类型 link_text ,属性值 学员管理 
2020-10-09 09:43:55,813 - root - INFO - 鼠标点击，元素类型 link_text ,属性值 批量导入学员 
2020-10-09 09:43:55,940 - root - INFO - 切换iframe，元素类型 name ,属性值 content 
2020-10-09 09:43:56,051 - root - INFO - 鼠标点击，元素类型 link_text ,属性值 未签约学员导入模板 
2020-10-09 09:43:56,894 - root - INFO - 测试用例：签约合同
2020-10-09 09:43:58,373 - root - INFO - 鼠标点击，元素类型 link_text ,属性值 学员管理 
2020-10-09 09:43:58,508 - root - INFO - 鼠标点击，元素类型 link_text ,属性值 批量导入学员 
2020-10-09 09:43:58,617 - root - INFO - 切换iframe，元素类型 name ,属性值 content 
2020-10-09 09:43:58,754 - root - INFO - 鼠标点击，元素类型 link_text ,属性值 未签约学员导入模板 
2020-10-09 09:43:59,562 - root - INFO - 测试用例：添加课程
2020-10-09 09:44:01,458 - root - INFO - 鼠标点击，元素类型 link_text ,属性值 教学管理 
2020-10-09 09:44:01,804 - root - INFO - 鼠标点击，元素类型 link_text ,属性值 课程表 
2020-10-09 09:44:03,078 - root - INFO - 切换iframe，元素类型 name ,属性值 content 
2020-10-09 09:44:04,134 - root - INFO - 切换回主文档
2020-10-09 09:44:04,295 - root - INFO - 切换iframe，元素类型 xpath ,属性值 /html/body/div[6]/div[2]/iframe 
2020-10-09 09:44:04,807 - root - INFO - 鼠标点击，元素类型 class_name ,属性值 bDiv 
2020-10-09 09:44:05,005 - root - INFO - 切换回主文档
2020-10-09 09:44:05,099 - root - INFO - 鼠标点击，元素类型 class_name ,属性值 close 
2020-10-09 09:44:05,125 - root - INFO - 切换iframe，元素类型 name ,属性值 content 
2020-10-09 09:44:05,368 - root - INFO - 鼠标点击，元素类型 id ,属性值 cbMsg 
2020-10-09 09:44:05,473 - root - INFO - 鼠标点击，元素类型 id ,属性值 cbWx 
2020-10-09 09:44:05,547 - root - INFO - 鼠标点击，元素类型 id ,属性值 cbWxTeacher 
2020-10-09 09:44:05,625 - root - INFO - 鼠标点击，元素类型 id ,属性值 btnAppSave 
2020-10-09 09:44:07,542 - root - INFO - 鼠标点击，元素类型 css ,属性值 [title="班级:韩语课程"] 
2020-10-09 09:44:07,620 - root - INFO - 鼠标点击，元素类型 id ,属性值 btnDel 
2020-10-09 09:44:17,980 - root - INFO - 测试用例：添加课程
2020-10-09 09:44:27,960 - root - INFO - 鼠标点击，元素类型 link_text ,属性值 教学管理 
2020-10-09 09:44:28,134 - root - INFO - 鼠标点击，元素类型 link_text ,属性值 课程表 
2020-10-09 09:44:29,521 - root - INFO - 切换iframe，元素类型 name ,属性值 content 
2020-10-09 09:44:30,586 - root - INFO - 切换回主文档
2020-10-09 09:44:30,753 - root - INFO - 切换iframe，元素类型 xpath ,属性值 /html/body/div[6]/div[2]/iframe 
2020-10-09 09:44:31,195 - root - INFO - 鼠标点击，元素类型 class_name ,属性值 bDiv 
2020-10-09 09:44:31,380 - root - INFO - 切换回主文档
2020-10-09 09:44:31,442 - root - INFO - 鼠标点击，元素类型 class_name ,属性值 close 
2020-10-09 09:44:31,475 - root - INFO - 切换iframe，元素类型 name ,属性值 content 
2020-10-09 09:44:31,663 - root - INFO - 鼠标点击，元素类型 id ,属性值 cbMsg 
2020-10-09 09:44:31,741 - root - INFO - 鼠标点击，元素类型 id ,属性值 cbWx 
2020-10-09 09:44:31,827 - root - INFO - 鼠标点击，元素类型 id ,属性值 cbWxTeacher 
2020-10-09 09:44:31,906 - root - INFO - 鼠标点击，元素类型 id ,属性值 btnAppSave 
2020-10-09 09:44:33,774 - root - INFO - 鼠标点击，元素类型 css ,属性值 [title="班级:韩语课程"] 
2020-10-09 09:44:33,913 - root - INFO - 鼠标点击，元素类型 id ,属性值 btnDel 
2020-10-09 09:44:44,128 - root - INFO - 测试用例：添加课程
2020-10-09 09:44:52,623 - root - INFO - 鼠标点击，元素类型 link_text ,属性值 教学管理 
2020-10-09 09:44:52,755 - root - INFO - 鼠标点击，元素类型 link_text ,属性值 课程表 
2020-10-09 09:44:53,949 - root - INFO - 切换iframe，元素类型 name ,属性值 content 
2020-10-09 09:44:55,084 - root - INFO - 切换回主文档
2020-10-09 09:44:55,249 - root - INFO - 切换iframe，元素类型 xpath ,属性值 /html/body/div[6]/div[2]/iframe 
2020-10-09 09:44:55,781 - root - INFO - 鼠标点击，元素类型 class_name ,属性值 bDiv 
2020-10-09 09:44:55,943 - root - INFO - 切换回主文档
2020-10-09 09:44:56,011 - root - INFO - 鼠标点击，元素类型 class_name ,属性值 close 
2020-10-09 09:44:56,039 - root - INFO - 切换iframe，元素类型 name ,属性值 content 
2020-10-09 09:44:56,258 - root - INFO - 鼠标点击，元素类型 id ,属性值 cbMsg 
2020-10-09 09:44:56,337 - root - INFO - 鼠标点击，元素类型 id ,属性值 cbWx 
2020-10-09 09:44:56,424 - root - INFO - 鼠标点击，元素类型 id ,属性值 cbWxTeacher 
2020-10-09 09:44:56,505 - root - INFO - 鼠标点击，元素类型 id ,属性值 btnAppSave 
2020-10-09 09:44:58,407 - root - INFO - 鼠标点击，元素类型 css ,属性值 [title="班级:韩语课程"] 
2020-10-09 09:44:58,491 - root - INFO - 鼠标点击，元素类型 id ,属性值 btnDel 
2020-10-09 10:16:06,673 - root - INFO - 测试用例：添加课程
2020-10-09 10:16:13,414 - root - INFO - 鼠标点击，元素类型 link_text ,属性值 教学管理 
2020-10-09 10:16:13,550 - root - INFO - 鼠标点击，元素类型 link_text ,属性值 课程表 
2020-10-09 10:16:14,738 - root - INFO - 切换iframe，元素类型 name ,属性值 content 
2020-10-09 10:16:15,965 - root - INFO - 切换回主文档
2020-10-09 10:16:16,115 - root - INFO - 切换iframe，元素类型 xpath ,属性值 /html/body/div[6]/div[2]/iframe 
2020-10-09 10:16:16,641 - root - INFO - 鼠标点击，元素类型 class_name ,属性值 bDiv 
2020-10-09 10:16:16,807 - root - INFO - 切换回主文档
2020-10-09 10:16:16,874 - root - INFO - 鼠标点击，元素类型 class_name ,属性值 close 
2020-10-09 10:16:16,908 - root - INFO - 切换iframe，元素类型 name ,属性值 content 
2020-10-09 10:16:17,081 - root - INFO - 鼠标点击，元素类型 id ,属性值 cbMsg 
2020-10-09 10:16:17,160 - root - INFO - 鼠标点击，元素类型 id ,属性值 cbWx 
2020-10-09 10:16:17,246 - root - INFO - 鼠标点击，元素类型 id ,属性值 cbWxTeacher 
2020-10-09 10:16:17,328 - root - INFO - 鼠标点击，元素类型 id ,属性值 btnAppSave 
2020-10-09 10:16:19,266 - root - INFO - 鼠标点击，元素类型 css ,属性值 [title="班级:韩语课程"] 
2020-10-09 10:16:19,420 - root - INFO - 鼠标点击，元素类型 id ,属性值 btnDel 
2020-10-09 10:16:40,917 - root - INFO - 测试用例：签约合同
2020-10-09 10:16:47,974 - root - INFO - 鼠标点击，元素类型 link_text ,属性值 学员管理 
2020-10-09 10:16:48,136 - root - INFO - 鼠标点击，元素类型 link_text ,属性值 批量导入学员 
2020-10-09 10:16:48,264 - root - INFO - 切换iframe，元素类型 name ,属性值 content 
2020-10-09 10:16:48,379 - root - INFO - 鼠标点击，元素类型 link_text ,属性值 未签约学员导入模板 
2020-10-09 10:16:48,516 - root - INFO - 鼠标点击，元素类型 id ,属性值 linkDown 
2020-10-09 10:16:49,264 - root - INFO - 输入内容，元素类型 id ,属性值 FileUpload1 ， 输入值C:\Users\Administrator\Desktop\import.xls
2020-10-09 10:16:50,672 - root - INFO - 鼠标点击，元素类型 id ,属性值 btnSaveNew 
2020-10-09 10:17:26,366 - root - INFO - 测试用例：签约合同
2020-10-09 10:17:35,312 - root - INFO - 鼠标点击，元素类型 link_text ,属性值 学员管理 
2020-10-09 10:17:35,460 - root - INFO - 鼠标点击，元素类型 link_text ,属性值 批量导入学员 
2020-10-09 10:17:35,583 - root - INFO - 切换iframe，元素类型 name ,属性值 content 
2020-10-09 10:17:35,682 - root - INFO - 鼠标点击，元素类型 link_text ,属性值 未签约学员导入模板 
2020-10-09 10:17:35,797 - root - INFO - 鼠标点击，元素类型 id ,属性值 linkDown 
2020-10-09 10:17:36,325 - root - INFO - 输入内容，元素类型 id ,属性值 FileUpload1 ， 输入值C:\Users\Administrator\Desktop\import.xls
2020-10-09 10:17:37,735 - root - INFO - 鼠标点击，元素类型 id ,属性值 btnSaveNew 
2020-10-09 10:17:38,587 - root - INFO - 测试用例：签约合同
2020-10-09 10:17:44,735 - root - INFO - 鼠标点击，元素类型 link_text ,属性值 学员管理 
2020-10-09 10:17:44,864 - root - INFO - 鼠标点击，元素类型 link_text ,属性值 批量导入学员 
2020-10-09 10:17:44,982 - root - INFO - 切换iframe，元素类型 name ,属性值 content 
2020-10-09 10:17:45,078 - root - INFO - 鼠标点击，元素类型 link_text ,属性值 未签约学员导入模板 
2020-10-09 10:17:45,174 - root - INFO - 鼠标点击，元素类型 id ,属性值 linkDown 
2020-10-09 10:17:45,680 - root - INFO - 输入内容，元素类型 id ,属性值 FileUpload1 ， 输入值C:\Users\Administrator\Desktop\import.xls
2020-10-09 10:17:47,069 - root - INFO - 鼠标点击，元素类型 id ,属性值 btnSaveNew 
2020-10-09 10:17:47,899 - root - INFO - 测试用例：签约合同
2020-10-09 10:17:49,370 - root - INFO - 鼠标点击，元素类型 link_text ,属性值 学员管理 
2020-10-09 10:17:49,500 - root - INFO - 鼠标点击，元素类型 link_text ,属性值 批量导入学员 
2020-10-09 10:17:49,596 - root - INFO - 切换iframe，元素类型 name ,属性值 content 
2020-10-09 10:17:49,965 - root - INFO - 鼠标点击，元素类型 link_text ,属性值 未签约学员导入模板 
2020-10-09 10:17:53,633 - root - INFO - 测试用例：添加课程
2020-10-09 10:17:56,009 - root - INFO - 鼠标点击，元素类型 link_text ,属性值 教学管理 
2020-10-09 10:17:56,377 - root - INFO - 鼠标点击，元素类型 link_text ,属性值 课程表 
2020-10-09 10:17:57,638 - root - INFO - 切换iframe，元素类型 name ,属性值 content 
2020-10-09 10:17:58,702 - root - INFO - 切换回主文档
2020-10-09 10:17:58,882 - root - INFO - 切换iframe，元素类型 xpath ,属性值 /html/body/div[6]/div[2]/iframe 
2020-10-09 10:17:59,360 - root - INFO - 鼠标点击，元素类型 class_name ,属性值 bDiv 
2020-10-09 10:17:59,531 - root - INFO - 切换回主文档
2020-10-09 10:17:59,619 - root - INFO - 鼠标点击，元素类型 class_name ,属性值 close 
2020-10-09 10:17:59,653 - root - INFO - 切换iframe，元素类型 name ,属性值 content 
2020-10-09 10:17:59,812 - root - INFO - 鼠标点击，元素类型 id ,属性值 cbMsg 
2020-10-09 10:17:59,895 - root - INFO - 鼠标点击，元素类型 id ,属性值 cbWx 
2020-10-09 10:17:59,979 - root - INFO - 鼠标点击，元素类型 id ,属性值 cbWxTeacher 
2020-10-09 10:18:00,064 - root - INFO - 鼠标点击，元素类型 id ,属性值 btnAppSave 
2020-10-09 10:18:02,062 - root - INFO - 鼠标点击，元素类型 css ,属性值 [title="班级:韩语课程"] 
2020-10-09 10:18:02,173 - root - INFO - 鼠标点击，元素类型 id ,属性值 btnDel 
2020-10-09 10:18:12,551 - root - INFO - 测试用例：添加课程
2020-10-09 10:18:17,832 - root - INFO - 鼠标点击，元素类型 link_text ,属性值 教学管理 
2020-10-09 10:18:17,971 - root - INFO - 鼠标点击，元素类型 link_text ,属性值 课程表 
2020-10-09 10:18:19,415 - root - INFO - 切换iframe，元素类型 name ,属性值 content 
2020-10-09 10:18:20,503 - root - INFO - 切换回主文档
2020-10-09 10:18:20,659 - root - INFO - 切换iframe，元素类型 xpath ,属性值 /html/body/div[6]/div[2]/iframe 
2020-10-09 10:18:21,143 - root - INFO - 鼠标点击，元素类型 class_name ,属性值 bDiv 
2020-10-09 10:18:21,312 - root - INFO - 切换回主文档
2020-10-09 10:18:21,388 - root - INFO - 鼠标点击，元素类型 class_name ,属性值 close 
2020-10-09 10:18:21,415 - root - INFO - 切换iframe，元素类型 name ,属性值 content 
2020-10-09 10:18:21,600 - root - INFO - 鼠标点击，元素类型 id ,属性值 cbMsg 
2020-10-09 10:18:21,690 - root - INFO - 鼠标点击，元素类型 id ,属性值 cbWx 
2020-10-09 10:18:21,787 - root - INFO - 鼠标点击，元素类型 id ,属性值 cbWxTeacher 
2020-10-09 10:18:21,868 - root - INFO - 鼠标点击，元素类型 id ,属性值 btnAppSave 
2020-10-09 10:18:23,759 - root - INFO - 鼠标点击，元素类型 css ,属性值 [title="班级:韩语课程"] 
2020-10-09 10:18:23,899 - root - INFO - 鼠标点击，元素类型 id ,属性值 btnDel 
2020-10-09 10:18:34,179 - root - INFO - 测试用例：添加课程
2020-10-09 10:18:40,367 - root - INFO - 鼠标点击，元素类型 link_text ,属性值 教学管理 
2020-10-09 10:18:40,498 - root - INFO - 鼠标点击，元素类型 link_text ,属性值 课程表 
2020-10-09 10:18:41,690 - root - INFO - 切换iframe，元素类型 name ,属性值 content 
2020-10-09 10:18:42,834 - root - INFO - 切换回主文档
2020-10-09 10:18:42,996 - root - INFO - 切换iframe，元素类型 xpath ,属性值 /html/body/div[6]/div[2]/iframe 
2020-10-09 10:18:43,513 - root - INFO - 鼠标点击，元素类型 class_name ,属性值 bDiv 
2020-10-09 10:18:43,676 - root - INFO - 切换回主文档
2020-10-09 10:18:43,743 - root - INFO - 鼠标点击，元素类型 class_name ,属性值 close 
2020-10-09 10:18:43,765 - root - INFO - 切换iframe，元素类型 name ,属性值 content 
2020-10-09 10:18:43,950 - root - INFO - 鼠标点击，元素类型 id ,属性值 cbMsg 
2020-10-09 10:18:44,030 - root - INFO - 鼠标点击，元素类型 id ,属性值 cbWx 
2020-10-09 10:18:44,115 - root - INFO - 鼠标点击，元素类型 id ,属性值 cbWxTeacher 
2020-10-09 10:18:44,199 - root - INFO - 鼠标点击，元素类型 id ,属性值 btnAppSave 
2020-10-09 10:18:46,184 - root - INFO - 鼠标点击，元素类型 css ,属性值 [title="班级:韩语课程"] 
2020-10-09 10:18:46,263 - root - INFO - 鼠标点击，元素类型 id ,属性值 btnDel 
2020-10-09 10:23:07,823 - root - INFO - 测试用例：签约合同
2020-10-09 10:23:15,770 - root - INFO - 鼠标点击，元素类型 link_text ,属性值 学员管理 
2020-10-09 10:23:15,937 - root - INFO - 鼠标点击，元素类型 link_text ,属性值 批量导入学员 
2020-10-09 10:23:16,059 - root - INFO - 切换iframe，元素类型 name ,属性值 content 
2020-10-09 10:23:16,220 - root - INFO - 鼠标点击，元素类型 link_text ,属性值 未签约学员导入模板 
2020-10-09 10:23:16,345 - root - INFO - 鼠标点击，元素类型 id ,属性值 linkDown 
2020-10-09 10:23:17,348 - root - INFO - 输入内容，元素类型 id ,属性值 FileUpload1 ， 输入值C:\Users\Administrator\Desktop\import.xls
2020-10-09 10:23:18,762 - root - INFO - 鼠标点击，元素类型 id ,属性值 btnSaveNew 
2020-10-09 10:23:19,627 - root - INFO - 测试用例：签约合同
2020-10-09 10:23:21,208 - root - INFO - 鼠标点击，元素类型 link_text ,属性值 学员管理 
2020-10-09 10:23:21,342 - root - INFO - 鼠标点击，元素类型 link_text ,属性值 批量导入学员 
2020-10-09 10:23:21,439 - root - INFO - 切换iframe，元素类型 name ,属性值 content 
2020-10-09 10:23:24,963 - root - INFO - 测试用例：签约合同
2020-10-09 10:23:26,658 - root - INFO - 鼠标点击，元素类型 link_text ,属性值 学员管理 
2020-10-09 10:23:26,797 - root - INFO - 鼠标点击，元素类型 link_text ,属性值 批量导入学员 
2020-10-09 10:23:27,153 - root - INFO - 切换iframe，元素类型 name ,属性值 content 
2020-10-09 10:23:31,008 - root - INFO - 测试用例：添加课程
2020-10-09 10:23:38,556 - root - INFO - 鼠标点击，元素类型 link_text ,属性值 教学管理 
2020-10-09 10:23:38,692 - root - INFO - 鼠标点击，元素类型 link_text ,属性值 课程表 
2020-10-09 10:23:39,895 - root - INFO - 切换iframe，元素类型 name ,属性值 content 
2020-10-09 10:23:41,035 - root - INFO - 切换回主文档
2020-10-09 10:23:41,208 - root - INFO - 切换iframe，元素类型 xpath ,属性值 /html/body/div[6]/div[2]/iframe 
2020-10-09 10:23:41,733 - root - INFO - 鼠标点击，元素类型 class_name ,属性值 bDiv 
2020-10-09 10:23:41,889 - root - INFO - 切换回主文档
2020-10-09 10:23:41,952 - root - INFO - 鼠标点击，元素类型 class_name ,属性值 close 
2020-10-09 10:23:41,974 - root - INFO - 切换iframe，元素类型 name ,属性值 content 
2020-10-09 10:23:42,195 - root - INFO - 鼠标点击，元素类型 id ,属性值 cbMsg 
2020-10-09 10:23:42,273 - root - INFO - 鼠标点击，元素类型 id ,属性值 cbWx 
2020-10-09 10:23:42,358 - root - INFO - 鼠标点击，元素类型 id ,属性值 cbWxTeacher 
2020-10-09 10:23:42,439 - root - INFO - 鼠标点击，元素类型 id ,属性值 btnAppSave 
2020-10-09 10:23:44,460 - root - INFO - 鼠标点击，元素类型 css ,属性值 [title="班级:韩语课程"] 
2020-10-09 10:23:44,531 - root - INFO - 鼠标点击，元素类型 id ,属性值 btnDel 
2020-10-09 10:26:20,933 - root - INFO - 测试用例：签约合同
2020-10-09 10:26:25,374 - root - INFO - 鼠标点击，元素类型 link_text ,属性值 学员管理 
2020-10-09 10:26:25,539 - root - INFO - 鼠标点击，元素类型 link_text ,属性值 批量导入学员 
2020-10-09 10:26:25,669 - root - INFO - 切换iframe，元素类型 name ,属性值 content 
2020-10-09 10:26:25,807 - root - INFO - 鼠标点击，元素类型 link_text ,属性值 未签约学员导入模板 
2020-10-09 10:26:25,962 - root - INFO - 鼠标点击，元素类型 id ,属性值 linkDown 
2020-10-09 10:26:26,506 - root - INFO - 输入内容，元素类型 id ,属性值 FileUpload1 ， 输入值C:\Users\Administrator\Desktop\import.xls
2020-10-09 10:26:27,882 - root - INFO - 鼠标点击，元素类型 id ,属性值 btnSaveNew 
2020-10-09 10:26:28,805 - root - INFO - 测试用例：签约合同
2020-10-09 10:26:34,188 - root - INFO - 鼠标点击，元素类型 link_text ,属性值 学员管理 
2020-10-09 10:26:34,323 - root - INFO - 鼠标点击，元素类型 link_text ,属性值 批量导入学员 
2020-10-09 10:26:34,457 - root - INFO - 切换iframe，元素类型 name ,属性值 content 
2020-10-09 10:26:34,554 - root - INFO - 鼠标点击，元素类型 link_text ,属性值 未签约学员导入模板 
2020-10-09 10:26:34,649 - root - INFO - 鼠标点击，元素类型 id ,属性值 linkDown 
2020-10-09 10:26:35,170 - root - INFO - 输入内容，元素类型 id ,属性值 FileUpload1 ， 输入值C:\Users\Administrator\Desktop\import.xls
2020-10-09 10:26:36,543 - root - INFO - 鼠标点击，元素类型 id ,属性值 btnSaveNew 
2020-10-09 10:26:37,408 - root - INFO - 测试用例：签约合同
2020-10-09 10:26:42,675 - root - INFO - 鼠标点击，元素类型 link_text ,属性值 学员管理 
2020-10-09 10:26:42,805 - root - INFO - 鼠标点击，元素类型 link_text ,属性值 批量导入学员 
2020-10-09 10:26:42,914 - root - INFO - 切换iframe，元素类型 name ,属性值 content 
2020-10-09 10:26:43,017 - root - INFO - 鼠标点击，元素类型 link_text ,属性值 未签约学员导入模板 
2020-10-09 10:26:43,160 - root - INFO - 鼠标点击，元素类型 id ,属性值 linkDown 
2020-10-09 10:26:43,661 - root - INFO - 输入内容，元素类型 id ,属性值 FileUpload1 ， 输入值C:\Users\Administrator\Desktop\import.xls
2020-10-09 10:26:45,380 - root - INFO - 鼠标点击，元素类型 id ,属性值 btnSaveNew 
2020-10-09 10:26:46,244 - root - INFO - 测试用例：添加课程
2020-10-09 10:26:48,461 - root - INFO - 鼠标点击，元素类型 link_text ,属性值 教学管理 
2020-10-09 10:26:48,777 - root - INFO - 鼠标点击，元素类型 link_text ,属性值 课程表 
2020-10-09 10:26:49,973 - root - INFO - 切换iframe，元素类型 name ,属性值 content 
2020-10-09 10:26:51,234 - root - INFO - 切换回主文档
2020-10-09 10:26:51,385 - root - INFO - 切换iframe，元素类型 xpath ,属性值 /html/body/div[6]/div[2]/iframe 
2020-10-09 10:26:51,845 - root - INFO - 鼠标点击，元素类型 class_name ,属性值 bDiv 
2020-10-09 10:26:52,011 - root - INFO - 切换回主文档
2020-10-09 10:26:52,087 - root - INFO - 鼠标点击，元素类型 class_name ,属性值 close 
2020-10-09 10:26:52,109 - root - INFO - 切换iframe，元素类型 name ,属性值 content 
2020-10-09 10:26:52,352 - root - INFO - 鼠标点击，元素类型 id ,属性值 cbMsg 
2020-10-09 10:26:52,423 - root - INFO - 鼠标点击，元素类型 id ,属性值 cbWx 
2020-10-09 10:26:52,509 - root - INFO - 鼠标点击，元素类型 id ,属性值 cbWxTeacher 
2020-10-09 10:26:52,588 - root - INFO - 鼠标点击，元素类型 id ,属性值 btnAppSave 
2020-10-09 10:27:02,602 - root - INFO - 测试用例：添加课程
2020-10-09 10:27:13,970 - root - INFO - 鼠标点击，元素类型 link_text ,属性值 教学管理 
2020-10-09 10:27:14,105 - root - INFO - 鼠标点击，元素类型 link_text ,属性值 课程表 
2020-10-09 10:27:15,292 - root - INFO - 切换iframe，元素类型 name ,属性值 content 
2020-10-09 10:27:24,665 - root - INFO - 测试用例：添加课程
2020-10-09 10:27:29,825 - root - INFO - 鼠标点击，元素类型 link_text ,属性值 教学管理 
2020-10-09 10:27:29,955 - root - INFO - 鼠标点击，元素类型 link_text ,属性值 课程表 
2020-10-09 10:27:31,253 - root - INFO - 切换iframe，元素类型 name ,属性值 content 
2020-10-09 10:29:04,745 - root - INFO - 测试用例：签约合同
2020-10-09 10:29:16,843 - root - INFO - 鼠标点击，元素类型 link_text ,属性值 学员管理 
2020-10-09 10:29:17,042 - root - INFO - 鼠标点击，元素类型 link_text ,属性值 批量导入学员 
2020-10-09 10:29:17,151 - root - INFO - 切换iframe，元素类型 name ,属性值 content 
2020-10-09 10:29:17,260 - root - INFO - 鼠标点击，元素类型 link_text ,属性值 未签约学员导入模板 
2020-10-09 10:29:17,388 - root - INFO - 鼠标点击，元素类型 id ,属性值 linkDown 
2020-10-09 10:29:17,885 - root - INFO - 输入内容，元素类型 id ,属性值 FileUpload1 ， 输入值C:\Users\Administrator\Desktop\import.xls
2020-10-09 10:29:19,273 - root - INFO - 鼠标点击，元素类型 id ,属性值 btnSaveNew 
2020-10-09 10:29:20,149 - root - INFO - 测试用例：签约合同
2020-10-09 10:29:21,855 - root - INFO - 鼠标点击，元素类型 link_text ,属性值 学员管理 
2020-10-09 10:29:21,999 - root - INFO - 鼠标点击，元素类型 link_text ,属性值 批量导入学员 
2020-10-09 10:29:22,327 - root - INFO - 切换iframe，元素类型 name ,属性值 content 
2020-10-09 10:29:27,977 - root - INFO - 测试用例：签约合同
2020-10-09 10:29:39,310 - root - INFO - 鼠标点击，元素类型 link_text ,属性值 学员管理 
2020-10-09 10:29:39,482 - root - INFO - 鼠标点击，元素类型 link_text ,属性值 批量导入学员 
2020-10-09 10:29:39,597 - root - INFO - 切换iframe，元素类型 name ,属性值 content 
2020-10-09 10:29:39,700 - root - INFO - 鼠标点击，元素类型 link_text ,属性值 未签约学员导入模板 
2020-10-09 10:29:39,797 - root - INFO - 鼠标点击，元素类型 id ,属性值 linkDown 
2020-10-09 10:29:40,324 - root - INFO - 输入内容，元素类型 id ,属性值 FileUpload1 ， 输入值C:\Users\Administrator\Desktop\import.xls
2020-10-09 10:29:41,735 - root - INFO - 鼠标点击，元素类型 id ,属性值 btnSaveNew 
2020-10-09 10:29:42,519 - root - INFO - 测试用例：添加课程
2020-10-09 10:29:48,235 - root - INFO - 鼠标点击，元素类型 link_text ,属性值 教学管理 
2020-10-09 10:29:48,378 - root - INFO - 鼠标点击，元素类型 link_text ,属性值 课程表 
2020-10-09 10:29:49,731 - root - INFO - 切换iframe，元素类型 name ,属性值 content 
2020-10-09 10:29:50,826 - root - INFO - 切换回主文档
2020-10-09 10:29:50,986 - root - INFO - 切换iframe，元素类型 xpath ,属性值 /html/body/div[6]/div[2]/iframe 
2020-10-09 10:29:51,449 - root - INFO - 鼠标点击，元素类型 class_name ,属性值 bDiv 
2020-10-09 10:29:51,615 - root - INFO - 切换回主文档
2020-10-09 10:29:51,682 - root - INFO - 鼠标点击，元素类型 class_name ,属性值 close 
2020-10-09 10:29:51,704 - root - INFO - 切换iframe，元素类型 name ,属性值 content 
2020-10-09 10:29:51,893 - root - INFO - 鼠标点击，元素类型 id ,属性值 cbMsg 
2020-10-09 10:29:51,964 - root - INFO - 鼠标点击，元素类型 id ,属性值 cbWx 
2020-10-09 10:29:52,039 - root - INFO - 鼠标点击，元素类型 id ,属性值 cbWxTeacher 
2020-10-09 10:29:52,131 - root - INFO - 鼠标点击，元素类型 id ,属性值 btnAppSave 
2020-10-09 10:30:02,274 - root - INFO - 测试用例：添加课程
2020-10-09 10:30:08,775 - root - INFO - 鼠标点击，元素类型 link_text ,属性值 教学管理 
2020-10-09 10:30:08,914 - root - INFO - 鼠标点击，元素类型 link_text ,属性值 课程表 
2020-10-09 10:30:10,127 - root - INFO - 切换iframe，元素类型 name ,属性值 content 
2020-10-09 10:31:11,455 - root - INFO - 测试用例：添加课程
2020-10-09 10:31:16,622 - root - INFO - 鼠标点击，元素类型 link_text ,属性值 教学管理 
2020-10-09 10:31:16,765 - root - INFO - 鼠标点击，元素类型 link_text ,属性值 课程表 
2020-10-09 10:31:18,033 - root - INFO - 切换iframe，元素类型 name ,属性值 content 
2020-10-09 10:31:41,037 - root - INFO - 测试用例：添加课程
2020-10-09 10:31:46,962 - root - INFO - 鼠标点击，元素类型 link_text ,属性值 教学管理 
2020-10-09 10:31:47,086 - root - INFO - 鼠标点击，元素类型 link_text ,属性值 课程表 
2020-10-09 10:31:48,280 - root - INFO - 切换iframe，元素类型 name ,属性值 content 
2020-10-09 10:31:49,436 - root - INFO - 切换回主文档
2020-10-09 10:31:49,592 - root - INFO - 切换iframe，元素类型 xpath ,属性值 /html/body/div[6]/div[2]/iframe 
2020-10-09 10:31:50,106 - root - INFO - 鼠标点击，元素类型 class_name ,属性值 bDiv 
2020-10-09 10:31:50,276 - root - INFO - 切换回主文档
2020-10-09 10:31:50,344 - root - INFO - 鼠标点击，元素类型 class_name ,属性值 close 
2020-10-09 10:31:50,367 - root - INFO - 切换iframe，元素类型 name ,属性值 content 
2020-10-09 10:31:50,595 - root - INFO - 鼠标点击，元素类型 id ,属性值 cbMsg 
2020-10-09 10:31:50,679 - root - INFO - 鼠标点击，元素类型 id ,属性值 cbWx 
2020-10-09 10:31:50,764 - root - INFO - 鼠标点击，元素类型 id ,属性值 cbWxTeacher 
2020-10-09 10:31:50,848 - root - INFO - 鼠标点击，元素类型 id ,属性值 btnAppSave 
2020-10-09 10:32:20,163 - root - INFO - 测试用例：添加课程
2020-10-09 10:32:25,494 - root - INFO - 鼠标点击，元素类型 link_text ,属性值 教学管理 
2020-10-09 10:32:25,692 - root - INFO - 鼠标点击，元素类型 link_text ,属性值 课程表 
2020-10-09 10:32:26,939 - root - INFO - 切换iframe，元素类型 name ,属性值 content 
2020-10-09 10:32:47,339 - root - INFO - 测试用例：添加课程
2020-10-09 10:32:52,442 - root - INFO - 鼠标点击，元素类型 link_text ,属性值 教学管理 
2020-10-09 10:32:52,587 - root - INFO - 鼠标点击，元素类型 link_text ,属性值 课程表 
2020-10-09 10:32:53,794 - root - INFO - 切换iframe，元素类型 name ,属性值 content 
2020-10-09 10:32:54,995 - root - INFO - 切换回主文档
2020-10-09 10:32:55,198 - root - INFO - 切换iframe，元素类型 xpath ,属性值 /html/body/div[6]/div[2]/iframe 
2020-10-09 10:32:55,705 - root - INFO - 鼠标点击，元素类型 class_name ,属性值 bDiv 
2020-10-09 10:32:55,876 - root - INFO - 切换回主文档
2020-10-09 10:32:55,952 - root - INFO - 鼠标点击，元素类型 class_name ,属性值 close 
2020-10-09 10:32:55,982 - root - INFO - 切换iframe，元素类型 name ,属性值 content 
2020-10-09 10:32:56,146 - root - INFO - 鼠标点击，元素类型 id ,属性值 cbMsg 
2020-10-09 10:32:56,230 - root - INFO - 鼠标点击，元素类型 id ,属性值 cbWx 
2020-10-09 10:32:56,324 - root - INFO - 鼠标点击，元素类型 id ,属性值 cbWxTeacher 
2020-10-09 10:32:56,399 - root - INFO - 鼠标点击，元素类型 id ,属性值 btnAppSave 
2020-10-09 10:33:27,231 - root - INFO - 测试用例：添加课程
2020-10-09 10:33:55,038 - root - INFO - 测试用例：添加课程
2020-10-09 10:34:05,275 - root - INFO - 鼠标点击，元素类型 link_text ,属性值 教学管理 
2020-10-09 10:34:05,415 - root - INFO - 鼠标点击，元素类型 link_text ,属性值 课程表 
2020-10-09 10:34:06,710 - root - INFO - 切换iframe，元素类型 name ,属性值 content 
2020-10-09 10:34:07,784 - root - INFO - 切换回主文档
2020-10-09 10:34:07,950 - root - INFO - 切换iframe，元素类型 xpath ,属性值 /html/body/div[6]/div[2]/iframe 
2020-10-09 10:34:08,474 - root - INFO - 鼠标点击，元素类型 class_name ,属性值 bDiv 
2020-10-09 10:34:08,668 - root - INFO - 切换回主文档
2020-10-09 10:34:08,755 - root - INFO - 鼠标点击，元素类型 class_name ,属性值 close 
2020-10-09 10:34:08,792 - root - INFO - 切换iframe，元素类型 name ,属性值 content 
2020-10-09 10:34:08,958 - root - INFO - 鼠标点击，元素类型 id ,属性值 cbMsg 
2020-10-09 10:34:09,039 - root - INFO - 鼠标点击，元素类型 id ,属性值 cbWx 
2020-10-09 10:34:09,126 - root - INFO - 鼠标点击，元素类型 id ,属性值 cbWxTeacher 
2020-10-09 10:34:09,211 - root - INFO - 鼠标点击，元素类型 id ,属性值 btnAppSave 
2020-10-09 10:34:11,189 - root - INFO - 鼠标点击，元素类型 css ,属性值 [title="班级:韩语课程"] 
2020-10-09 10:34:11,313 - root - INFO - 鼠标点击，元素类型 id ,属性值 btnDel 
2020-10-09 10:34:38,201 - root - INFO - 测试用例：添加课程
2020-10-09 10:34:47,022 - root - INFO - 鼠标点击，元素类型 link_text ,属性值 教学管理 
2020-10-09 10:34:47,164 - root - INFO - 鼠标点击，元素类型 link_text ,属性值 课程表 
2020-10-09 10:34:48,338 - root - INFO - 切换iframe，元素类型 name ,属性值 content 
2020-10-09 10:34:49,525 - root - INFO - 切换回主文档
2020-10-09 10:34:49,726 - root - INFO - 切换iframe，元素类型 xpath ,属性值 /html/body/div[6]/div[2]/iframe 
2020-10-09 10:34:50,216 - root - INFO - 鼠标点击，元素类型 class_name ,属性值 bDiv 
2020-10-09 10:34:50,382 - root - INFO - 切换回主文档
2020-10-09 10:34:50,451 - root - INFO - 鼠标点击，元素类型 class_name ,属性值 close 
2020-10-09 10:34:50,496 - root - INFO - 切换iframe，元素类型 name ,属性值 content 
2020-10-09 10:34:50,664 - root - INFO - 鼠标点击，元素类型 id ,属性值 cbMsg 
2020-10-09 10:34:50,743 - root - INFO - 鼠标点击，元素类型 id ,属性值 cbWx 
2020-10-09 10:34:50,844 - root - INFO - 鼠标点击，元素类型 id ,属性值 cbWxTeacher 
2020-10-09 10:34:50,927 - root - INFO - 鼠标点击，元素类型 id ,属性值 btnAppSave 
2020-10-09 10:34:52,917 - root - INFO - 鼠标点击，元素类型 css ,属性值 [title="班级:韩语课程"] 
2020-10-09 10:34:53,014 - root - INFO - 鼠标点击，元素类型 id ,属性值 btnDel 
2020-10-09 10:36:13,092 - root - INFO - 测试用例：添加课程
2020-10-09 10:36:18,156 - root - INFO - 鼠标点击，元素类型 link_text ,属性值 教学管理 
2020-10-09 10:36:18,313 - root - INFO - 鼠标点击，元素类型 link_text ,属性值 课程表 
2020-10-09 10:36:20,135 - root - INFO - 切换iframe，元素类型 name ,属性值 content 
2020-10-09 10:36:21,228 - root - INFO - 切换回主文档
2020-10-09 10:36:21,402 - root - INFO - 切换iframe，元素类型 xpath ,属性值 /html/body/div[6]/div[2]/iframe 
2020-10-09 10:36:21,932 - root - INFO - 鼠标点击，元素类型 class_name ,属性值 bDiv 
2020-10-09 10:36:22,103 - root - INFO - 切换回主文档
2020-10-09 10:36:22,169 - root - INFO - 鼠标点击，元素类型 class_name ,属性值 close 
2020-10-09 10:36:22,203 - root - INFO - 切换iframe，元素类型 name ,属性值 content 
2020-10-09 10:36:22,420 - root - INFO - 鼠标点击，元素类型 id ,属性值 cbMsg 
2020-10-09 10:36:22,515 - root - INFO - 鼠标点击，元素类型 id ,属性值 cbWx 
2020-10-09 10:36:22,604 - root - INFO - 鼠标点击，元素类型 id ,属性值 cbWxTeacher 
2020-10-09 10:36:22,686 - root - INFO - 鼠标点击，元素类型 id ,属性值 btnAppSave 
2020-10-09 10:36:32,585 - root - INFO - 测试用例：添加课程
2020-10-09 10:36:42,979 - root - INFO - 鼠标点击，元素类型 link_text ,属性值 教学管理 
2020-10-09 10:36:43,134 - root - INFO - 鼠标点击，元素类型 link_text ,属性值 课程表 
2020-10-09 10:36:44,347 - root - INFO - 切换iframe，元素类型 name ,属性值 content 
2020-10-09 10:36:53,815 - root - INFO - 测试用例：添加课程
2020-10-09 10:36:58,774 - root - INFO - 鼠标点击，元素类型 link_text ,属性值 教学管理 
2020-10-09 10:36:58,918 - root - INFO - 鼠标点击，元素类型 link_text ,属性值 课程表 
2020-10-09 10:37:00,146 - root - INFO - 切换iframe，元素类型 name ,属性值 content 
2020-10-09 10:39:24,722 - root - INFO - 测试用例：添加课程
2020-10-09 10:39:29,988 - root - INFO - 鼠标点击，元素类型 link_text ,属性值 教学管理 
2020-10-09 10:39:30,164 - root - INFO - 鼠标点击，元素类型 link_text ,属性值 课程表 
2020-10-09 10:39:31,400 - root - INFO - 切换iframe，元素类型 name ,属性值 content 
2020-10-09 10:39:32,703 - root - INFO - 切换回主文档
2020-10-09 10:39:32,886 - root - INFO - 切换iframe，元素类型 xpath ,属性值 /html/body/div[6]/div[2]/iframe 
2020-10-09 10:39:33,443 - root - INFO - 鼠标点击，元素类型 class_name ,属性值 bDiv 
2020-10-09 10:39:33,643 - root - INFO - 切换回主文档
2020-10-09 10:39:33,728 - root - INFO - 鼠标点击，元素类型 class_name ,属性值 close 
2020-10-09 10:39:33,761 - root - INFO - 切换iframe，元素类型 name ,属性值 content 
2020-10-09 10:39:33,931 - root - INFO - 鼠标点击，元素类型 id ,属性值 cbMsg 
2020-10-09 10:39:34,028 - root - INFO - 鼠标点击，元素类型 id ,属性值 cbWx 
2020-10-09 10:39:34,118 - root - INFO - 鼠标点击，元素类型 id ,属性值 cbWxTeacher 
2020-10-09 10:39:34,197 - root - INFO - 鼠标点击，元素类型 id ,属性值 btnAppSave 
2020-10-09 10:39:44,152 - root - INFO - 测试用例：添加课程
2020-10-09 10:39:49,297 - root - INFO - 鼠标点击，元素类型 link_text ,属性值 教学管理 
2020-10-09 10:39:49,431 - root - INFO - 鼠标点击，元素类型 link_text ,属性值 课程表 
2020-10-09 10:39:50,568 - root - INFO - 切换iframe，元素类型 name ,属性值 content 
2020-10-09 10:47:55,030 - root - INFO - 测试用例：添加课程
2020-10-09 10:48:02,471 - root - INFO - 鼠标点击，元素类型 link_text ,属性值 教学管理 
2020-10-09 10:48:02,616 - root - INFO - 鼠标点击，元素类型 link_text ,属性值 课程表 
2020-10-09 10:48:03,954 - root - INFO - 切换iframe，元素类型 name ,属性值 content 
2020-10-09 10:48:05,070 - root - INFO - 切换回主文档
2020-10-09 10:48:05,241 - root - INFO - 切换iframe，元素类型 xpath ,属性值 /html/body/div[6]/div[2]/iframe 
2020-10-09 10:48:05,711 - root - INFO - 鼠标点击，元素类型 class_name ,属性值 bDiv 
2020-10-09 10:48:05,888 - root - INFO - 切换回主文档
2020-10-09 10:48:05,952 - root - INFO - 鼠标点击，元素类型 class_name ,属性值 close 
2020-10-09 10:48:05,976 - root - INFO - 切换iframe，元素类型 name ,属性值 content 
2020-10-09 10:48:06,171 - root - INFO - 鼠标点击，元素类型 id ,属性值 cbMsg 
2020-10-09 10:48:06,248 - root - INFO - 鼠标点击，元素类型 id ,属性值 cbWx 
2020-10-09 10:48:06,318 - root - INFO - 鼠标点击，元素类型 id ,属性值 cbWxTeacher 
2020-10-09 10:48:06,418 - root - INFO - 鼠标点击，元素类型 id ,属性值 btnAppSave 
2020-10-09 10:48:16,490 - root - INFO - 测试用例：添加课程
2020-10-09 10:48:22,122 - root - INFO - 鼠标点击，元素类型 link_text ,属性值 教学管理 
2020-10-09 10:48:22,248 - root - INFO - 鼠标点击，元素类型 link_text ,属性值 课程表 
2020-10-09 10:48:23,630 - root - INFO - 切换iframe，元素类型 name ,属性值 content 
2020-10-09 10:48:33,078 - root - INFO - 测试用例：添加课程
2020-10-09 10:48:44,638 - root - INFO - 鼠标点击，元素类型 link_text ,属性值 教学管理 
2020-10-09 10:48:44,770 - root - INFO - 鼠标点击，元素类型 link_text ,属性值 课程表 
2020-10-09 10:48:45,979 - root - INFO - 切换iframe，元素类型 name ,属性值 content 
2020-10-09 10:48:47,161 - root - INFO - 切换回主文档
2020-10-09 10:48:47,384 - root - INFO - 切换iframe，元素类型 xpath ,属性值 /html/body/div[6]/div[2]/iframe 
2020-10-09 10:48:47,870 - root - INFO - 鼠标点击，元素类型 class_name ,属性值 bDiv 
2020-10-09 10:48:48,038 - root - INFO - 切换回主文档
2020-10-09 10:48:48,105 - root - INFO - 鼠标点击，元素类型 class_name ,属性值 close 
2020-10-09 10:48:48,130 - root - INFO - 切换iframe，元素类型 name ,属性值 content 
2020-10-09 10:48:48,364 - root - INFO - 鼠标点击，元素类型 id ,属性值 cbMsg 
2020-10-09 10:48:48,457 - root - INFO - 鼠标点击，元素类型 id ,属性值 cbWx 
2020-10-09 10:48:48,549 - root - INFO - 鼠标点击，元素类型 id ,属性值 cbWxTeacher 
2020-10-09 10:48:48,635 - root - INFO - 鼠标点击，元素类型 id ,属性值 btnAppSave 
2020-10-09 10:49:55,339 - root - INFO - 测试用例：添加课程
2020-10-09 10:50:07,755 - root - INFO - 鼠标点击，元素类型 link_text ,属性值 教学管理 
2020-10-09 10:50:07,884 - root - INFO - 鼠标点击，元素类型 link_text ,属性值 课程表 
2020-10-09 10:50:09,030 - root - INFO - 切换iframe，元素类型 name ,属性值 content 
2020-10-09 10:50:10,242 - root - INFO - 切换回主文档
2020-10-09 10:50:10,399 - root - INFO - 切换iframe，元素类型 xpath ,属性值 /html/body/div[6]/div[2]/iframe 
2020-10-09 10:50:10,885 - root - INFO - 鼠标点击，元素类型 class_name ,属性值 bDiv 
2020-10-09 10:50:11,102 - root - INFO - 切换回主文档
2020-10-09 10:50:11,164 - root - INFO - 鼠标点击，元素类型 class_name ,属性值 close 
2020-10-09 10:50:11,210 - root - INFO - 切换iframe，元素类型 name ,属性值 content 
2020-10-09 10:50:11,425 - root - INFO - 鼠标点击，元素类型 id ,属性值 cbMsg 
2020-10-09 10:50:11,550 - root - INFO - 鼠标点击，元素类型 id ,属性值 cbWx 
2020-10-09 10:50:11,628 - root - INFO - 鼠标点击，元素类型 id ,属性值 cbWxTeacher 
2020-10-09 10:50:11,714 - root - INFO - 鼠标点击，元素类型 id ,属性值 btnAppSave 
2020-10-09 10:50:57,871 - root - INFO - 测试用例：添加课程
2020-10-09 10:51:05,915 - root - INFO - 鼠标点击，元素类型 link_text ,属性值 教学管理 
2020-10-09 10:51:06,037 - root - INFO - 鼠标点击，元素类型 link_text ,属性值 课程表 
2020-10-09 10:51:07,210 - root - INFO - 切换iframe，元素类型 name ,属性值 content 
2020-10-09 10:51:31,203 - root - INFO - 测试用例：添加课程
2020-10-09 10:51:37,891 - root - INFO - 鼠标点击，元素类型 link_text ,属性值 教学管理 
2020-10-09 10:51:38,011 - root - INFO - 鼠标点击，元素类型 link_text ,属性值 课程表 
2020-10-09 10:51:39,199 - root - INFO - 切换iframe，元素类型 name ,属性值 content 
2020-10-09 10:51:40,337 - root - INFO - 切换回主文档
2020-10-09 10:51:40,502 - root - INFO - 切换iframe，元素类型 xpath ,属性值 /html/body/div[6]/div[2]/iframe 
2020-10-09 10:51:40,995 - root - INFO - 鼠标点击，元素类型 class_name ,属性值 bDiv 
2020-10-09 10:51:41,155 - root - INFO - 切换回主文档
2020-10-09 10:51:41,225 - root - INFO - 鼠标点击，元素类型 class_name ,属性值 close 
2020-10-09 10:51:41,248 - root - INFO - 切换iframe，元素类型 name ,属性值 content 
2020-10-09 10:51:41,480 - root - INFO - 鼠标点击，元素类型 id ,属性值 cbMsg 
2020-10-09 10:51:41,574 - root - INFO - 鼠标点击，元素类型 id ,属性值 cbWx 
2020-10-09 10:51:41,662 - root - INFO - 鼠标点击，元素类型 id ,属性值 cbWxTeacher 
2020-10-09 10:51:41,744 - root - INFO - 鼠标点击，元素类型 id ,属性值 btnAppSave 
2020-10-09 10:52:47,241 - root - INFO - 测试用例：添加课程
2020-10-09 10:52:52,497 - root - INFO - 鼠标点击，元素类型 link_text ,属性值 教学管理 
2020-10-09 10:52:52,651 - root - INFO - 鼠标点击，元素类型 link_text ,属性值 课程表 
2020-10-09 10:52:53,922 - root - INFO - 切换iframe，元素类型 name ,属性值 content 
2020-10-09 10:52:55,292 - root - INFO - 切换回主文档
2020-10-09 10:52:55,491 - root - INFO - 切换iframe，元素类型 xpath ,属性值 /html/body/div[6]/div[2]/iframe 
2020-10-09 10:52:55,967 - root - INFO - 鼠标点击，元素类型 class_name ,属性值 bDiv 
2020-10-09 10:52:56,166 - root - INFO - 切换回主文档
2020-10-09 10:52:56,256 - root - INFO - 鼠标点击，元素类型 class_name ,属性值 close 
2020-10-09 10:52:56,292 - root - INFO - 切换iframe，元素类型 name ,属性值 content 
2020-10-09 10:52:56,456 - root - INFO - 鼠标点击，元素类型 id ,属性值 cbMsg 
2020-10-09 10:52:56,542 - root - INFO - 鼠标点击，元素类型 id ,属性值 cbWx 
2020-10-09 10:52:56,624 - root - INFO - 鼠标点击，元素类型 id ,属性值 cbWxTeacher 
2020-10-09 10:52:56,708 - root - INFO - 鼠标点击，元素类型 id ,属性值 btnAppSave 
2020-10-09 10:52:59,060 - root - INFO - 鼠标点击，元素类型 css ,属性值 [title="班级:韩语课程"] 
2020-10-09 10:52:59,142 - root - INFO - 鼠标点击，元素类型 id ,属性值 btnDel 
2020-10-09 11:07:50,665 - root - INFO - 测试用例：添加学员
2020-10-09 11:07:55,793 - root - INFO - 鼠标点击，元素类型 link_text ,属性值 学员管理 
2020-10-09 11:07:55,898 - root - INFO - 鼠标点击，元素类型 link_text ,属性值 添加学员 
2020-10-09 11:07:56,231 - root - INFO - 切换iframe，元素类型 name ,属性值 content 
2020-10-09 11:07:56,401 - root - INFO - 输入内容，元素类型 id ,属性值 txtRealName ， 输入值分分
2020-10-09 11:07:56,525 - root - INFO - 输入内容，元素类型 id ,属性值 txtMobile ， 输入值15548757836
2020-10-09 11:07:56,734 - root - INFO - 鼠标点击，元素类型 id ,属性值 divShowupload 
2020-10-09 11:08:04,054 - root - INFO - 鼠标点击，元素类型 id ,属性值 btnSave 
2020-10-09 11:08:05,165 - root - INFO - 测试用例：添加课程
2020-10-09 11:08:15,317 - root - INFO - 鼠标点击，元素类型 link_text ,属性值 教学管理 
2020-10-09 11:08:15,439 - root - INFO - 鼠标点击，元素类型 link_text ,属性值 课程表 
2020-10-09 11:08:16,764 - root - INFO - 切换iframe，元素类型 name ,属性值 content 
2020-10-09 11:08:17,851 - root - INFO - 切换回主文档
2020-10-09 11:08:18,010 - root - INFO - 切换iframe，元素类型 xpath ,属性值 /html/body/div[6]/div[2]/iframe 
2020-10-09 11:08:18,501 - root - INFO - 鼠标点击，元素类型 class_name ,属性值 bDiv 
2020-10-09 11:08:18,727 - root - INFO - 切换回主文档
2020-10-09 11:08:18,795 - root - INFO - 鼠标点击，元素类型 class_name ,属性值 close 
2020-10-09 11:08:18,845 - root - INFO - 切换iframe，元素类型 name ,属性值 content 
2020-10-09 11:08:19,009 - root - INFO - 鼠标点击，元素类型 id ,属性值 cbMsg 
2020-10-09 11:08:19,094 - root - INFO - 鼠标点击，元素类型 id ,属性值 cbWx 
2020-10-09 11:08:19,176 - root - INFO - 鼠标点击，元素类型 id ,属性值 cbWxTeacher 
2020-10-09 11:08:19,257 - root - INFO - 鼠标点击，元素类型 id ,属性值 btnAppSave 
2020-10-09 11:08:21,594 - root - INFO - 鼠标点击，元素类型 css ,属性值 [title="班级:韩语课程"] 
2020-10-09 11:08:21,667 - root - INFO - 鼠标点击，元素类型 id ,属性值 btnDel 
2020-10-09 11:11:44,711 - root - INFO - 测试用例：添加学员
2020-10-09 11:11:49,272 - root - INFO - 鼠标点击，元素类型 link_text ,属性值 学员管理 
2020-10-09 11:11:49,411 - root - INFO - 鼠标点击，元素类型 link_text ,属性值 添加学员 
2020-10-09 11:11:49,797 - root - INFO - 切换iframe，元素类型 name ,属性值 content 
2020-10-09 11:11:49,986 - root - INFO - 输入内容，元素类型 id ,属性值 txtRealName ， 输入值分分1
2020-10-09 11:11:50,131 - root - INFO - 输入内容，元素类型 id ,属性值 txtMobile ， 输入值15548757836
2020-10-09 11:11:50,337 - root - INFO - 鼠标点击，元素类型 id ,属性值 divShowupload 
2020-10-09 11:11:58,157 - root - INFO - 鼠标点击，元素类型 id ,属性值 btnSave 
2020-10-09 11:11:59,231 - root - INFO - 测试用例：添加课程
2020-10-09 11:12:07,494 - root - INFO - 鼠标点击，元素类型 link_text ,属性值 教学管理 
2020-10-09 11:12:07,635 - root - INFO - 鼠标点击，元素类型 link_text ,属性值 课程表 
2020-10-09 11:12:08,771 - root - INFO - 切换iframe，元素类型 name ,属性值 content 
2020-10-09 11:12:09,909 - root - INFO - 切换回主文档
2020-10-09 11:12:10,162 - root - INFO - 切换iframe，元素类型 xpath ,属性值 /html/body/div[6]/div[2]/iframe 
2020-10-09 11:12:10,619 - root - INFO - 鼠标点击，元素类型 class_name ,属性值 bDiv 
2020-10-09 11:12:10,789 - root - INFO - 切换回主文档
2020-10-09 11:12:10,876 - root - INFO - 鼠标点击，元素类型 class_name ,属性值 close 
2020-10-09 11:12:10,921 - root - INFO - 切换iframe，元素类型 name ,属性值 content 
2020-10-09 11:12:11,071 - root - INFO - 鼠标点击，元素类型 id ,属性值 cbMsg 
2020-10-09 11:12:11,153 - root - INFO - 鼠标点击，元素类型 id ,属性值 cbWx 
2020-10-09 11:12:11,235 - root - INFO - 鼠标点击，元素类型 id ,属性值 cbWxTeacher 
2020-10-09 11:12:11,308 - root - INFO - 鼠标点击，元素类型 id ,属性值 btnAppSave 
2020-10-09 11:12:13,516 - root - INFO - 鼠标点击，元素类型 css ,属性值 [title="班级:韩语课程"] 
2020-10-09 11:12:13,592 - root - INFO - 鼠标点击，元素类型 id ,属性值 btnDel 
2020-10-09 11:12:35,699 - root - INFO - 测试用例：添加学员
2020-10-09 11:12:44,470 - root - INFO - 鼠标点击，元素类型 link_text ,属性值 学员管理 
2020-10-09 11:12:44,612 - root - INFO - 鼠标点击，元素类型 link_text ,属性值 添加学员 
2020-10-09 11:12:44,946 - root - INFO - 切换iframe，元素类型 name ,属性值 content 
2020-10-09 11:12:45,140 - root - INFO - 输入内容，元素类型 id ,属性值 txtRealName ， 输入值分分1
2020-10-09 11:12:45,280 - root - INFO - 输入内容，元素类型 id ,属性值 txtMobile ， 输入值15548757837
2020-10-09 11:12:45,474 - root - INFO - 鼠标点击，元素类型 id ,属性值 divShowupload 
2020-10-09 11:12:53,009 - root - INFO - 鼠标点击，元素类型 id ,属性值 btnSave 
2020-10-09 11:12:53,751 - root - INFO - 元素类型 id ,属性值 lbRealName
2020-10-09 11:12:54,453 - root - INFO - 测试用例：添加课程
2020-10-09 11:12:56,308 - root - INFO - 鼠标点击，元素类型 link_text ,属性值 教学管理 
2020-10-09 11:12:56,660 - root - INFO - 鼠标点击，元素类型 link_text ,属性值 课程表 
2020-10-09 11:12:57,978 - root - INFO - 切换iframe，元素类型 name ,属性值 content 
2020-10-09 11:12:59,072 - root - INFO - 切换回主文档
2020-10-09 11:12:59,228 - root - INFO - 切换iframe，元素类型 xpath ,属性值 /html/body/div[6]/div[2]/iframe 
2020-10-09 11:12:59,679 - root - INFO - 鼠标点击，元素类型 class_name ,属性值 bDiv 
2020-10-09 11:12:59,884 - root - INFO - 切换回主文档
2020-10-09 11:12:59,970 - root - INFO - 鼠标点击，元素类型 class_name ,属性值 close 
2020-10-09 11:13:00,002 - root - INFO - 切换iframe，元素类型 name ,属性值 content 
2020-10-09 11:13:00,178 - root - INFO - 鼠标点击，元素类型 id ,属性值 cbMsg 
2020-10-09 11:13:00,262 - root - INFO - 鼠标点击，元素类型 id ,属性值 cbWx 
2020-10-09 11:13:00,340 - root - INFO - 鼠标点击，元素类型 id ,属性值 cbWxTeacher 
2020-10-09 11:13:00,430 - root - INFO - 鼠标点击，元素类型 id ,属性值 btnAppSave 
2020-10-09 11:13:02,639 - root - INFO - 鼠标点击，元素类型 css ,属性值 [title="班级:韩语课程"] 
2020-10-09 11:13:02,713 - root - INFO - 鼠标点击，元素类型 id ,属性值 btnDel 
2020-10-09 14:38:56,712 - root - INFO - 测试用例：添加课程
2020-10-09 14:38:57,131 - root - INFO - 测试用例：添加学员
2020-10-09 14:39:10,855 - root - INFO - 鼠标点击，元素类型 link_text ,属性值 学员管理 
2020-10-09 14:39:11,056 - root - INFO - 鼠标点击，元素类型 link_text ,属性值 添加学员 
2020-10-09 14:39:11,515 - root - INFO - 切换iframe，元素类型 name ,属性值 content 
2020-10-09 14:39:11,829 - root - INFO - 输入内容，元素类型 id ,属性值 txtRealName ， 输入值分分1
2020-10-09 14:39:12,030 - root - INFO - 输入内容，元素类型 id ,属性值 txtMobile ， 输入值15548757837
2020-10-09 14:39:12,307 - root - INFO - 鼠标点击，元素类型 id ,属性值 divShowupload 
2020-10-09 14:39:19,769 - root - INFO - 鼠标点击，元素类型 id ,属性值 btnSave 
2020-10-09 14:39:20,340 - root - INFO - 鼠标点击，元素类型 link_text ,属性值 教学管理 
2020-10-09 14:39:20,547 - root - INFO - 鼠标点击，元素类型 link_text ,属性值 课程表 
2020-10-09 14:39:22,012 - root - INFO - 切换iframe，元素类型 name ,属性值 content 
2020-10-09 14:39:23,288 - root - INFO - 切换回主文档
2020-10-09 14:39:23,521 - root - INFO - 切换iframe，元素类型 xpath ,属性值 /html/body/div[6]/div[2]/iframe 
2020-10-09 14:39:23,975 - root - INFO - 鼠标点击，元素类型 class_name ,属性值 bDiv 
2020-10-09 14:39:24,180 - root - INFO - 切换回主文档
2020-10-09 14:39:24,261 - root - INFO - 鼠标点击，元素类型 class_name ,属性值 close 
2020-10-09 14:39:24,303 - root - INFO - 切换iframe，元素类型 name ,属性值 content 
2020-10-09 14:39:24,482 - root - INFO - 鼠标点击，元素类型 id ,属性值 cbMsg 
2020-10-09 14:39:24,587 - root - INFO - 鼠标点击，元素类型 id ,属性值 cbWx 
2020-10-09 14:39:24,692 - root - INFO - 鼠标点击，元素类型 id ,属性值 cbWxTeacher 
2020-10-09 14:39:24,786 - root - INFO - 鼠标点击，元素类型 id ,属性值 btnAppSave 
2020-10-09 14:39:27,231 - root - INFO - 鼠标点击，元素类型 css ,属性值 [title="班级:韩语课程"] 
2020-10-09 14:39:27,315 - root - INFO - 鼠标点击，元素类型 id ,属性值 btnDel 
2020-10-09 14:41:05,957 - root - INFO - 测试用例：添加学员
2020-10-09 14:41:06,632 - root - INFO - 测试用例：签约合同
2020-10-09 14:41:07,265 - root - INFO - 测试用例：签约合同
2020-10-09 14:41:07,897 - root - INFO - 测试用例：添加课程
2020-10-09 14:41:22,768 - root - INFO - 鼠标点击，元素类型 link_text ,属性值 学员管理 
2020-10-09 14:41:22,862 - root - INFO - 鼠标点击，元素类型 link_text ,属性值 学员管理 
2020-10-09 14:41:23,187 - root - INFO - 鼠标点击，元素类型 link_text ,属性值 添加学员 
2020-10-09 14:41:23,212 - root - INFO - 鼠标点击，元素类型 link_text ,属性值 我的学员 
2020-10-09 14:41:23,912 - root - INFO - 切换iframe，元素类型 name ,属性值 content 
2020-10-09 14:41:23,921 - root - INFO - 切换iframe，元素类型 name ,属性值 content 
2020-10-09 14:41:23,993 - root - INFO - 鼠标点击，元素类型 link_text ,属性值 教学管理 
2020-10-09 14:41:24,251 - root - INFO - 鼠标点击，元素类型 link_text ,属性值 课程表 
2020-10-09 14:41:24,331 - root - INFO - 输入内容，元素类型 id ,属性值 txtRealName ， 输入值分分1
2020-10-09 14:41:24,437 - root - INFO - 鼠标点击，元素类型 link_text ,属性值 学员管理 
2020-10-09 14:41:24,680 - root - INFO - 输入内容，元素类型 id ,属性值 txtMobile ， 输入值15548757837
2020-10-09 14:41:24,923 - root - INFO - 鼠标点击，元素类型 link_text ,属性值 批量导入学员 
2020-10-09 14:41:25,300 - root - INFO - 鼠标点击，元素类型 id ,属性值 divShowupload 
2020-10-09 14:41:25,670 - root - INFO - 切换iframe，元素类型 name ,属性值 content 
2020-10-09 14:41:26,727 - root - INFO - 鼠标点击，元素类型 link_text ,属性值 未签约学员导入模板 
2020-10-09 14:41:27,274 - root - INFO - 鼠标点击，元素类型 link_text ,属性值 签约 
2020-10-09 14:41:27,317 - root - INFO - 切换回主文档
2020-10-09 14:41:27,673 - root - INFO - 切换iframe，元素类型 name ,属性值 content 
2020-10-09 14:41:27,773 - root - INFO - 鼠标点击，元素类型 id ,属性值 linkDown 
2020-10-09 14:41:28,033 - root - INFO - 切换iframe，元素类型 xpath ,属性值 /html/body/div[6]/div[2]/iframe 
2020-10-09 14:41:29,500 - root - INFO - 输入内容，元素类型 id ,属性值 txtEndDate ， 输入值3000-1-1
2020-10-09 14:41:29,688 - root - INFO - 输入内容，元素类型 id ,属性值 FileUpload1 ， 输入值C:\Users\Administrator\Desktop\import.xls
2020-10-09 14:41:30,359 - root - INFO - 输入内容，元素类型 id ,属性值 txtCardNo ， 输入值6861
2020-10-09 14:41:30,463 - root - INFO - 切换回主文档
2020-10-09 14:41:30,596 - root - INFO - 鼠标点击，元素类型 id ,属性值 btnSave 
2020-10-09 14:41:30,911 - root - INFO - 切换iframe，元素类型 xpath ,属性值 /html/body/div[6]/div[2]/iframe 
2020-10-09 14:41:31,163 - root - INFO - 鼠标点击，元素类型 id ,属性值 btnSaveNew 
2020-10-09 14:41:31,940 - root - INFO - 鼠标点击，元素类型 class_name ,属性值 bDiv 
2020-10-09 14:41:32,308 - root - INFO - 切换回主文档
2020-10-09 14:41:32,469 - root - INFO - 鼠标点击，元素类型 class_name ,属性值 close 
2020-10-09 14:41:32,543 - root - INFO - 切换iframe，元素类型 name ,属性值 content 
2020-10-09 14:41:32,783 - root - INFO - 切换回主文档
2020-10-09 14:41:32,854 - root - INFO - 鼠标点击，元素类型 id ,属性值 cbMsg 
2020-10-09 14:41:32,930 - root - INFO - 鼠标点击，元素类型 id ,属性值 btnSave 
2020-10-09 14:41:33,062 - root - INFO - 鼠标点击，元素类型 id ,属性值 cbWx 
2020-10-09 14:41:33,242 - root - INFO - 鼠标点击，元素类型 id ,属性值 cbWxTeacher 
2020-10-09 14:41:33,404 - root - INFO - 鼠标点击，元素类型 id ,属性值 btnAppSave 
2020-10-09 14:41:34,682 - root - INFO - 鼠标点击，元素类型 class_name ,属性值 close 
2020-10-09 14:41:36,020 - root - INFO - 鼠标点击，元素类型 link_text ,属性值 合同管理 
2020-10-09 14:41:36,242 - root - INFO - 鼠标点击，元素类型 xpath ,属性值 //*[@id="menuNormal"]/a[3] 
2020-10-09 14:41:36,728 - root - INFO - 鼠标点击，元素类型 css ,属性值 [title="班级:韩语课程"] 
2020-10-09 14:41:36,789 - root - INFO - 切换iframe，元素类型 name ,属性值 content 
2020-10-09 14:41:36,908 - root - INFO - 鼠标点击，元素类型 id ,属性值 btnDel 
2020-10-09 14:41:38,744 - root - INFO - 鼠标点击，元素类型 id ,属性值 btnCheck 
2020-10-09 14:43:45,639 - root - INFO - 测试用例：添加课程
2020-10-09 14:43:46,101 - root - INFO - 测试用例：签约合同
2020-10-09 14:43:46,651 - root - INFO - 测试用例：签约合同
2020-10-09 14:43:47,208 - root - INFO - 测试用例：添加学员
2020-10-09 14:43:55,995 - root - INFO - 鼠标点击，元素类型 link_text ,属性值 教学管理 
2020-10-09 14:43:56,993 - root - INFO - 鼠标点击，元素类型 link_text ,属性值 课程表 
2020-10-09 14:44:03,390 - root - INFO - 切换iframe，元素类型 name ,属性值 content 
2020-10-09 14:44:05,122 - root - INFO - 鼠标点击，元素类型 link_text ,属性值 学员管理 
2020-10-09 14:44:05,393 - root - INFO - 鼠标点击，元素类型 link_text ,属性值 添加学员 
2020-10-09 14:44:05,688 - root - INFO - 切换回主文档
2020-10-09 14:44:05,935 - root - INFO - 切换iframe，元素类型 name ,属性值 content 
2020-10-09 14:44:06,231 - root - INFO - 切换iframe，元素类型 xpath ,属性值 /html/body/div[6]/div[2]/iframe 
2020-10-09 14:44:06,577 - root - INFO - 输入内容，元素类型 id ,属性值 txtRealName ， 输入值分分1
2020-10-09 14:44:06,848 - root - INFO - 输入内容，元素类型 id ,属性值 txtMobile ， 输入值15548757837
2020-10-09 14:44:07,185 - root - INFO - 鼠标点击，元素类型 id ,属性值 divShowupload 
2020-10-09 14:44:07,209 - root - INFO - 鼠标点击，元素类型 class_name ,属性值 bDiv 
2020-10-09 14:44:08,081 - root - INFO - 切换回主文档
2020-10-09 14:44:08,432 - root - INFO - 鼠标点击，元素类型 class_name ,属性值 close 
2020-10-09 14:44:08,742 - root - INFO - 鼠标点击，元素类型 link_text ,属性值 学员管理 
2020-10-09 14:44:08,961 - root - INFO - 切换iframe，元素类型 name ,属性值 content 
2020-10-09 14:44:09,650 - root - INFO - 鼠标点击，元素类型 link_text ,属性值 我的学员 
2020-10-09 14:44:09,868 - root - INFO - 鼠标点击，元素类型 id ,属性值 cbMsg 
2020-10-09 14:44:10,141 - root - INFO - 鼠标点击，元素类型 id ,属性值 cbWx 
2020-10-09 14:44:10,312 - root - INFO - 鼠标点击，元素类型 link_text ,属性值 学员管理 
2020-10-09 14:44:10,908 - root - INFO - 鼠标点击，元素类型 link_text ,属性值 批量导入学员 
2020-10-09 14:44:11,129 - root - INFO - 切换iframe，元素类型 name ,属性值 content 
2020-10-09 14:44:11,300 - root - INFO - 切换iframe，元素类型 name ,属性值 content 
2020-10-09 14:44:11,389 - root - INFO - 鼠标点击，元素类型 id ,属性值 cbWxTeacher 
2020-10-09 14:44:11,536 - root - INFO - 鼠标点击，元素类型 link_text ,属性值 未签约学员导入模板 
2020-10-09 14:44:11,611 - root - INFO - 鼠标点击，元素类型 id ,属性值 btnAppSave 
2020-10-09 14:44:11,847 - root - INFO - 鼠标点击，元素类型 id ,属性值 linkDown 
2020-10-09 14:44:12,778 - root - INFO - 输入内容，元素类型 id ,属性值 FileUpload1 ， 输入值C:\Users\Administrator\Desktop\import.xls
2020-10-09 14:44:13,496 - root - INFO - 鼠标点击，元素类型 link_text ,属性值 签约 
2020-10-09 14:44:13,529 - root - INFO - 切换回主文档
2020-10-09 14:44:14,051 - root - INFO - 切换iframe，元素类型 xpath ,属性值 /html/body/div[6]/div[2]/iframe 
2020-10-09 14:44:14,087 - root - INFO - 鼠标点击，元素类型 id ,属性值 btnSaveNew 
2020-10-09 14:44:15,052 - root - INFO - 鼠标点击，元素类型 id ,属性值 btnSave 
2020-10-09 14:44:16,059 - root - INFO - 鼠标点击，元素类型 css ,属性值 [title="班级:韩语课程"] 
2020-10-09 14:44:16,060 - root - INFO - 输入内容，元素类型 id ,属性值 txtEndDate ， 输入值3000-1-1
2020-10-09 14:44:16,198 - root - INFO - 鼠标点击，元素类型 id ,属性值 btnDel 
2020-10-09 14:44:17,068 - root - INFO - 输入内容，元素类型 id ,属性值 txtCardNo ， 输入值6861
2020-10-09 14:44:17,243 - root - INFO - 鼠标点击，元素类型 id ,属性值 btnSave 
2020-10-09 14:44:19,300 - root - INFO - 切换回主文档
2020-10-09 14:44:21,051 - root - INFO - 鼠标点击，元素类型 class_name ,属性值 close 
2020-10-09 14:44:22,170 - root - INFO - 鼠标点击，元素类型 link_text ,属性值 合同管理 
2020-10-09 14:44:22,311 - root - INFO - 鼠标点击，元素类型 xpath ,属性值 //*[@id="menuNormal"]/a[3] 
2020-10-09 14:44:22,580 - root - INFO - 切换iframe，元素类型 name ,属性值 content 
2020-10-09 14:44:23,746 - root - INFO - 鼠标点击，元素类型 id ,属性值 btnCheck 
2020-10-09 14:46:03,229 - root - INFO - 测试用例：签约合同
2020-10-09 14:46:11,688 - root - INFO - 鼠标点击，元素类型 link_text ,属性值 学员管理 
2020-10-09 14:46:11,869 - root - INFO - 鼠标点击，元素类型 link_text ,属性值 我的学员 
2020-10-09 14:46:12,137 - root - INFO - 切换iframe，元素类型 name ,属性值 content 
2020-10-09 14:46:13,549 - root - INFO - 鼠标点击，元素类型 link_text ,属性值 签约 
2020-10-09 14:46:13,554 - root - INFO - 切换回主文档
2020-10-09 14:46:13,813 - root - INFO - 切换iframe，元素类型 xpath ,属性值 /html/body/div[6]/div[2]/iframe 
2020-10-09 14:46:14,561 - root - INFO - 输入内容，元素类型 id ,属性值 txtEndDate ， 输入值3000-1-1
2020-10-09 14:46:15,276 - root - INFO - 输入内容，元素类型 id ,属性值 txtCardNo ， 输入值6861
2020-10-09 14:46:15,406 - root - INFO - 鼠标点击，元素类型 id ,属性值 btnSave 
2020-10-09 14:46:17,437 - root - INFO - 切换回主文档
2020-10-09 14:46:19,106 - root - INFO - 鼠标点击，元素类型 class_name ,属性值 close 
2020-10-09 14:46:20,273 - root - INFO - 鼠标点击，元素类型 link_text ,属性值 合同管理 
2020-10-09 14:46:20,381 - root - INFO - 鼠标点击，元素类型 xpath ,属性值 //*[@id="menuNormal"]/a[3] 
2020-10-09 14:46:20,608 - root - INFO - 切换iframe，元素类型 name ,属性值 content 
2020-10-09 14:46:21,835 - root - INFO - 鼠标点击，元素类型 id ,属性值 btnCheck 
2020-10-09 14:49:45,026 - root - INFO - 测试用例：签约合同
2020-10-09 14:49:50,574 - root - INFO - 鼠标点击，元素类型 link_text ,属性值 学员管理 
2020-10-09 14:49:50,781 - root - INFO - 鼠标点击，元素类型 link_text ,属性值 我的学员 
2020-10-09 14:49:51,090 - root - INFO - 切换iframe，元素类型 name ,属性值 content 
2020-10-09 14:49:52,577 - root - INFO - 鼠标点击，元素类型 link_text ,属性值 签约 
2020-10-09 14:49:52,591 - root - INFO - 切换回主文档
2020-10-09 14:49:52,975 - root - INFO - 切换iframe，元素类型 xpath ,属性值 /html/body/div[6]/div[2]/iframe 
2020-10-09 14:49:53,720 - root - INFO - 输入内容，元素类型 id ,属性值 txtEndDate ， 输入值3000-1-1
2020-10-09 14:52:19,909 - root - INFO - 测试用例：签约合同
2020-10-09 14:52:25,797 - root - INFO - 鼠标点击，元素类型 link_text ,属性值 学员管理 
2020-10-09 14:52:26,014 - root - INFO - 鼠标点击，元素类型 link_text ,属性值 我的学员 
2020-10-09 14:52:26,329 - root - INFO - 切换iframe，元素类型 name ,属性值 content 
2020-10-09 14:52:27,830 - root - INFO - 鼠标点击，元素类型 link_text ,属性值 签约 
2020-10-09 14:52:27,835 - root - INFO - 切换回主文档
2020-10-09 14:52:28,191 - root - INFO - 切换iframe，元素类型 xpath ,属性值 /html/body/div[6]/div[2]/iframe 
2020-10-09 14:52:28,991 - root - INFO - 输入内容，元素类型 id ,属性值 txtEndDate ， 输入值3000-1-1
2020-10-09 15:08:24,577 - root - INFO - 测试用例：签约合同
2020-10-09 15:08:29,506 - root - INFO - 鼠标点击，元素类型 link_text ,属性值 学员管理 
2020-10-09 15:08:29,688 - root - INFO - 鼠标点击，元素类型 link_text ,属性值 我的学员 
2020-10-09 15:08:30,114 - root - INFO - 切换iframe，元素类型 name ,属性值 content 
2020-10-09 15:08:31,634 - root - INFO - 鼠标点击，元素类型 link_text ,属性值 签约 
2020-10-09 15:08:31,639 - root - INFO - 切换回主文档
2020-10-09 15:08:31,896 - root - INFO - 切换iframe，元素类型 xpath ,属性值 /html/body/div[6]/div[2]/iframe 
2020-10-09 15:08:32,929 - root - INFO - 输入内容，元素类型 id ,属性值 txtEndDate ， 输入值3000-1-1
2020-10-09 15:08:33,656 - root - INFO - 输入内容，元素类型 id ,属性值 txtCardNo ， 输入值f01o
2020-10-09 15:08:33,804 - root - INFO - 鼠标点击，元素类型 id ,属性值 btnSave 
2020-10-09 15:08:35,825 - root - INFO - 切换回主文档
2020-10-09 15:08:37,506 - root - INFO - 鼠标点击，元素类型 class_name ,属性值 close 
2020-10-09 15:08:38,600 - root - INFO - 鼠标点击，元素类型 link_text ,属性值 合同管理 
2020-10-09 15:08:38,707 - root - INFO - 鼠标点击，元素类型 xpath ,属性值 //*[@id="menuNormal"]/a[3] 
2020-10-09 15:08:38,924 - root - INFO - 切换iframe，元素类型 name ,属性值 content 
2020-10-09 15:08:39,925 - root - INFO - 鼠标点击，元素类型 id ,属性值 btnCheck 
2020-10-09 15:19:00,150 - root - INFO - 测试用例：签约合同
2020-10-09 15:19:01,141 - root - INFO - 测试用例：添加学员
2020-10-09 15:19:01,667 - root - INFO - 测试用例：签约合同
2020-10-09 15:19:01,832 - root - INFO - 测试用例：添加课程
2020-10-09 15:19:17,154 - root - INFO - 鼠标点击，元素类型 link_text ,属性值 学员管理 
2020-10-09 15:19:17,504 - root - INFO - 鼠标点击，元素类型 link_text ,属性值 批量导入学员 
2020-10-09 15:19:17,798 - root - INFO - 切换iframe，元素类型 name ,属性值 content 
2020-10-09 15:19:18,265 - root - INFO - 鼠标点击，元素类型 link_text ,属性值 未签约学员导入模板 
2020-10-09 15:19:18,755 - root - INFO - 鼠标点击，元素类型 link_text ,属性值 学员管理 
2020-10-09 15:19:18,762 - root - INFO - 鼠标点击，元素类型 id ,属性值 linkDown 
2020-10-09 15:19:19,300 - root - INFO - 鼠标点击，元素类型 link_text ,属性值 教学管理 
2020-10-09 15:19:20,045 - root - INFO - 鼠标点击，元素类型 link_text ,属性值 添加学员 
2020-10-09 15:19:20,306 - root - INFO - 鼠标点击，元素类型 link_text ,属性值 课程表 
2020-10-09 15:19:21,011 - root - INFO - 切换iframe，元素类型 name ,属性值 content 
2020-10-09 15:19:21,054 - root - INFO - 输入内容，元素类型 id ,属性值 FileUpload1 ， 输入值C:\Users\Administrator\Desktop\import.xls
2020-10-09 15:19:21,189 - root - INFO - 输入内容，元素类型 id ,属性值 txtRealName ， 输入值分分1
2020-10-09 15:19:21,488 - root - INFO - 输入内容，元素类型 id ,属性值 txtMobile ， 输入值15548757837
2020-10-09 15:19:22,470 - root - INFO - 鼠标点击，元素类型 id ,属性值 divShowupload 
2020-10-09 15:19:22,497 - root - INFO - 切换iframe，元素类型 name ,属性值 content 
2020-10-09 15:19:22,986 - root - INFO - 鼠标点击，元素类型 id ,属性值 btnSaveNew 
2020-10-09 15:19:23,448 - root - INFO - 鼠标点击，元素类型 link_text ,属性值 学员管理 
2020-10-09 15:19:23,910 - root - INFO - 鼠标点击，元素类型 link_text ,属性值 我的学员 
2020-10-09 15:19:24,621 - root - INFO - 切换iframe，元素类型 name ,属性值 content 
2020-10-09 15:19:26,812 - root - INFO - 鼠标点击，元素类型 link_text ,属性值 签约 
2020-10-09 15:19:26,847 - root - INFO - 切换回主文档
2020-10-09 15:19:27,227 - root - INFO - 切换iframe，元素类型 xpath ,属性值 /html/body/div[6]/div[2]/iframe 
2020-10-09 15:19:28,241 - root - INFO - 输入内容，元素类型 id ,属性值 txtEndDate ， 输入值3000-1-1
2020-10-09 15:19:29,112 - root - INFO - 输入内容，元素类型 id ,属性值 txtCardNo ， 输入值d8Ok
2020-10-09 15:19:29,287 - root - INFO - 鼠标点击，元素类型 id ,属性值 btnSave 
2020-10-09 15:19:29,993 - root - INFO - 鼠标点击，元素类型 id ,属性值 btnSave 
2020-10-09 15:19:31,329 - root - INFO - 切换回主文档
2020-10-09 15:19:33,102 - root - INFO - 鼠标点击，元素类型 class_name ,属性值 close 
2020-10-09 15:19:34,252 - root - INFO - 鼠标点击，元素类型 link_text ,属性值 合同管理 
2020-10-09 15:19:34,368 - root - INFO - 鼠标点击，元素类型 xpath ,属性值 //*[@id="menuNormal"]/a[3] 
2020-10-09 15:19:34,620 - root - INFO - 切换iframe，元素类型 name ,属性值 content 
2020-10-09 15:19:35,836 - root - INFO - 鼠标点击，元素类型 id ,属性值 btnCheck 
2020-10-09 15:24:09,860 - root - INFO - 测试用例：添加学员
2020-10-09 15:24:10,153 - root - INFO - 测试用例：签约合同
2020-10-09 15:24:11,078 - root - INFO - 测试用例：签约合同
2020-10-09 15:24:11,235 - root - INFO - 测试用例：添加课程
2020-10-09 15:24:25,827 - root - INFO - 鼠标点击，元素类型 link_text ,属性值 学员管理 
2020-10-09 15:24:26,397 - root - INFO - 鼠标点击，元素类型 link_text ,属性值 学员管理 
2020-10-09 15:24:26,756 - root - INFO - 鼠标点击，元素类型 link_text ,属性值 我的学员 
2020-10-09 15:24:26,765 - root - INFO - 鼠标点击，元素类型 link_text ,属性值 添加学员 
2020-10-09 15:24:27,460 - root - INFO - 切换iframe，元素类型 name ,属性值 content 
2020-10-09 15:24:27,583 - root - INFO - 切换iframe，元素类型 name ,属性值 content 
2020-10-09 15:24:27,726 - root - INFO - 输入内容，元素类型 id ,属性值 txtRealName ， 输入值分分1
2020-10-09 15:24:27,970 - root - INFO - 输入内容，元素类型 id ,属性值 txtMobile ， 输入值15548757837
2020-10-09 15:24:27,972 - root - INFO - 鼠标点击，元素类型 link_text ,属性值 教学管理 
2020-10-09 15:24:28,198 - root - INFO - 鼠标点击，元素类型 link_text ,属性值 学员管理 
2020-10-09 15:24:28,318 - root - INFO - 鼠标点击，元素类型 link_text ,属性值 课程表 
2020-10-09 15:24:28,463 - root - INFO - 鼠标点击，元素类型 id ,属性值 divShowupload 
2020-10-09 15:24:28,777 - root - INFO - 鼠标点击，元素类型 link_text ,属性值 批量导入学员 
2020-10-09 15:24:29,771 - root - INFO - 切换iframe，元素类型 name ,属性值 content 
2020-10-09 15:24:30,179 - root - INFO - 鼠标点击，元素类型 link_text ,属性值 签约 
2020-10-09 15:24:30,366 - root - INFO - 鼠标点击，元素类型 link_text ,属性值 未签约学员导入模板 
2020-10-09 15:24:30,547 - root - INFO - 切换回主文档
2020-10-09 15:24:30,817 - root - INFO - 切换iframe，元素类型 name ,属性值 content 
2020-10-09 15:24:30,886 - root - INFO - 鼠标点击，元素类型 id ,属性值 linkDown 
2020-10-09 15:24:30,886 - root - INFO - 切换iframe，元素类型 xpath ,属性值 /html/body/div[6]/div[2]/iframe 
2020-10-09 15:24:32,694 - root - INFO - 输入内容，元素类型 id ,属性值 FileUpload1 ， 输入值C:\Users\Administrator\Desktop\import.xls
2020-10-09 15:24:33,338 - root - INFO - 输入内容，元素类型 id ,属性值 txtEndDate ， 输入值3000-1-1
2020-10-09 15:24:34,158 - root - INFO - 鼠标点击，元素类型 id ,属性值 btnSaveNew 
2020-10-09 15:24:34,505 - root - INFO - 切换回主文档
2020-10-09 15:24:34,528 - root - INFO - 输入内容，元素类型 id ,属性值 txtCardNo ， 输入值YkDo
2020-10-09 15:24:35,068 - root - INFO - 鼠标点击，元素类型 id ,属性值 btnSave 
2020-10-09 15:24:35,386 - root - INFO - 切换iframe，元素类型 xpath ,属性值 /html/body/div[6]/div[2]/iframe 
2020-10-09 15:24:35,576 - root - INFO - 鼠标点击，元素类型 class_name ,属性值 bDiv 
2020-10-09 15:24:35,957 - root - INFO - 切换回主文档
2020-10-09 15:24:36,113 - root - INFO - 鼠标点击，元素类型 id ,属性值 btnSave 
2020-10-09 15:24:36,236 - root - INFO - 鼠标点击，元素类型 class_name ,属性值 close 
2020-10-09 15:24:36,302 - root - INFO - 切换iframe，元素类型 name ,属性值 content 
2020-10-09 15:24:36,493 - root - INFO - 鼠标点击，元素类型 id ,属性值 cbMsg 
2020-10-09 15:24:36,709 - root - INFO - 鼠标点击，元素类型 id ,属性值 cbWx 
2020-10-09 15:24:36,939 - root - INFO - 鼠标点击，元素类型 id ,属性值 cbWxTeacher 
2020-10-09 15:24:37,106 - root - INFO - 鼠标点击，元素类型 id ,属性值 btnAppSave 
2020-10-09 15:24:37,212 - root - INFO - 切换回主文档
2020-10-09 15:24:39,000 - root - INFO - 鼠标点击，元素类型 class_name ,属性值 close 
2020-10-09 15:24:40,292 - root - INFO - 鼠标点击，元素类型 css ,属性值 [title="班级:韩语课程"] 
2020-10-09 15:24:40,419 - root - INFO - 鼠标点击，元素类型 link_text ,属性值 合同管理 
2020-10-09 15:24:40,562 - root - INFO - 鼠标点击，元素类型 id ,属性值 btnDel 
2020-10-09 15:24:40,609 - root - INFO - 鼠标点击，元素类型 xpath ,属性值 //*[@id="menuNormal"]/a[3] 
2020-10-09 15:24:42,159 - root - INFO - 切换iframe，元素类型 name ,属性值 content 
2020-10-09 15:24:43,528 - root - INFO - 鼠标点击，元素类型 id ,属性值 btnCheck 
2020-10-09 15:28:37,016 - root - INFO - 测试用例：签约合同
2020-10-09 15:28:38,052 - root - INFO - 测试用例：签约合同
2020-10-09 15:28:39,146 - root - INFO - 测试用例：签约合同
2020-10-09 15:28:39,466 - root - INFO - 测试用例：添加学员
2020-10-09 15:28:51,456 - root - INFO - 鼠标点击，元素类型 link_text ,属性值 学员管理 
2020-10-09 15:28:52,044 - root - INFO - 鼠标点击，元素类型 link_text ,属性值 批量导入学员 
2020-10-09 15:28:53,533 - root - INFO - 切换iframe，元素类型 name ,属性值 content 
2020-10-09 15:28:53,848 - root - INFO - 鼠标点击，元素类型 link_text ,属性值 未签约学员导入模板 
2020-10-09 15:28:54,105 - root - INFO - 鼠标点击，元素类型 link_text ,属性值 学员管理 
2020-10-09 15:28:54,256 - root - INFO - 鼠标点击，元素类型 id ,属性值 linkDown 
2020-10-09 15:28:54,467 - root - INFO - 鼠标点击，元素类型 link_text ,属性值 我的学员 
2020-10-09 15:28:54,777 - root - INFO - 输入内容，元素类型 id ,属性值 FileUpload1 ， 输入值C:\Users\Administrator\Desktop\import.xls
2020-10-09 15:28:55,170 - root - INFO - 鼠标点击，元素类型 link_text ,属性值 学员管理 
2020-10-09 15:28:55,298 - root - INFO - 切换iframe，元素类型 name ,属性值 content 
2020-10-09 15:28:55,521 - root - INFO - 鼠标点击，元素类型 link_text ,属性值 我的学员 
2020-10-09 15:28:56,087 - root - INFO - 鼠标点击，元素类型 link_text ,属性值 学员管理 
2020-10-09 15:28:56,785 - root - INFO - 切换iframe，元素类型 name ,属性值 content 
2020-10-09 15:28:57,135 - root - INFO - 鼠标点击，元素类型 link_text ,属性值 添加学员 
2020-10-09 15:28:57,184 - root - INFO - 鼠标点击，元素类型 id ,属性值 btnSaveNew 
2020-10-09 15:28:58,082 - root - INFO - 切换iframe，元素类型 name ,属性值 content 
2020-10-09 15:28:58,362 - root - INFO - 输入内容，元素类型 id ,属性值 txtRealName ， 输入值分分1
2020-10-09 15:28:58,578 - root - INFO - 输入内容，元素类型 id ,属性值 txtMobile ， 输入值15548757837
2020-10-09 15:28:58,669 - root - INFO - 鼠标点击，元素类型 link_text ,属性值 签约 
2020-10-09 15:28:58,738 - root - INFO - 切换回主文档
2020-10-09 15:28:59,032 - root - INFO - 鼠标点击，元素类型 id ,属性值 divShowupload 
2020-10-09 15:28:59,213 - root - INFO - 切换iframe，元素类型 xpath ,属性值 /html/body/div[6]/div[2]/iframe 
2020-10-09 15:28:59,783 - root - INFO - 鼠标点击，元素类型 link_text ,属性值 签约 
2020-10-09 15:28:59,918 - root - INFO - 切换回主文档
2020-10-09 15:29:00,680 - root - INFO - 输入内容，元素类型 id ,属性值 txtEndDate ， 输入值3000-1-1
2020-10-09 15:29:00,706 - root - INFO - 切换iframe，元素类型 xpath ,属性值 /html/body/div[6]/div[2]/iframe 
2020-10-09 15:29:01,666 - root - INFO - 输入内容，元素类型 id ,属性值 txtCardNo ， 输入值CxRC
2020-10-09 15:29:01,832 - root - INFO - 鼠标点击，元素类型 id ,属性值 btnSave 
2020-10-09 15:29:01,952 - root - INFO - 输入内容，元素类型 id ,属性值 txtEndDate ， 输入值3000-1-1
2020-10-09 15:29:02,768 - root - INFO - 输入内容，元素类型 id ,属性值 txtCardNo ， 输入值vlc4
2020-10-09 15:29:03,028 - root - INFO - 鼠标点击，元素类型 id ,属性值 btnSave 
2020-10-09 15:29:03,881 - root - INFO - 切换回主文档
2020-10-09 15:29:05,129 - root - INFO - 切换回主文档
2020-10-09 15:29:05,610 - root - INFO - 鼠标点击，元素类型 class_name ,属性值 close 
2020-10-09 15:29:06,937 - root - INFO - 鼠标点击，元素类型 link_text ,属性值 合同管理 
2020-10-09 15:29:06,941 - root - INFO - 鼠标点击，元素类型 id ,属性值 btnSave 
2020-10-09 15:29:06,947 - root - INFO - 鼠标点击，元素类型 class_name ,属性值 close 
2020-10-09 15:29:07,159 - root - INFO - 鼠标点击，元素类型 xpath ,属性值 //*[@id="menuNormal"]/a[3] 
2020-10-09 15:29:07,520 - root - INFO - 切换iframe，元素类型 name ,属性值 content 
2020-10-09 15:29:08,308 - root - INFO - 鼠标点击，元素类型 link_text ,属性值 合同管理 
2020-10-09 15:29:08,528 - root - INFO - 鼠标点击，元素类型 xpath ,属性值 //*[@id="menuNormal"]/a[3] 
2020-10-09 15:29:08,616 - root - INFO - 测试用例：添加课程
2020-10-09 15:29:10,240 - root - INFO - 切换iframe，元素类型 name ,属性值 content 
2020-10-09 15:29:11,531 - root - INFO - 鼠标点击，元素类型 id ,属性值 btnCheck 
2020-10-09 15:29:23,514 - root - INFO - 鼠标点击，元素类型 link_text ,属性值 教学管理 
2020-10-09 15:29:23,651 - root - INFO - 鼠标点击，元素类型 link_text ,属性值 课程表 
2020-10-09 15:29:24,850 - root - INFO - 切换iframe，元素类型 name ,属性值 content 
2020-10-09 15:29:26,068 - root - INFO - 切换回主文档
2020-10-09 15:29:26,250 - root - INFO - 切换iframe，元素类型 xpath ,属性值 /html/body/div[6]/div[2]/iframe 
2020-10-09 15:29:26,709 - root - INFO - 鼠标点击，元素类型 class_name ,属性值 bDiv 
2020-10-09 15:29:26,939 - root - INFO - 切换回主文档
2020-10-09 15:29:27,040 - root - INFO - 鼠标点击，元素类型 class_name ,属性值 close 
2020-10-09 15:29:27,084 - root - INFO - 切换iframe，元素类型 name ,属性值 content 
2020-10-09 15:29:27,258 - root - INFO - 鼠标点击，元素类型 id ,属性值 cbMsg 
2020-10-09 15:29:27,352 - root - INFO - 鼠标点击，元素类型 id ,属性值 cbWx 
2020-10-09 15:29:27,436 - root - INFO - 鼠标点击，元素类型 id ,属性值 cbWxTeacher 
2020-10-09 15:29:27,524 - root - INFO - 鼠标点击，元素类型 id ,属性值 btnAppSave 
2020-10-09 15:29:29,921 - root - INFO - 鼠标点击，元素类型 css ,属性值 [title="班级:韩语课程"] 
2020-10-09 15:29:30,049 - root - INFO - 鼠标点击，元素类型 id ,属性值 btnDel 
2020-10-09 15:59:07,770 - root - INFO - 测试用例：添加学员
2020-10-09 15:59:08,522 - root - INFO - 测试用例：签约合同
2020-10-09 15:59:08,907 - root - INFO - 测试用例：签约合同
2020-10-09 15:59:09,036 - root - INFO - 测试用例：签约合同
2020-10-09 15:59:24,417 - root - INFO - 鼠标点击，元素类型 link_text ,属性值 学员管理 
2020-10-09 15:59:24,750 - root - INFO - 鼠标点击，元素类型 link_text ,属性值 添加学员 
2020-10-09 15:59:25,705 - root - INFO - 鼠标点击，元素类型 link_text ,属性值 学员管理 
2020-10-09 15:59:25,886 - root - INFO - 切换iframe，元素类型 name ,属性值 content 
2020-10-09 15:59:26,126 - root - INFO - 鼠标点击，元素类型 link_text ,属性值 批量导入学员 
2020-10-09 15:59:26,348 - root - INFO - 输入内容，元素类型 id ,属性值 txtRealName ， 输入值分分1
2020-10-09 15:59:26,414 - root - INFO - 切换iframe，元素类型 name ,属性值 content 
2020-10-09 15:59:26,561 - root - INFO - 输入内容，元素类型 id ,属性值 txtMobile ， 输入值15548757837
2020-10-09 15:59:26,568 - root - INFO - 鼠标点击，元素类型 link_text ,属性值 学员管理 
2020-10-09 15:59:26,930 - root - INFO - 鼠标点击，元素类型 link_text ,属性值 未签约学员导入模板 
2020-10-09 15:59:26,948 - root - INFO - 鼠标点击，元素类型 link_text ,属性值 学员管理 
2020-10-09 15:59:26,967 - root - INFO - 鼠标点击，元素类型 id ,属性值 divShowupload 
2020-10-09 15:59:27,081 - root - INFO - 鼠标点击，元素类型 link_text ,属性值 我的学员 
2020-10-09 15:59:27,296 - root - INFO - 鼠标点击，元素类型 id ,属性值 linkDown 
2020-10-09 15:59:27,377 - root - INFO - 鼠标点击，元素类型 link_text ,属性值 我的学员 
2020-10-09 15:59:28,024 - root - INFO - 切换iframe，元素类型 name ,属性值 content 
2020-10-09 15:59:29,079 - root - INFO - 输入内容，元素类型 id ,属性值 FileUpload1 ， 输入值C:\Users\Administrator\Desktop\import.xls
2020-10-09 15:59:29,380 - root - INFO - 切换iframe，元素类型 name ,属性值 content 
2020-10-09 15:59:30,478 - root - INFO - 鼠标点击，元素类型 id ,属性值 btnSaveNew 
2020-10-09 15:59:31,026 - root - INFO - 鼠标点击，元素类型 link_text ,属性值 签约 
2020-10-09 15:59:31,070 - root - INFO - 切换回主文档
2020-10-09 15:59:31,115 - root - INFO - 鼠标点击，元素类型 link_text ,属性值 签约 
2020-10-09 15:59:31,449 - root - INFO - 切换回主文档
2020-10-09 15:59:31,622 - root - INFO - 切换iframe，元素类型 xpath ,属性值 /html/body/div[6]/div[2]/iframe 
2020-10-09 15:59:31,655 - root - INFO - 切换iframe，元素类型 xpath ,属性值 /html/body/div[6]/div[2]/iframe 
2020-10-09 15:59:32,920 - root - INFO - 输入内容，元素类型 id ,属性值 txtEndDate ， 输入值3000-1-1
2020-10-09 15:59:33,033 - root - INFO - 输入内容，元素类型 id ,属性值 txtEndDate ， 输入值3000-1-1
2020-10-09 15:59:33,731 - root - INFO - 输入内容，元素类型 id ,属性值 txtCardNo ， 输入值wLRX
2020-10-09 15:59:33,844 - root - INFO - 输入内容，元素类型 id ,属性值 txtCardNo ， 输入值Ep0q
2020-10-09 15:59:33,971 - root - INFO - 鼠标点击，元素类型 id ,属性值 btnSave 
2020-10-09 15:59:34,049 - root - INFO - 鼠标点击，元素类型 id ,属性值 btnSave 
2020-10-09 15:59:34,663 - root - INFO - 鼠标点击，元素类型 id ,属性值 btnSave 
2020-10-09 15:59:36,028 - root - INFO - 切换回主文档
2020-10-09 15:59:36,128 - root - INFO - 测试用例：添加课程
2020-10-09 15:59:36,131 - root - INFO - 切换回主文档
2020-10-09 15:59:37,902 - root - INFO - 鼠标点击，元素类型 class_name ,属性值 close 
2020-10-09 15:59:38,006 - root - INFO - 鼠标点击，元素类型 class_name ,属性值 close 
2020-10-09 15:59:39,514 - root - INFO - 鼠标点击，元素类型 link_text ,属性值 合同管理 
2020-10-09 15:59:39,666 - root - INFO - 鼠标点击，元素类型 xpath ,属性值 //*[@id="menuNormal"]/a[3] 
2020-10-09 15:59:40,318 - root - INFO - 鼠标点击，元素类型 link_text ,属性值 合同管理 
2020-10-09 15:59:40,515 - root - INFO - 鼠标点击，元素类型 xpath ,属性值 //*[@id="menuNormal"]/a[3] 
2020-10-09 15:59:40,792 - root - INFO - 切换iframe，元素类型 name ,属性值 content 
2020-10-09 15:59:41,600 - root - INFO - 鼠标点击，元素类型 link_text ,属性值 教学管理 
2020-10-09 15:59:41,904 - root - INFO - 鼠标点击，元素类型 link_text ,属性值 课程表 
2020-10-09 15:59:42,133 - root - INFO - 切换iframe，元素类型 name ,属性值 content 
2020-10-09 15:59:42,978 - root - INFO - 鼠标点击，元素类型 id ,属性值 btnCheck 
2020-10-09 15:59:43,698 - root - INFO - 鼠标点击，元素类型 id ,属性值 btnCheck 
2020-10-09 15:59:43,997 - root - INFO - 切换iframe，元素类型 name ,属性值 content 
2020-10-09 15:59:45,760 - root - INFO - 切换回主文档
2020-10-09 15:59:46,122 - root - INFO - 切换iframe，元素类型 xpath ,属性值 /html/body/div[6]/div[2]/iframe 
2020-10-09 15:59:46,928 - root - INFO - 鼠标点击，元素类型 class_name ,属性值 bDiv 
2020-10-09 15:59:47,406 - root - INFO - 切换回主文档
2020-10-09 15:59:47,531 - root - INFO - 鼠标点击，元素类型 class_name ,属性值 close 
2020-10-09 15:59:47,578 - root - INFO - 切换iframe，元素类型 name ,属性值 content 
2020-10-09 15:59:47,748 - root - INFO - 鼠标点击，元素类型 id ,属性值 cbMsg 
2020-10-09 15:59:47,894 - root - INFO - 鼠标点击，元素类型 id ,属性值 cbWx 
2020-10-09 15:59:48,032 - root - INFO - 鼠标点击，元素类型 id ,属性值 cbWxTeacher 
2020-10-09 15:59:48,173 - root - INFO - 鼠标点击，元素类型 id ,属性值 btnAppSave 
2020-10-09 15:59:50,441 - root - INFO - 鼠标点击，元素类型 css ,属性值 [title="班级:韩语课程"] 
2020-10-09 15:59:50,531 - root - INFO - 鼠标点击，元素类型 id ,属性值 btnDel 
2020-10-09 16:01:00,740 - root - INFO - 测试用例：添加学员
2020-10-09 16:01:01,677 - root - INFO - 测试用例：签约合同
2020-10-09 16:01:02,065 - root - INFO - 测试用例：签约合同
2020-10-09 16:01:02,859 - root - INFO - 测试用例：签约合同
2020-10-09 16:01:15,818 - root - INFO - 鼠标点击，元素类型 link_text ,属性值 学员管理 
2020-10-09 16:01:16,068 - root - INFO - 鼠标点击，元素类型 link_text ,属性值 添加学员 
2020-10-09 16:01:16,755 - root - INFO - 切换iframe，元素类型 name ,属性值 content 
2020-10-09 16:01:16,901 - root - INFO - 鼠标点击，元素类型 link_text ,属性值 学员管理 
2020-10-09 16:01:17,073 - root - INFO - 输入内容，元素类型 id ,属性值 txtRealName ， 输入值分分1
2020-10-09 16:01:17,298 - root - INFO - 鼠标点击，元素类型 link_text ,属性值 我的学员 
2020-10-09 16:01:17,443 - root - INFO - 输入内容，元素类型 id ,属性值 txtMobile ， 输入值15548757837
2020-10-09 16:01:17,799 - root - INFO - 鼠标点击，元素类型 id ,属性值 divShowupload 
2020-10-09 16:01:18,099 - root - INFO - 切换iframe，元素类型 name ,属性值 content 
2020-10-09 16:01:18,295 - root - INFO - 鼠标点击，元素类型 link_text ,属性值 学员管理 
2020-10-09 16:01:18,778 - root - INFO - 鼠标点击，元素类型 link_text ,属性值 批量导入学员 
2020-10-09 16:01:19,272 - root - INFO - 切换iframe，元素类型 name ,属性值 content 
2020-10-09 16:01:19,449 - root - INFO - 鼠标点击，元素类型 link_text ,属性值 学员管理 
2020-10-09 16:01:19,723 - root - INFO - 鼠标点击，元素类型 link_text ,属性值 未签约学员导入模板 
2020-10-09 16:01:19,887 - root - INFO - 鼠标点击，元素类型 link_text ,属性值 我的学员 
2020-10-09 16:01:20,000 - root - INFO - 鼠标点击，元素类型 id ,属性值 linkDown 
2020-10-09 16:01:21,101 - root - INFO - 输入内容，元素类型 id ,属性值 FileUpload1 ， 输入值C:\Users\Administrator\Desktop\import.xls
2020-10-09 16:01:21,487 - root - INFO - 鼠标点击，元素类型 link_text ,属性值 签约 
2020-10-09 16:01:21,651 - root - INFO - 切换回主文档
2020-10-09 16:01:21,782 - root - INFO - 切换iframe，元素类型 name ,属性值 content 
2020-10-09 16:01:22,088 - root - INFO - 切换iframe，元素类型 xpath ,属性值 /html/body/div[6]/div[2]/iframe 
2020-10-09 16:01:22,552 - root - INFO - 鼠标点击，元素类型 id ,属性值 btnSaveNew 
2020-10-09 16:01:23,453 - root - INFO - 输入内容，元素类型 id ,属性值 txtEndDate ， 输入值3000-1-1
2020-10-09 16:01:24,401 - root - INFO - 输入内容，元素类型 id ,属性值 txtCardNo ， 输入值vhKr
2020-10-09 16:01:24,651 - root - INFO - 鼠标点击，元素类型 id ,属性值 btnSave 
2020-10-09 16:01:25,798 - root - INFO - 鼠标点击，元素类型 id ,属性值 btnSave 
2020-10-09 16:01:26,715 - root - INFO - 切换回主文档
2020-10-09 16:01:27,249 - root - INFO - 测试用例：添加课程
2020-10-09 16:01:28,656 - root - INFO - 鼠标点击，元素类型 class_name ,属性值 close 
2020-10-09 16:01:30,115 - root - INFO - 鼠标点击，元素类型 link_text ,属性值 合同管理 
2020-10-09 16:01:30,358 - root - INFO - 鼠标点击，元素类型 xpath ,属性值 //*[@id="menuNormal"]/a[3] 
2020-10-09 16:01:31,596 - root - INFO - 切换iframe，元素类型 name ,属性值 content 
2020-10-09 16:01:32,551 - root - INFO - 鼠标点击，元素类型 link_text ,属性值 教学管理 
2020-10-09 16:01:32,772 - root - INFO - 鼠标点击，元素类型 link_text ,属性值 课程表 
2020-10-09 16:01:32,895 - root - INFO - 鼠标点击，元素类型 id ,属性值 btnCheck 
2020-10-09 16:01:34,567 - root - INFO - 切换iframe，元素类型 name ,属性值 content 
2020-10-09 16:01:35,849 - root - INFO - 切换回主文档
2020-10-09 16:01:36,075 - root - INFO - 切换iframe，元素类型 xpath ,属性值 /html/body/div[6]/div[2]/iframe 
2020-10-09 16:01:36,548 - root - INFO - 鼠标点击，元素类型 class_name ,属性值 bDiv 
2020-10-09 16:01:36,733 - root - INFO - 切换回主文档
2020-10-09 16:01:36,824 - root - INFO - 鼠标点击，元素类型 class_name ,属性值 close 
2020-10-09 16:01:36,852 - root - INFO - 切换iframe，元素类型 name ,属性值 content 
2020-10-09 16:01:37,078 - root - INFO - 鼠标点击，元素类型 id ,属性值 cbMsg 
2020-10-09 16:01:37,174 - root - INFO - 鼠标点击，元素类型 id ,属性值 cbWx 
2020-10-09 16:01:37,272 - root - INFO - 鼠标点击，元素类型 id ,属性值 cbWxTeacher 
2020-10-09 16:01:37,366 - root - INFO - 鼠标点击，元素类型 id ,属性值 btnAppSave 
2020-10-09 16:01:39,864 - root - INFO - 鼠标点击，元素类型 css ,属性值 [title="班级:韩语课程"] 
2020-10-09 16:01:39,972 - root - INFO - 鼠标点击，元素类型 id ,属性值 btnDel 
2020-10-09 16:03:08,321 - root - INFO - 测试用例：添加学员
2020-10-09 16:03:08,394 - root - INFO - 测试用例：签约合同
2020-10-09 16:03:09,603 - root - INFO - 测试用例：签约合同
2020-10-09 16:03:09,617 - root - INFO - 测试用例：签约合同
2020-10-09 16:03:24,224 - root - INFO - 鼠标点击，元素类型 link_text ,属性值 学员管理 
2020-10-09 16:03:24,641 - root - INFO - 鼠标点击，元素类型 link_text ,属性值 我的学员 
2020-10-09 16:03:25,689 - root - INFO - 切换iframe，元素类型 name ,属性值 content 
2020-10-09 16:03:26,465 - root - INFO - 鼠标点击，元素类型 link_text ,属性值 学员管理 
2020-10-09 16:03:26,808 - root - INFO - 鼠标点击，元素类型 link_text ,属性值 我的学员 
2020-10-09 16:03:26,852 - root - INFO - 鼠标点击，元素类型 link_text ,属性值 学员管理 
2020-10-09 16:03:27,096 - root - INFO - 鼠标点击，元素类型 link_text ,属性值 学员管理 
2020-10-09 16:03:27,266 - root - INFO - 鼠标点击，元素类型 link_text ,属性值 批量导入学员 
2020-10-09 16:03:27,471 - root - INFO - 鼠标点击，元素类型 link_text ,属性值 添加学员 
2020-10-09 16:03:27,505 - root - INFO - 切换iframe，元素类型 name ,属性值 content 
2020-10-09 16:03:27,810 - root - INFO - 切换iframe，元素类型 name ,属性值 content 
2020-10-09 16:03:27,817 - root - INFO - 鼠标点击，元素类型 link_text ,属性值 签约 
2020-10-09 16:03:27,879 - root - INFO - 切换回主文档
2020-10-09 16:03:27,881 - root - INFO - 鼠标点击，元素类型 link_text ,属性值 未签约学员导入模板 
2020-10-09 16:03:28,125 - root - INFO - 切换iframe，元素类型 name ,属性值 content 
2020-10-09 16:03:28,507 - root - INFO - 鼠标点击，元素类型 id ,属性值 linkDown 
2020-10-09 16:03:28,512 - root - INFO - 切换iframe，元素类型 xpath ,属性值 /html/body/div[6]/div[2]/iframe 
2020-10-09 16:03:28,627 - root - INFO - 输入内容，元素类型 id ,属性值 txtRealName ， 输入值分分1
2020-10-09 16:03:29,245 - root - INFO - 输入内容，元素类型 id ,属性值 txtMobile ， 输入值15548757837
2020-10-09 16:03:29,491 - root - INFO - 输入内容，元素类型 id ,属性值 FileUpload1 ， 输入值C:\Users\Administrator\Desktop\import.xls
2020-10-09 16:03:29,857 - root - INFO - 鼠标点击，元素类型 id ,属性值 divShowupload 
2020-10-09 16:03:30,259 - root - INFO - 输入内容，元素类型 id ,属性值 txtEndDate ， 输入值3000-1-1
2020-10-09 16:03:31,243 - root - INFO - 鼠标点击，元素类型 link_text ,属性值 签约 
2020-10-09 16:03:31,255 - root - INFO - 鼠标点击，元素类型 id ,属性值 btnSaveNew 
2020-10-09 16:03:31,697 - root - INFO - 切换回主文档
2020-10-09 16:03:32,037 - root - INFO - 输入内容，元素类型 id ,属性值 txtCardNo ， 输入值CUkU
2020-10-09 16:03:32,111 - root - INFO - 切换iframe，元素类型 xpath ,属性值 /html/body/div[6]/div[2]/iframe 
2020-10-09 16:03:32,230 - root - INFO - 鼠标点击，元素类型 id ,属性值 btnSave 
2020-10-09 16:03:33,088 - root - INFO - 输入内容，元素类型 id ,属性值 txtEndDate ， 输入值3000-1-1
2020-10-09 16:03:33,962 - root - INFO - 输入内容，元素类型 id ,属性值 txtCardNo ， 输入值xqFr
2020-10-09 16:03:34,148 - root - INFO - 鼠标点击，元素类型 id ,属性值 btnSave 
2020-10-09 16:03:34,276 - root - INFO - 切换回主文档
2020-10-09 16:03:36,084 - root - INFO - 鼠标点击，元素类型 class_name ,属性值 close 
2020-10-09 16:03:36,213 - root - INFO - 切换回主文档
2020-10-09 16:03:37,297 - root - INFO - 鼠标点击，元素类型 link_text ,属性值 合同管理 
2020-10-09 16:03:37,469 - root - INFO - 鼠标点击，元素类型 id ,属性值 btnSave 
2020-10-09 16:03:37,557 - root - INFO - 鼠标点击，元素类型 xpath ,属性值 //*[@id="menuNormal"]/a[3] 
2020-10-09 16:03:38,286 - root - INFO - 鼠标点击，元素类型 class_name ,属性值 close 
2020-10-09 16:03:38,899 - root - INFO - 切换iframe，元素类型 name ,属性值 content 
2020-10-09 16:03:38,932 - root - INFO - 测试用例：添加课程
2020-10-09 16:03:39,646 - root - INFO - 鼠标点击，元素类型 link_text ,属性值 合同管理 
2020-10-09 16:03:39,840 - root - INFO - 鼠标点击，元素类型 xpath ,属性值 //*[@id="menuNormal"]/a[3] 
2020-10-09 16:03:40,468 - root - INFO - 鼠标点击，元素类型 id ,属性值 btnCheck 
2020-10-09 16:03:41,537 - root - INFO - 切换iframe，元素类型 name ,属性值 content 
2020-10-09 16:03:43,028 - root - INFO - 鼠标点击，元素类型 id ,属性值 btnCheck 
2020-10-09 16:03:44,798 - root - INFO - 鼠标点击，元素类型 link_text ,属性值 教学管理 
2020-10-09 16:03:44,983 - root - INFO - 鼠标点击，元素类型 link_text ,属性值 课程表 
2020-10-09 16:03:46,179 - root - INFO - 切换iframe，元素类型 name ,属性值 content 
2020-10-09 16:03:47,566 - root - INFO - 切换回主文档
2020-10-09 16:03:47,737 - root - INFO - 切换iframe，元素类型 xpath ,属性值 /html/body/div[6]/div[2]/iframe 
2020-10-09 16:03:48,217 - root - INFO - 鼠标点击，元素类型 class_name ,属性值 bDiv 
2020-10-09 16:03:48,412 - root - INFO - 切换回主文档
2020-10-09 16:03:48,494 - root - INFO - 鼠标点击，元素类型 class_name ,属性值 close 
2020-10-09 16:03:48,523 - root - INFO - 切换iframe，元素类型 name ,属性值 content 
2020-10-09 16:03:48,715 - root - INFO - 鼠标点击，元素类型 id ,属性值 cbMsg 
2020-10-09 16:03:48,825 - root - INFO - 鼠标点击，元素类型 id ,属性值 cbWx 
2020-10-09 16:03:48,913 - root - INFO - 鼠标点击，元素类型 id ,属性值 cbWxTeacher 
2020-10-09 16:03:48,997 - root - INFO - 鼠标点击，元素类型 id ,属性值 btnAppSave 
2020-10-09 16:03:51,340 - root - INFO - 鼠标点击，元素类型 css ,属性值 [title="班级:韩语课程"] 
2020-10-09 16:03:51,424 - root - INFO - 鼠标点击，元素类型 id ,属性值 btnDel 
